Log file open, 03/24/19 23:50:42
LogWindows: Failed to load 'aqProf.dll' (GetLastError=126)
LogWindows: File 'aqProf.dll' does not exist
LogWindows: Failed to load 'VtuneApi.dll' (GetLastError=126)
LogWindows: File 'VtuneApi.dll' does not exist
LogWindows: Failed to load 'VtuneApi32e.dll' (GetLastError=126)
LogWindows: File 'VtuneApi32e.dll' does not exist
LogInit: Display: Running engine for game: WhatsInTheBox
LogPlatformFile: Not using cached read wrapper
LogInit: Display: RandInit(-1724227874) SRandInit(-1724227874).
LogInit: Read version file with build ID '3944462'
LogInit: Overriding engine version to CL 4033788, compatible CL 3944462
LogInit: Registered custom module enumerator with build ID '3944462'
LogTaskGraph: Started task graph with 5 named threads and 23 total threads with 3 sets of task threads.
LogStats: Stats thread started at 0.284164
LogD3D11RHI: Aftermath initialized
LogICUInternationalization: Display: ICU TimeZone Detection - Raw Offset: +0:00, Platform Override: ''
LogModuleManager: Display: Found up-to-date module file ../../../Engine/Plugins/Runtime/ApexDestruction/Binaries/Win64/UE4Editor-ApexDestruction.dll (API version 3944462).
LogModuleManager: Display: Found up-to-date module file ../../../Engine/Plugins/Runtime/ApexDestruction/Binaries/Win64/UE4Editor-ApexDestructionEditor.dll (API version 3944462).
LogModuleManager: Display: Found up-to-date module file ../../../Engine/Plugins/2D/Paper2D/Binaries/Win64/UE4Editor-Paper2D.dll (API version 3944462).
LogModuleManager: Display: Found up-to-date module file ../../../Engine/Plugins/2D/Paper2D/Binaries/Win64/UE4Editor-Paper2DEditor.dll (API version 3944462).
LogModuleManager: Display: Found up-to-date module file ../../../Engine/Plugins/2D/Paper2D/Binaries/Win64/UE4Editor-PaperSpriteSheetImporter.dll (API version 3944462).
LogModuleManager: Display: Found up-to-date module file ../../../Engine/Plugins/2D/Paper2D/Binaries/Win64/UE4Editor-PaperTiledImporter.dll (API version 3944462).
LogModuleManager: Display: Found up-to-date module file ../../../Engine/Plugins/2D/Paper2D/Binaries/Win64/UE4Editor-SmartSnapping.dll (API version 3944462).
LogModuleManager: Display: Found up-to-date module file ../../../Engine/Plugins/Blendables/LightPropagationVolume/Binaries/Win64/UE4Editor-LightPropagationVolumeRuntime.dll (API version 3944462).
LogModuleManager: Display: Found up-to-date module file ../../../Engine/Plugins/Blendables/LightPropagationVolume/Binaries/Win64/UE4Editor-LightPropagationVolumeEditor.dll (API version 3944462).
LogModuleManager: Display: Found up-to-date module file ../../../Engine/Plugins/Developer/CLionSourceCodeAccess/Binaries/Win64/UE4Editor-CLionSourceCodeAccess.dll (API version 3944462).
LogModuleManager: Display: Found up-to-date module file ../../../Engine/Plugins/Developer/GitSourceControl/Binaries/Win64/UE4Editor-GitSourceControl.dll (API version 3944462).
LogModuleManager: Display: Found up-to-date module file ../../../Engine/Plugins/Developer/PerforceSourceControl/Binaries/Win64/UE4Editor-PerforceSourceControl.dll (API version 3944462).
LogModuleManager: Display: Found up-to-date module file ../../../Engine/Plugins/Developer/SubversionSourceControl/Binaries/Win64/UE4Editor-SubversionSourceControl.dll (API version 3944462).
LogModuleManager: Display: Found up-to-date module file ../../../Engine/Plugins/Developer/UObjectPlugin/Binaries/Win64/UE4Editor-UObjectPlugin.dll (API version 3944462).
LogModuleManager: Display: Found up-to-date module file ../../../Engine/Plugins/Developer/VisualStudioCodeSourceCodeAccess/Binaries/Win64/UE4Editor-VisualStudioCodeSourceCodeAccess.dll (API version 3944462).
LogModuleManager: Display: Found up-to-date module file ../../../Engine/Plugins/Developer/VisualStudioSourceCodeAccess/Binaries/Win64/UE4Editor-VisualStudioSourceCodeAccess.dll (API version 3944462).
LogModuleManager: Display: Found up-to-date module file ../../../Engine/Plugins/Editor/AssetManagerEditor/Binaries/Win64/UE4Editor-AssetManagerEditor.dll (API version 3944462).
LogModuleManager: Display: Found up-to-date module file ../../../Engine/Plugins/Editor/CryptoKeys/Binaries/Win64/UE4Editor-CryptoKeys.dll (API version 3944462).
LogModuleManager: Display: Found up-to-date module file ../../../Engine/Plugins/Editor/CryptoKeys/Binaries/Win64/UE4Editor-CryptoKeysOpenSSL.dll (API version 3944462).
LogModuleManager: Display: Found up-to-date module file ../../../Engine/Plugins/Editor/DataValidation/Binaries/Win64/UE4Editor-DataValidation.dll (API version 3944462).
LogModuleManager: Display: Found up-to-date module file ../../../Engine/Plugins/Editor/FacialAnimation/Binaries/Win64/UE4Editor-FacialAnimation.dll (API version 3944462).
LogModuleManager: Display: Found up-to-date module file ../../../Engine/Plugins/Editor/FacialAnimation/Binaries/Win64/UE4Editor-FacialAnimationEditor.dll (API version 3944462).
LogModuleManager: Display: Found up-to-date module file ../../../Engine/Plugins/Editor/GameplayTagsEditor/Binaries/Win64/UE4Editor-GameplayTagsEditor.dll (API version 3944462).
LogModuleManager: Display: Found up-to-date module file ../../../Engine/Plugins/Editor/MobileLauncherProfileWizard/Binaries/Win64/UE4Editor-MobileLauncherProfileWizard.dll (API version 3944462).
LogModuleManager: Display: Found up-to-date module file ../../../Engine/Plugins/Editor/PluginBrowser/Binaries/Win64/UE4Editor-PluginBrowser.dll (API version 3944462).
LogModuleManager: Display: Found up-to-date module file ../../../Engine/Plugins/Editor/SpeedTreeImporter/Binaries/Win64/UE4Editor-SpeedTreeImporter.dll (API version 3944462).
LogModuleManager: Display: Found up-to-date module file ../../../Engine/Plugins/Enterprise/DatasmithContent/Binaries/Win64/UE4Editor-DatasmithContent.dll (API version 3944462).
LogModuleManager: Display: Found up-to-date module file ../../../Engine/Plugins/Experimental/AlembicImporter/Binaries/Win64/UE4Editor-AlembicImporter.dll (API version 3944462).
LogModuleManager: Display: Found up-to-date module file ../../../Engine/Plugins/Experimental/AlembicImporter/Binaries/Win64/UE4Editor-AlembicLibrary.dll (API version 3944462).
LogModuleManager: Display: Found up-to-date module file ../../../Engine/Plugins/Experimental/CharacterAI/Binaries/Win64/UE4Editor-CharacterAI.dll (API version 3944462).
LogModuleManager: Display: Found up-to-date module file ../../../Engine/Plugins/Experimental/HTML5Networking/Binaries/Win64/UE4Editor-HTML5Networking.dll (API version 3944462).
LogModuleManager: Display: Found up-to-date module file ../../../Engine/Plugins/Media/AndroidMedia/Binaries/Win64/UE4Editor-AndroidMediaEditor.dll (API version 3944462).
LogModuleManager: Display: Found up-to-date module file ../../../Engine/Plugins/Media/AndroidMedia/Binaries/Win64/UE4Editor-AndroidMediaFactory.dll (API version 3944462).
LogModuleManager: Display: Found up-to-date module file ../../../Engine/Plugins/Media/AvfMedia/Binaries/Win64/UE4Editor-AvfMediaEditor.dll (API version 3944462).
LogModuleManager: Display: Found up-to-date module file ../../../Engine/Plugins/Media/AvfMedia/Binaries/Win64/UE4Editor-AvfMediaFactory.dll (API version 3944462).
LogModuleManager: Display: Found up-to-date module file ../../../Engine/Plugins/Media/AvfMedia/Binaries/Win64/UE4Editor-AvfMediaFactory.dll (API version 3944462).
LogModuleManager: Display: Found up-to-date module file ../../../Engine/Plugins/Media/ImgMedia/Binaries/Win64/UE4Editor-ImgMedia.dll (API version 3944462).
LogModuleManager: Display: Found up-to-date module file ../../../Engine/Plugins/Media/ImgMedia/Binaries/Win64/UE4Editor-ImgMediaEditor.dll (API version 3944462).
LogModuleManager: Display: Found up-to-date module file ../../../Engine/Plugins/Media/ImgMedia/Binaries/Win64/UE4Editor-ImgMediaFactory.dll (API version 3944462).
LogModuleManager: Display: Found up-to-date module file ../../../Engine/Plugins/Media/ImgMedia/Binaries/Win64/UE4Editor-ImgMediaFactory.dll (API version 3944462).
LogModuleManager: Display: Found up-to-date module file ../../../Engine/Plugins/Media/ImgMedia/Binaries/Win64/UE4Editor-OpenExrWrapper.dll (API version 3944462).
LogModuleManager: Display: Found up-to-date module file ../../../Engine/Plugins/Media/LinearTimecode/Binaries/Win64/UE4Editor-LinearTimecode.dll (API version 3944462).
LogModuleManager: Display: Found up-to-date module file ../../../Engine/Plugins/Media/MediaCompositing/Binaries/Win64/UE4Editor-MediaCompositing.dll (API version 3944462).
LogModuleManager: Display: Found up-to-date module file ../../../Engine/Plugins/Media/MediaCompositing/Binaries/Win64/UE4Editor-MediaCompositingEditor.dll (API version 3944462).
LogModuleManager: Display: Found up-to-date module file ../../../Engine/Plugins/Media/MediaPlayerEditor/Binaries/Win64/UE4Editor-MediaPlayerEditor.dll (API version 3944462).
LogModuleManager: Display: Found up-to-date module file ../../../Engine/Plugins/Media/WmfMedia/Binaries/Win64/UE4Editor-WmfMedia.dll (API version 3944462).
LogModuleManager: Display: Found up-to-date module file ../../../Engine/Plugins/Media/WmfMedia/Binaries/Win64/UE4Editor-WmfMediaEditor.dll (API version 3944462).
LogModuleManager: Display: Found up-to-date module file ../../../Engine/Plugins/Media/WmfMedia/Binaries/Win64/UE4Editor-WmfMediaFactory.dll (API version 3944462).
LogModuleManager: Display: Found up-to-date module file ../../../Engine/Plugins/Media/WmfMedia/Binaries/Win64/UE4Editor-WmfMediaFactory.dll (API version 3944462).
LogModuleManager: Display: Found up-to-date module file ../../../Engine/Plugins/Messaging/TcpMessaging/Binaries/Win64/UE4Editor-TcpMessaging.dll (API version 3944462).
LogModuleManager: Display: Found up-to-date module file ../../../Engine/Plugins/Messaging/UdpMessaging/Binaries/Win64/UE4Editor-UdpMessaging.dll (API version 3944462).
LogModuleManager: Display: Found up-to-date module file ../../../Engine/Plugins/MovieScene/ActorSequence/Binaries/Win64/UE4Editor-ActorSequence.dll (API version 3944462).
LogModuleManager: Display: Found up-to-date module file ../../../Engine/Plugins/MovieScene/LevelSequenceEditor/Binaries/Win64/UE4Editor-LevelSequenceEditor.dll (API version 3944462).
LogModuleManager: Display: Found up-to-date module file ../../../Engine/Plugins/MovieScene/MatineeToLevelSequence/Binaries/Win64/UE4Editor-MatineeToLevelSequence.dll (API version 3944462).
LogModuleManager: Display: Found up-to-date module file ../../../Engine/Plugins/NetcodeUnitTest/NetcodeUnitTest/Binaries/Win64/UE4Editor-NetcodeUnitTest.dll (API version 3944462).
LogModuleManager: Display: Found up-to-date module file ../../../Engine/Plugins/NetcodeUnitTest/NUTUnrealEngine4/Binaries/Win64/UE4Editor-NUTUnrealEngine4.dll (API version 3944462).
LogModuleManager: Display: Found up-to-date module file ../../../Engine/Plugins/Online/OnlineSubsystem/Binaries/Win64/UE4Editor-OnlineSubsystem.dll (API version 3944462).
LogModuleManager: Display: Found up-to-date module file ../../../Engine/Plugins/Runtime/AndroidPermission/Binaries/Win64/UE4Editor-AndroidPermission.dll (API version 3944462).
LogModuleManager: Display: Found up-to-date module file ../../../Engine/Plugins/Online/OnlineSubsystemNull/Binaries/Win64/UE4Editor-OnlineSubsystemNull.dll (API version 3944462).
LogModuleManager: Display: Found up-to-date module file ../../../Engine/Plugins/Online/OnlineSubsystemUtils/Binaries/Win64/UE4Editor-OnlineSubsystemUtils.dll (API version 3944462).
LogModuleManager: Display: Found up-to-date module file ../../../Engine/Plugins/Online/OnlineSubsystemUtils/Binaries/Win64/UE4Editor-OnlineBlueprintSupport.dll (API version 3944462).
LogModuleManager: Display: Found up-to-date module file ../../../Engine/Plugins/Runtime/AndroidDeviceProfileSelector/Binaries/Win64/UE4Editor-AndroidDeviceProfileSelector.dll (API version 3944462).
LogModuleManager: Display: Found up-to-date module file ../../../Engine/Plugins/Runtime/AppleARKit/Binaries/Win64/UE4Editor-AppleARKit.dll (API version 3944462).
LogModuleManager: Display: Found up-to-date module file ../../../Engine/Plugins/Runtime/ProceduralMeshComponent/Binaries/Win64/UE4Editor-ProceduralMeshComponent.dll (API version 3944462).
LogModuleManager: Display: Found up-to-date module file ../../../Engine/Plugins/Runtime/ProceduralMeshComponent/Binaries/Win64/UE4Editor-ProceduralMeshComponentEditor.dll (API version 3944462).
LogModuleManager: Display: Found up-to-date module file ../../../Engine/Plugins/Animation/LiveLink/Binaries/Win64/UE4Editor-LiveLink.dll (API version 3944462).
LogModuleManager: Display: Found up-to-date module file ../../../Engine/Plugins/Animation/LiveLink/Binaries/Win64/UE4Editor-LiveLinkEditor.dll (API version 3944462).
LogModuleManager: Display: Found up-to-date module file ../../../Engine/Plugins/Runtime/ArchVisCharacter/Binaries/Win64/UE4Editor-ArchVisCharacter.dll (API version 3944462).
LogModuleManager: Display: Found up-to-date module file ../../../Engine/Plugins/Runtime/AudioCapture/Binaries/Win64/UE4Editor-AudioCapture.dll (API version 3944462).
LogModuleManager: Display: Found up-to-date module file ../../../Engine/Plugins/Runtime/AudioCapture/Binaries/Win64/UE4Editor-AudioCaptureEditor.dll (API version 3944462).
LogModuleManager: Display: Found up-to-date module file ../../../Engine/Plugins/Runtime/CableComponent/Binaries/Win64/UE4Editor-CableComponent.dll (API version 3944462).
LogModuleManager: Display: Found up-to-date module file ../../../Engine/Plugins/Runtime/CustomMeshComponent/Binaries/Win64/UE4Editor-CustomMeshComponent.dll (API version 3944462).
LogModuleManager: Display: Found up-to-date module file ../../../Engine/Plugins/Runtime/ExampleDeviceProfileSelector/Binaries/Win64/UE4Editor-ExampleDeviceProfileSelector.dll (API version 3944462).
LogModuleManager: Display: Found up-to-date module file ../../../Engine/Plugins/Runtime/ImmediatePhysics/Binaries/Win64/UE4Editor-ImmediatePhysics.dll (API version 3944462).
LogModuleManager: Display: Found up-to-date module file ../../../Engine/Plugins/Runtime/ImmediatePhysics/Binaries/Win64/UE4Editor-ImmediatePhysicsEditor.dll (API version 3944462).
LogModuleManager: Display: Found up-to-date module file ../../../Engine/Plugins/Runtime/LocationServicesBPLibrary/Binaries/Win64/UE4Editor-LocationServicesBPLibrary.dll (API version 3944462).
LogModuleManager: Display: Found up-to-date module file ../../../Engine/Plugins/Runtime/MobilePatchingUtils/Binaries/Win64/UE4Editor-MobilePatchingUtils.dll (API version 3944462).
LogModuleManager: Display: Found up-to-date module file ../../../Engine/Plugins/Runtime/Oculus/OculusVR/Binaries/Win64/UE4Editor-OculusHMD.dll (API version 3944462).
LogModuleManager: Display: Found up-to-date module file ../../../Engine/Plugins/Runtime/Oculus/OculusVR/Binaries/Win64/UE4Editor-OculusInput.dll (API version 3944462).
LogModuleManager: Display: Found up-to-date module file ../../../Engine/Plugins/Runtime/Oculus/OculusVR/Binaries/Win64/UE4Editor-OculusEditor.dll (API version 3944462).
LogModuleManager: Display: Found up-to-date module file ../../../Engine/Plugins/Runtime/PhysXVehicles/Binaries/Win64/UE4Editor-PhysXVehicles.dll (API version 3944462).
LogModuleManager: Display: Found up-to-date module file ../../../Engine/Plugins/Runtime/PhysXVehicles/Binaries/Win64/UE4Editor-PhysXVehiclesEditor.dll (API version 3944462).
LogModuleManager: Display: Found up-to-date module file ../../../Engine/Plugins/Runtime/RuntimePhysXCooking/Binaries/Win64/UE4Editor-RuntimePhysXCooking.dll (API version 3944462).
LogModuleManager: Display: Found up-to-date module file ../../../Engine/Plugins/Runtime/Steam/SteamVR/Binaries/Win64/UE4Editor-SteamVR.dll (API version 3944462).
LogModuleManager: Display: Found up-to-date module file ../../../Engine/Plugins/Runtime/Steam/SteamVR/Binaries/Win64/UE4Editor-SteamVRController.dll (API version 3944462).
LogModuleManager: Display: Found up-to-date module file ../../../Engine/Plugins/Runtime/WindowsMoviePlayer/Binaries/Win64/UE4Editor-WindowsMoviePlayer.dll (API version 3944462).
LogPluginManager: Mounting plugin Paper2D
LogPluginManager: Mounting plugin LiveLink
LogPluginManager: Mounting plugin LightPropagationVolume
LogPluginManager: Mounting plugin CLionSourceCodeAccess
LogPluginManager: Mounting plugin CodeLiteSourceCodeAccess
LogPluginManager: Mounting plugin GitSourceControl
LogPluginManager: Mounting plugin KDevelopSourceCodeAccess
LogPluginManager: Mounting plugin NullSourceCodeAccess
LogPluginManager: Mounting plugin PerforceSourceControl
LogPluginManager: Mounting plugin SubversionSourceControl
LogPluginManager: Mounting plugin UObjectPlugin
LogPluginManager: Mounting plugin VisualStudioCodeSourceCodeAccess
LogPluginManager: Mounting plugin VisualStudioSourceCodeAccess
LogPluginManager: Mounting plugin XCodeSourceCodeAccess
LogPluginManager: Mounting plugin AssetManagerEditor
LogPluginManager: Mounting plugin CryptoKeys
LogPluginManager: Mounting plugin DataValidation
LogPluginManager: Mounting plugin FacialAnimation
LogPluginManager: Mounting plugin GameplayTagsEditor
LogPluginManager: Mounting plugin MobileLauncherProfileWizard
LogPluginManager: Mounting plugin PluginBrowser
LogPluginManager: Mounting plugin SpeedTreeImporter
LogPluginManager: Mounting plugin DatasmithContent
LogPluginManager: Mounting plugin AlembicImporter
LogPluginManager: Mounting plugin CharacterAI
LogPluginManager: Mounting plugin HTML5Networking
LogPluginManager: Mounting plugin AndroidMedia
LogPluginManager: Mounting plugin AvfMedia
LogPluginManager: Mounting plugin ImgMedia
LogPluginManager: Mounting plugin LinearTimecode
LogPluginManager: Mounting plugin MediaCompositing
LogPluginManager: Mounting plugin MediaPlayerEditor
LogPluginManager: Mounting plugin WmfMedia
LogPluginManager: Mounting plugin TcpMessaging
LogPluginManager: Mounting plugin UdpMessaging
LogPluginManager: Mounting plugin ActorSequence
LogPluginManager: Mounting plugin LevelSequenceEditor
LogPluginManager: Mounting plugin MatineeToLevelSequence
LogPluginManager: Mounting plugin NetcodeUnitTest
LogPluginManager: Mounting plugin NUTUnrealEngine4
LogPluginManager: Mounting plugin OnlineSubsystemGooglePlay
LogPluginManager: Mounting plugin OnlineSubsystemIOS
LogPluginManager: Mounting plugin OnlineSubsystem
LogPluginManager: Mounting plugin OnlineSubsystemNull
LogPluginManager: Mounting plugin OnlineSubsystemUtils
LogPluginManager: Mounting plugin AndroidDeviceProfileSelector
LogPluginManager: Mounting plugin AndroidMoviePlayer
LogPluginManager: Mounting plugin AndroidPermission
LogPluginManager: Mounting plugin ApexDestruction
LogPluginManager: Mounting plugin AppleARKit
LogPluginManager: Mounting plugin AppleMoviePlayer
LogPluginManager: Mounting plugin ArchVisCharacter
LogPluginManager: Mounting plugin AudioCapture
LogPluginManager: Mounting plugin CableComponent
LogPluginManager: Mounting plugin CustomMeshComponent
LogPluginManager: Mounting plugin ExampleDeviceProfileSelector
LogPluginManager: Mounting plugin GoogleCloudMessaging
LogPluginManager: Mounting plugin ImmediatePhysics
LogPluginManager: Mounting plugin IOSDeviceProfileSelector
LogPluginManager: Mounting plugin LinuxDeviceProfileSelector
LogPluginManager: Mounting plugin LocationServicesBPLibrary
LogPluginManager: Mounting plugin MobilePatchingUtils
LogPluginManager: Mounting plugin OculusVR
LogPluginManager: Plugin shader directory ../../../Engine/Plugins/Runtime/Oculus/OculusVR/Shaders found
LogPluginManager: Mapping shader source directory ../../../Engine/Plugins/Runtime/Oculus/OculusVR/Shaders to virtual directory /Plugin/OculusVR
LogPluginManager: Mounting plugin PhysXVehicles
LogPluginManager: Mounting plugin ProceduralMeshComponent
LogPluginManager: Mounting plugin RuntimePhysXCooking
LogPluginManager: Mounting plugin SteamVR
LogPluginManager: Mounting plugin WindowsMoviePlayer
LogStreaming: Display: Took  1.092s to configure plugins.
LogInit: Using libcurl 7.47.1
LogInit:  - built for x86_64-pc-win32
LogInit:  - supports SSL with OpenSSL/1.0.2g
LogInit:  - supports HTTP deflate (compression) using libz 1.2.8
LogInit:  - other features:
LogInit:      CURL_VERSION_SSL
LogInit:      CURL_VERSION_LIBZ
LogInit:      CURL_VERSION_IPV6
LogInit:      CURL_VERSION_ASYNCHDNS
LogInit:      CURL_VERSION_LARGEFILE
LogInit:      CURL_VERSION_IDN
LogInit:  CurlRequestOptions (configurable via config and command line):
LogInit:  - bVerifyPeer = false  - Libcurl will NOT verify peer certificate
LogInit:  - bUseHttpProxy = false  - Libcurl will NOT use HTTP proxy
LogInit:  - bDontReuseConnections = false  - Libcurl will reuse connections
LogInit:  - CertBundlePath = nullptr  - Libcurl will use whatever was configured at build time.
LogInit:  - MaxHostConnections = 16  - Libcurl will limit the number of connections to a host
LogInit:  - LocalHostAddr = Default
LogInit: WinSock: version 1.1 (2.2), MaxSocks=32767, MaxUdp=65467
LogInit: WinSock: I am Corsair-Gaming-Beast (192.168.56.1:0)
LogInit: Build: ++UE4+Release-4.19-CL-4033788
LogInit: Engine Version: 4.19.2-4033788+++UE4+Release-4.19
LogInit: Compatible Engine Version: 4.19.0-3944462+++UE4+Release-4.19
LogInit: Net CL: 3944462
LogDevObjectVersion: Number of dev versions registered: 18
LogDevObjectVersion:   Dev-Blueprints (B0D832E4-1F89-4F0D-ACCF-7EB736FD4AA2): 10
LogDevObjectVersion:   Dev-Build (E1C64328-A22C-4D53-A36C-8E866417BD8C): 0
LogDevObjectVersion:   Dev-Core (375EC13C-06E4-48FB-B500-84F0262A717E): 2
LogDevObjectVersion:   Dev-Editor (E4B068ED-F494-42E9-A231-DA0B2E46BB41): 23
LogDevObjectVersion:   Dev-Framework (CFFC743F-43B0-4480-9391-14DF171D2073): 33
LogDevObjectVersion:   Dev-Mobile (B02B49B5-BB20-44E9-A304-32B752E40360): 2
LogDevObjectVersion:   Dev-Networking (A4E4105C-59A1-49B5-A7C5-40C4547EDFEE): 0
LogDevObjectVersion:   Dev-Online (39C831C9-5AE6-47DC-9A44-9C173E1C8E7C): 0
LogDevObjectVersion:   Dev-Physics (78F01B33-EBEA-4F98-B9B4-84EACCB95AA2): 0
LogDevObjectVersion:   Dev-Platform (6631380F-2D4D-43E0-8009-CF276956A95A): 0
LogDevObjectVersion:   Dev-Rendering (12F88B9F-8875-4AFC-A67C-D90C383ABD29): 25
LogDevObjectVersion:   Dev-Sequencer (7B5AE74C-D270-4C10-A958-57980B212A5A): 6
LogDevObjectVersion:   Dev-VR (D7296918-1DD6-4BDD-9DE2-64A83CC13884): 1
LogDevObjectVersion:   Dev-LoadTimes (C2A15278-BFE7-4AFE-6C17-90FF531DF755): 1
LogDevObjectVersion:   Private-Geometry (6EACA3D4-40EC-4CC1-B786-8BED09428FC5): 2
LogDevObjectVersion:   Dev-AnimPhys (29E575DD-E0A3-4627-9D10-D276232CDCEA): 16
LogDevObjectVersion:   Dev-ReflectionCapture (6B266CEC-1EC7-4B8F-A30B-E4D90942FC07): 1
LogDevObjectVersion:   Dev-Automation (0DF73D61-A23F-47EA-B727-89E90C41499A): 1
LogInit: Compiled (64-bit): Apr 27 2018 02:06:57
LogInit: Compiled with Visual C++: 19.00.24215.01
LogInit: Build Configuration: Development
LogInit: Branch Name: ++UE4+Release-4.19
LogInit: Command Line:  
LogInit: Base Directory: D:/Unreal/UE_4.19/Engine/Binaries/Win64/
LogInit: Installed Engine Build: 1
LogStreaming: Display: Took  0.000s to delete old logs.
LogInit: Presizing for max 8388607 objects, including 0 objects not considered by GC, pre-allocating 0 bytes for permanent pool.
LogInit: Object subsystem initialized
[2019.03.24-23.50.43:589][  0]LogInit: Selected Device Profile: [Windows]
[2019.03.24-23.50.43:589][  0]LogInit: Applying CVar settings loaded from the selected device profile: [Windows]
[2019.03.24-23.50.43:604][  0]LogInit: Computer: CORSAIR-GAMING-
[2019.03.24-23.50.43:604][  0]LogInit: User: James
[2019.03.24-23.50.43:604][  0]LogInit: CPU Page size=4096, Cores=4
[2019.03.24-23.50.43:604][  0]LogInit: High frequency timer resolution =3.417965 MHz
[2019.03.24-23.50.43:604][  0]LogMemory: Memory total: Physical=15.9GB (16GB approx)
[2019.03.24-23.50.43:604][  0]LogMemory: Platform Memory Stats for Windows
[2019.03.24-23.50.43:604][  0]LogMemory: Process Physical Memory: 275.43 MB used, 275.43 MB peak
[2019.03.24-23.50.43:604][  0]LogMemory: Process Virtual Memory: 272.75 MB used, 272.75 MB peak
[2019.03.24-23.50.43:604][  0]LogMemory: Physical Memory: 5614.20 MB used,  10707.14 MB free, 16321.33 MB total
[2019.03.24-23.50.43:604][  0]LogMemory: Virtual Memory: 4803.57 MB used,  10707.14 MB free, 134217728.00 MB total
[2019.03.24-23.50.43:629][  0]LogInit: Using OS detected language (en-GB).
[2019.03.24-23.50.43:629][  0]LogInit: Using OS detected locale (en-GB).
[2019.03.24-23.50.43:632][  0]LogTextLocalizationManager: No specific localization for 'en-GB' exists, so the 'en' localization will be used.
[2019.03.24-23.50.44:055][  0]LogStreaming: Display: Took  0.425s to EndInitTextLocalization.
[2019.03.24-23.50.44:055][  0]LogInit: Setting process to per monitor DPI aware
[2019.03.24-23.50.44:080][  0]LogSlate: New Slate User Created.  User Index 0, Is Virtual User: 0
[2019.03.24-23.50.44:080][  0]LogSlate: Slate User Registered.  User Index 0, Is Virtual User: 0
[2019.03.24-23.50.44:273][  0]LogD3D11RHI: D3D11 adapters:
[2019.03.24-23.50.44:343][  0]LogD3D11RHI:    0. 'NVIDIA GeForce GTX 1050 Ti' (Feature Level 11_0)
[2019.03.24-23.50.44:343][  0]LogD3D11RHI:       4018/0/8160 MB DedicatedVideo/DedicatedSystem/SharedSystem, Outputs:1, VendorId:0x10de
[2019.03.24-23.50.44:345][  0]LogD3D11RHI:    1. 'Microsoft Basic Render Driver' (Feature Level 11_0)
[2019.03.24-23.50.44:345][  0]LogD3D11RHI:       0/0/8160 MB DedicatedVideo/DedicatedSystem/SharedSystem, Outputs:0, VendorId:0x1414
[2019.03.24-23.50.44:346][  0]LogD3D11RHI: Chosen D3D11 Adapter: 0
[2019.03.24-23.50.44:353][  0]LogD3D11RHI: Creating new Direct3DDevice
[2019.03.24-23.50.44:353][  0]LogD3D11RHI:     GPU DeviceId: 0x1c82 (for the marketing name, search the web for "GPU Device Id")
[2019.03.24-23.50.44:353][  0]LogWindows: EnumDisplayDevices:
[2019.03.24-23.50.44:353][  0]LogWindows:    0. 'NVIDIA GeForce GTX 1050 Ti' (P:1 D:1)
[2019.03.24-23.50.44:354][  0]LogWindows:    1. 'NVIDIA GeForce GTX 1050 Ti' (P:0 D:0)
[2019.03.24-23.50.44:354][  0]LogWindows:    2. 'NVIDIA GeForce GTX 1050 Ti' (P:0 D:0)
[2019.03.24-23.50.44:354][  0]LogWindows:    3. 'NVIDIA GeForce GTX 1050 Ti' (P:0 D:0)
[2019.03.24-23.50.44:354][  0]LogWindows: DebugString: GetVideoDriverDetailsInvalid PrimaryIsNotTheChoosenAdapter GetVideoDriverDetailsInvalid PrimaryIsNotTheChoosenAdapter GetVideoDriverDetailsInvalid PrimaryIsNotTheChoosenAdapter GetVideoDriverDetailsInvalid PrimaryIsNotTheChoosenAdapter FoundDriverCount:0 
[2019.03.24-23.50.44:354][  0]LogD3D11RHI:     Adapter Name: NVIDIA GeForce GTX 1050 Ti
[2019.03.24-23.50.44:354][  0]LogD3D11RHI:   Driver Version: Unknown (internal:Unknown, unified:Unknown)
[2019.03.24-23.50.44:354][  0]LogD3D11RHI:      Driver Date: Unknown
[2019.03.24-23.50.44:354][  0]LogRHI: Texture pool is 2812 MB (70% of 4018 MB)
[2019.03.24-23.50.44:402][  0]LogD3D11RHI: [Aftermath] Aftermath enabled and primed
[2019.03.24-23.50.44:402][  0]LogD3D11RHI: [Aftermath] Aftermath enabled and primed
[2019.03.24-23.50.44:402][  0]LogD3D11RHI: Async texture creation enabled
[2019.03.24-23.50.44:421][  0]LogD3D11RHI: GPU Timing Frequency: 1000.000000 (Debug: 2 2)
[2019.03.24-23.50.44:471][  0]LogShaderCompilers: Guid format shader working directory is 18 characters bigger than the processId version (J:/1.This one/WhatsInTheBox/Intermediate/Shaders/WorkingDirectory/14072/).
[2019.03.24-23.50.44:471][  0]LogShaderCompilers: Cleaned the shader compiler working directory 'C:/Users/James/AppData/Local/Temp/UnrealShaderWorkingDir/DD3860FF4E3B20AC1FF2AEA700F5D528/'.
[2019.03.24-23.50.44:676][  0]LogTemp: Display: Loaded TP AllDesktopTargetPlatform
[2019.03.24-23.50.44:688][  0]LogTemp: Display: Loaded TP MacClientTargetPlatform
[2019.03.24-23.50.44:700][  0]LogTemp: Display: Loaded TP MacNoEditorTargetPlatform
[2019.03.24-23.50.44:713][  0]LogTemp: Display: Loaded TP MacServerTargetPlatform
[2019.03.24-23.50.44:725][  0]LogTemp: Display: Loaded TP MacTargetPlatform
[2019.03.24-23.50.44:738][  0]LogTemp: Display: Loaded TP WindowsClientTargetPlatform
[2019.03.24-23.50.44:750][  0]LogTemp: Display: Loaded TP WindowsNoEditorTargetPlatform
[2019.03.24-23.50.44:762][  0]LogTemp: Display: Loaded TP WindowsServerTargetPlatform
[2019.03.24-23.50.44:768][  0]LogTemp: Display: Loaded TP WindowsTargetPlatform
[2019.03.24-23.50.44:778][  0]LogTemp: Display: Loaded TP Android_ASTCTargetPlatform
[2019.03.24-23.50.44:789][  0]LogTemp: Display: Loaded TP Android_ATCTargetPlatform
[2019.03.24-23.50.44:800][  0]LogTemp: Display: Loaded TP Android_DXTTargetPlatform
[2019.03.24-23.50.44:811][  0]LogTemp: Display: Loaded TP Android_ETC1aTargetPlatform
[2019.03.24-23.50.44:823][  0]LogTemp: Display: Loaded TP Android_ETC1TargetPlatform
[2019.03.24-23.50.44:834][  0]LogTemp: Display: Loaded TP Android_ETC2TargetPlatform
[2019.03.24-23.50.44:855][  0]LogTemp: Display: Loaded TP Android_MultiTargetPlatform
[2019.03.24-23.50.44:855][  0]LogTemp: Display: Loaded TP Android_PVRTCTargetPlatform
[2019.03.24-23.50.44:867][  0]LogTemp: Display: Loaded TP AndroidTargetPlatform
[2019.03.24-23.50.44:868][  0]LogTemp: Display: Loaded TP HTML5TargetPlatform
[2019.03.24-23.50.44:904][  0]LogTemp: Display: Loaded TP IOSTargetPlatform
[2019.03.24-23.50.44:915][  0]LogTemp: Display: Loaded TP TVOSTargetPlatform
[2019.03.24-23.50.44:926][  0]LogTemp: Display: Loaded TP LinuxClientTargetPlatform
[2019.03.24-23.50.44:937][  0]LogTemp: Display: Loaded TP LinuxNoEditorTargetPlatform
[2019.03.24-23.50.44:948][  0]LogTemp: Display: Loaded TP LinuxServerTargetPlatform
[2019.03.24-23.50.44:959][  0]LogTemp: Display: Loaded TP LinuxTargetPlatform
[2019.03.24-23.50.44:960][  0]LogTargetPlatformManager: Display: Building Assets For Windows
[2019.03.24-23.50.45:068][  0]LogXGEController: Cannot use XGE Controller as Incredibuild is not installed on this machine.
[2019.03.24-23.50.45:068][  0]LogShaderCompilers: Cannot use XGE Shader Compiler as Incredibuild is not installed on this machine.
[2019.03.24-23.50.45:068][  0]LogShaderCompilers: Display: Using Local Shader Compiler.
[2019.03.24-23.50.45:770][  0]LogDerivedDataCache: Display: Max Cache Size: 512 MB
[2019.03.24-23.50.45:866][  0]LogDerivedDataCache: Loaded boot cache 0.10s 74MB C:/Users/James/AppData/Local/UnrealEngine/4.19/DerivedDataCache/Boot.ddc.
[2019.03.24-23.50.45:866][  0]LogDerivedDataCache: Display: Loaded Boot cache: C:/Users/James/AppData/Local/UnrealEngine/4.19/DerivedDataCache/Boot.ddc
[2019.03.24-23.50.45:866][  0]LogDerivedDataCache: FDerivedDataBackendGraph:  Pak pak cache file J:/1.This one/WhatsInTheBox/DerivedDataCache/DDC.ddp not found, will not use a pak cache.
[2019.03.24-23.50.45:866][  0]LogDerivedDataCache: Unable to find inner node Pak for hierarchical cache Hierarchy.
[2019.03.24-23.50.45:866][  0]LogDerivedDataCache: FDerivedDataBackendGraph:  CompressedPak pak cache file J:/1.This one/WhatsInTheBox/DerivedDataCache/Compressed.ddp not found, will not use a pak cache.
[2019.03.24-23.50.45:866][  0]LogDerivedDataCache: Unable to find inner node CompressedPak for hierarchical cache Hierarchy.
[2019.03.24-23.50.45:883][  0]LogDerivedDataCache: Display: Pak cache opened for reading ../../../Engine/DerivedDataCache/Compressed.ddp.
[2019.03.24-23.50.45:896][  0]LogDerivedDataCache: Using Local data cache path C:/Users/James/AppData/Local/UnrealEngine/Common/DerivedDataCache: Writable
[2019.03.24-23.50.45:896][  0]LogDerivedDataCache: Shared data cache path not found in *engine.ini, will not use an Shared cache.
[2019.03.24-23.50.45:896][  0]LogDerivedDataCache: Unable to find inner node Shared for hierarchical cache Hierarchy.
[2019.03.24-23.50.45:907][  0]LogMaterial: Verifying Global Shaders for PCD3D_SM5
[2019.03.24-23.50.45:908][  0]LogSlate: Using Freetype 2.6.0
[2019.03.24-23.50.45:908][  0]LogSlate: SlateFontCache - WITH_FREETYPE: 1, WITH_HARFBUZZ: 1
[2019.03.24-23.50.45:908][  0]LogSlate: SlateFontCache - WITH_FREETYPE: 1, WITH_HARFBUZZ: 1
[2019.03.24-23.50.46:031][  0]LogAssetRegistry: FAssetRegistry took 0.0258 seconds to start up
[2019.03.24-23.50.46:328][  0]LogInit: Selected Device Profile: [Windows]
[2019.03.24-23.50.46:468][  0]LogSimplygon: Simplygon DLL not present - disabling.
[2019.03.24-23.50.46:471][  0]LogMeshReduction: Using SimplygonSwarm for distributed automatic mesh merging
[2019.03.24-23.50.46:471][  0]LogMeshReduction: Using QuadricMeshReduction for automatic static mesh reduction
[2019.03.24-23.50.46:471][  0]LogMeshReduction: No automatic skeletal mesh reduction module available
[2019.03.24-23.50.46:471][  0]LogMeshReduction: No automatic mesh merging module available
[2019.03.24-23.50.46:471][  0]LogMeshMerging: No automatic mesh merging module available
[2019.03.24-23.50.46:501][  0]LogNetVersion: WhatsInTheBox , NetCL: 3944462, EngineNetVer: 2, GameNetVer: 0 (Checksum: 882486456)
[2019.03.24-23.50.46:936][  0]LogPackageLocalizationCache: Processed 9 localized package path(s) for 2 prioritized culture(s) in 0.076218 seconds
[2019.03.24-23.50.46:942][  0]LogUObjectArray: 36728 objects as part of root set at end of initial load.
[2019.03.24-23.50.46:942][  0]LogUObjectAllocator: 7314312 out of 0 bytes used by permanent object pool.
[2019.03.24-23.50.46:942][  0]LogUObjectArray: CloseDisregardForGC: 0/0 objects in disregard for GC pool
[2019.03.24-23.50.48:595][  0]LogTcpMessaging: Initializing TcpMessaging bridge
[2019.03.24-23.50.48:624][  0]LogUdpMessaging: Initializing bridge on interface 0.0.0.0:0 to multicast group 230.0.0.1:6666.
[2019.03.24-23.50.48:998][  0]SourceControl: Source control is disabled
[2019.03.24-23.50.48:998][  0]SourceControl: Source control is disabled
[2019.03.24-23.50.49:015][  0]SourceControl: Source control is disabled
[2019.03.24-23.50.49:031][  0]SourceControl: Source control is disabled
[2019.03.24-23.50.49:490][  0]LogAndroidPermission: UAndroidPermissionCallbackProxy::GetInstance
[2019.03.24-23.50.49:707][  0]LogOcInput: OculusInput pre-init called
[2019.03.24-23.50.49:808][  0]LogEngine: Initializing Engine...
[2019.03.24-23.50.49:810][  0]LogHMD: Failed to initialize OpenVR with code 110
[2019.03.24-23.50.49:811][  0]LogStats: UGameplayTagsManager::ConstructGameplayTagTree: Construct from data asset -  0.000 s
[2019.03.24-23.50.49:811][  0]LogStats: UGameplayTagsManager::ConstructGameplayTagTree: GameplayTagTreeChangedEvent.Broadcast -  0.000 s
[2019.03.24-23.50.50:011][  0]LogAIModule: Creating AISystem for world Untitled
[2019.03.24-23.50.50:147][  0]LogInit: XAudio2 using 'Headphones (High Definition Audio Device)' : 2 channels at 44.1 kHz using 16 bits per sample (channel mask 0x3)
[2019.03.24-23.50.50:163][  0]LogInit: FAudioDevice initialized.
[2019.03.24-23.50.50:313][  0]LogDerivedDataCache: Saved boot cache 0.15s 74MB C:/Users/James/AppData/Local/UnrealEngine/4.19/DerivedDataCache/Boot.ddc.
[2019.03.24-23.50.50:319][  0]LogInit: Texture streaming: Enabled
[2019.03.24-23.50.50:334][  0]LogEngineSessionManager: EngineSessionManager initialized
[2019.03.24-23.50.50:347][  0]LogInit: Transaction tracking system initialized
[2019.03.24-23.50.50:368][  0]BlueprintLog: New page: Editor Load
[2019.03.24-23.50.50:450][  0]LocalizationService: Localization service is disabled
[2019.03.24-23.50.50:543][  0]LogUObjectGlobals: Created PersistentFrame Addr=0x0000020c33fb1960, Size=88, Default__Landscape_Sculpt_Mode_C Function /Engine/Tutorial/Landscape/Landscape_Sculpt_Mode.Landscape_Sculpt_Mode_C:ExecuteUbergraph_Landscape_Sculpt_Mode
[2019.03.24-23.50.50:546][  0]LogUObjectGlobals: Destroyed PersistentFrame Addr=0x0000020c33fb1960, Size=88
[2019.03.24-23.50.50:546][  0]LogUObjectGlobals: Created PersistentFrame Addr=0x0000020c33fb1960, Size=88, Default__Landscape_Sculpt_Mode_C Function /Engine/Transient.REINST_Landscape_Sculpt_Mode_C_3:ExecuteUbergraph_Landscape_Sculpt_Mode
[2019.03.24-23.50.50:548][  0]LogUObjectGlobals: Created PersistentFrame Addr=0x0000020c3465f420, Size=80, Default__Landscape_Sculpt_Mode_C Function /Engine/Tutorial/Landscape/Landscape_Sculpt_Mode.Landscape_Sculpt_Mode_C:ExecuteUbergraph_Landscape_Sculpt_Mode
[2019.03.24-23.50.50:602][  0]LogConsoleResponse: Display: 
[2019.03.24-23.50.50:740][  0]LogCook: Display: Max memory allowance for cook 16384mb min free memory 0mb
[2019.03.24-23.50.50:740][  0]LogCook: Display: Mobile HDR setting 1
[2019.03.24-23.50.50:740][  0]LogGameplayTags: Display: UGameplayTagsManager::DoneAddingNativeTags. DelegateIsBound: 0
[2019.03.24-23.50.50:740][  0]LogStats: UGameplayTagsManager::ConstructGameplayTagTree: Construct from data asset -  0.000 s
[2019.03.24-23.50.50:740][  0]LogStats: UGameplayTagsManager::ConstructGameplayTagTree: GameplayTagTreeChangedEvent.Broadcast -  0.000 s
[2019.03.24-23.50.50:766][  0]LogFileCache: Scanning file cache for directory 'J:/1.This one/WhatsInTheBox/Content/' took 0.02s
[2019.03.24-23.50.51:079][  0]SourceControl: Source control is disabled
[2019.03.24-23.50.51:079][  0]Cmd: MAP LOAD FILE="J:/1.This one/WhatsInTheBox/Content/Levels/MenuGame.umap" TEMPLATE=0 SHOWPROGRESS=1 FEATURELEVEL=3
[2019.03.24-23.50.51:080][  0]LightingResults: New page: Lighting Build
[2019.03.24-23.50.51:082][  0]MapCheck: New page: Map Check
[2019.03.24-23.50.51:082][  0]LightingResults: New page: Lighting Build
[2019.03.24-23.50.51:091][  0]LogUObjectGlobals: Destroyed PersistentFrame Addr=0x0000020c33fb1960, Size=88
[2019.03.24-23.50.51:120][  0]LogUObjectGlobals: Created PersistentFrame Addr=0x0000020c34403790, Size=4, Default__Start_C Function /Game/Menus/Widgets/Start.Start_C:ExecuteUbergraph_Start
[2019.03.24-23.50.51:122][  0]LogUObjectGlobals: Destroyed PersistentFrame Addr=0x0000020c34403790, Size=4
[2019.03.24-23.50.51:122][  0]LogUObjectGlobals: Created PersistentFrame Addr=0x0000020c34403790, Size=4, Default__Start_C Function /Engine/Transient.REINST_Start_C_0:ExecuteUbergraph_Start
[2019.03.24-23.50.51:123][  0]LogUObjectGlobals: Created PersistentFrame Addr=0x0000020c34403870, Size=4, Default__Start_C Function /Game/Menus/Widgets/Start.Start_C:ExecuteUbergraph_Start
[2019.03.24-23.50.51:128][  0]LogUObjectGlobals: Created PersistentFrame Addr=0x0000020c32ff79d0, Size=24, Default__MenuGame_C Function /Game/Levels/MenuGame.MenuGame_C:ExecuteUbergraph_MenuGame
[2019.03.24-23.50.51:131][  0]LogUObjectGlobals: Destroyed PersistentFrame Addr=0x0000020c32ff79d0, Size=24
[2019.03.24-23.50.51:131][  0]LogUObjectGlobals: Created PersistentFrame Addr=0x0000020c32ff79d0, Size=24, Default__MenuGame_C Function /Engine/Transient.REINST_MenuGame_C_6:ExecuteUbergraph_MenuGame
[2019.03.24-23.50.51:133][  0]LogUObjectGlobals: Created PersistentFrame Addr=0x0000020c32ff6fb0, Size=24, Default__MenuGame_C Function /Game/Levels/MenuGame.MenuGame_C:ExecuteUbergraph_MenuGame
[2019.03.24-23.50.51:180][  0]LogAIModule: Creating AISystem for world MenuGame
[2019.03.24-23.50.51:185][  0]LogEditorServer: Finished looking for orphan Actors (0.000 secs)
[2019.03.24-23.50.51:194][  0]LogUObjectGlobals: Destroyed PersistentFrame Addr=0x0000020c34403790, Size=4
[2019.03.24-23.50.51:194][  0]LogUObjectGlobals: Destroyed PersistentFrame Addr=0x0000020c32ff79d0, Size=24
[2019.03.24-23.50.51:194][  0]Cmd: MAP CHECKDEP NOCLEARLOG
[2019.03.24-23.50.51:241][  0]MapCheck: Map check complete: 0 Error(s), 0 Warning(s), took 46.795ms to complete.
[2019.03.24-23.50.51:241][  0]LogFileHelpers: Loading map 'MenuGame' took 0.163
[2019.03.24-23.50.51:429][  0]LogCollectionManager: Loaded 0 collections in 0.001511 seconds
[2019.03.24-23.50.51:468][  0]LogFileCache: Scanning file cache for directory 'J:/1.This one/WhatsInTheBox/Saved/Collections/' took 0.01s
[2019.03.24-23.50.51:468][  0]LogFileCache: Scanning file cache for directory 'J:/1.This one/WhatsInTheBox/Content/Developers/James/Collections/' took 0.01s
[2019.03.24-23.50.51:468][  0]LogFileCache: Scanning file cache for directory 'J:/1.This one/WhatsInTheBox/Content/Collections/' took 0.01s
[2019.03.24-23.50.51:468][  0]LogCollectionManager: Rebuilt the GUID cache for 0 collections in 0.000000 seconds
[2019.03.24-23.50.51:477][  0]LogContentBrowser: Native class hierarchy populated in 0.0084 seconds. Added 2462 classes and 565 folders.
[2019.03.24-23.50.51:483][  0]LogContentBrowser: Native class hierarchy updated for 'WidgetCarousel' in 0.0003 seconds. Added 0 classes and 0 folders.
[2019.03.24-23.50.51:530][  0]LogContentBrowser: Native class hierarchy updated for 'AddContentDialog' in 0.0002 seconds. Added 0 classes and 0 folders.
[2019.03.24-23.50.51:563][  0]LogContentBrowser: Native class hierarchy updated for 'HierarchicalLODOutliner' in 0.0002 seconds. Added 0 classes and 0 folders.
[2019.03.24-23.50.51:563][  0]LogLoad: (Engine Initialization) Total time: 10.50 seconds
[2019.03.24-23.50.51:563][  0]LogLoad: (Engine Initialization) Total Blueprint compile time: 0.00 seconds
[2019.03.24-23.50.51:920][  0]LogContentStreaming: Texture pool size now 1000 MB
[2019.03.24-23.50.51:922][  0]LogSlate: Took 0.000267 seconds to synchronously load lazily loaded font '../../../Engine/Content/Slate/Fonts/Roboto-Regular.ttf' (155K)
[2019.03.24-23.50.51:924][  0]LogSlate: Took 0.000229 seconds to synchronously load lazily loaded font '../../../Engine/Content/Slate/Fonts/Roboto-Bold.ttf' (160K)
[2019.03.24-23.50.51:929][  0]LogSlate: Took 0.000210 seconds to synchronously load lazily loaded font '../../../Engine/Content/Editor/Slate/Fonts/FontAwesome.ttf' (139K)
[2019.03.24-23.50.52:054][  0]LogRenderer: Reallocating scene render targets to support 1064x568 Format 10 NumSamples 1 (Frame:1).
[2019.03.24-23.50.52:111][  0]LogSlate: Took 0.000274 seconds to synchronously load lazily loaded font '../../../Engine/Content/Slate/Fonts/Roboto-Light.ttf' (167K)
[2019.03.24-23.50.52:245][  1]LogAssetRegistry: Asset discovery search completed in 6.2367 seconds
[2019.03.24-23.50.52:246][  1]LogCollectionManager: Rebuilt the object cache for 0 collections in 0.000000 seconds (found 0 objects)
[2019.03.24-23.50.52:246][  1]LogCollectionManager: Fixed up redirectors for 0 collections in 0.000044 seconds (updated 0 objects)
[2019.03.24-23.51.00:907][135]LogSlate: FSceneViewport::OnFocusLost() reason 0
[2019.03.24-23.51.00:974][143]LogTemp: Repeating last play command: Selected Viewport
[2019.03.24-23.51.00:992][143]LogBlueprintUserMessages: Early PlayInEditor Detection: Level '/Game/Levels/MenuGame.MenuGame:PersistentLevel' has LevelScriptBlueprint '/Game/Levels/MenuGame.MenuGame:PersistentLevel.MenuGame' with GeneratedClass '/Game/Levels/MenuGame.MenuGame_C' with ClassGeneratedBy '/Game/Levels/MenuGame.MenuGame:PersistentLevel.MenuGame'
[2019.03.24-23.51.00:992][143]LogPlayLevel: PlayLevel: No blueprints needed recompiling
[2019.03.24-23.51.00:992][143]PIE: New page: PIE session: MenuGame (24 Mar 2019 23:51:00)
[2019.03.24-23.51.00:993][143]LogPlayLevel: Creating play world package: /Game/Levels/UEDPIE_0_MenuGame
[2019.03.24-23.51.00:998][143]LogPlayLevel: PIE: StaticDuplicateObject took: (0.005667s)
[2019.03.24-23.51.00:999][143]LogAIModule: Creating AISystem for world MenuGame
[2019.03.24-23.51.00:999][143]LogPlayLevel: PIE: World Init took: (0.001047s)
[2019.03.24-23.51.01:000][143]LogPlayLevel: PIE: Created PIE world by copying editor world from /Game/Levels/MenuGame.MenuGame to /Game/Levels/UEDPIE_0_MenuGame.MenuGame (0.006921s)
[2019.03.24-23.51.01:044][143]LogInit: XAudio2 using 'Headphones (High Definition Audio Device)' : 2 channels at 44.1 kHz using 16 bits per sample (channel mask 0x3)
[2019.03.24-23.51.01:055][143]LogInit: FAudioDevice initialized.
[2019.03.24-23.51.01:103][143]LogUObjectGlobals: Created PersistentFrame Addr=0x0000020c60da1580, Size=28, Default__BP_Cue_Ball_01_C Function /Game/Core/BP_Controller/BP_Cue_Ball_01.BP_Cue_Ball_01_C:ExecuteUbergraph_BP_Cue_Ball_01
[2019.03.24-23.51.01:105][143]LogUObjectGlobals: Destroyed PersistentFrame Addr=0x0000020c60da1580, Size=28
[2019.03.24-23.51.01:105][143]LogUObjectGlobals: Created PersistentFrame Addr=0x0000020c60da1580, Size=28, Default__BP_Cue_Ball_01_C Function /Engine/Transient.REINST_BP_Cue_Ball_01_C_8:ExecuteUbergraph_BP_Cue_Ball_01
[2019.03.24-23.51.01:106][143]LogUObjectGlobals: Created PersistentFrame Addr=0x0000020c453aba20, Size=28, Default__BP_Cue_Ball_01_C Function /Game/Core/BP_Controller/BP_Cue_Ball_01.BP_Cue_Ball_01_C:ExecuteUbergraph_BP_Cue_Ball_01
[2019.03.24-23.51.01:116][143]LogUObjectGlobals: Created PersistentFrame Addr=0x0000020c60b7c2c0, Size=304, Default__BP_Player_Controller_C Function /Game/Core/BP_Controller/BP_Player_Controller.BP_Player_Controller_C:ExecuteUbergraph_BP_Player_Controller
[2019.03.24-23.51.01:121][143]LogUObjectGlobals: Destroyed PersistentFrame Addr=0x0000020c60b7c2c0, Size=304
[2019.03.24-23.51.01:121][143]LogUObjectGlobals: Created PersistentFrame Addr=0x0000020c60b7c2c0, Size=304, Default__BP_Player_Controller_C Function /Engine/Transient.REINST_BP_Player_Controller_C_12:ExecuteUbergraph_BP_Player_Controller
[2019.03.24-23.51.01:125][143]LogUObjectGlobals: Created PersistentFrame Addr=0x0000020c45333d80, Size=304, Default__BP_Player_Controller_C Function /Game/Core/BP_Controller/BP_Player_Controller.BP_Player_Controller_C:ExecuteUbergraph_BP_Player_Controller
[2019.03.24-23.51.01:142][143]LogLoad: Game class is 'BP_Tiny_World_Gamemode_C'
[2019.03.24-23.51.01:144][143]LogWorld: Bringing World /Game/Levels/UEDPIE_0_MenuGame.MenuGame up for play (max tick rate 0) at 2019.03.24-23.51.01
[2019.03.24-23.51.01:144][143]LogWorld: Bringing up level for play took: 0.000691
[2019.03.24-23.51.01:147][143]LogContentBrowser: Native class hierarchy updated for 'MovieSceneCapture' in 0.0002 seconds. Added 11 classes and 0 folders.
[2019.03.24-23.51.01:148][143]LogSpawn: Warning: SpawnActor failed because of collision at the spawn location [X=-400.000 Y=-10.000 Z=40.000] for [BP_Cue_Ball_01_C]
[2019.03.24-23.51.01:148][143]LogGameMode: Warning: SpawnDefaultPawnAtTransform: Couldn't spawn Pawn of type BP_Cue_Ball_01_C at Rotation: Pitch 0.000000 Yaw 0.000000 Roll 0.000000
Translation: -400.000000 -10.000000 40.000000
Scale3D: 1.000000 1.000000 1.000000

[2019.03.24-23.51.01:149][143]PIE: Error: SetInputMode_GameAndUI expects a valid player controller as 'PlayerController' target
[2019.03.24-23.51.01:149][143]PIE: Play in editor start time for /Game/Levels/UEDPIE_0_MenuGame -0.095
[2019.03.24-23.51.01:149][143]LogBlueprintUserMessages: Late PlayInEditor Detection: Level '/Game/Levels/MenuGame.MenuGame:PersistentLevel' has LevelScriptBlueprint '/Game/Levels/MenuGame.MenuGame:PersistentLevel.MenuGame' with GeneratedClass '/Game/Levels/MenuGame.MenuGame_C' with ClassGeneratedBy '/Game/Levels/MenuGame.MenuGame:PersistentLevel.MenuGame'
[2019.03.24-23.51.01:150][143]LogScriptCore: Warning: Script Msg: Divide by zero detected: 0.000000 / 0
Script call stack:
	Function /Game/Core/BP_Controller/BP_Player_Controller.BP_Player_Controller_C:ReceiveTick
	Function /Game/Core/BP_Controller/BP_Player_Controller.BP_Player_Controller_C:ExecuteUbergraph_BP_Player_Controller

[2019.03.24-23.51.01:208][144]LogScriptCore: Warning: Script Msg: Divide by zero detected: 0.000000 / 0
Script call stack:
	Function /Game/Core/BP_Controller/BP_Player_Controller.BP_Player_Controller_C:ReceiveTick
	Function /Game/Core/BP_Controller/BP_Player_Controller.BP_Player_Controller_C:ExecuteUbergraph_BP_Player_Controller

[2019.03.24-23.51.01:218][145]LogScriptCore: Warning: Script Msg: Divide by zero detected: 0.000000 / 0
Script call stack:
	Function /Game/Core/BP_Controller/BP_Player_Controller.BP_Player_Controller_C:ReceiveTick
	Function /Game/Core/BP_Controller/BP_Player_Controller.BP_Player_Controller_C:ExecuteUbergraph_BP_Player_Controller

[2019.03.24-23.51.01:226][146]LogScriptCore: Warning: Script Msg: Divide by zero detected: 0.000000 / 0
Script call stack:
	Function /Game/Core/BP_Controller/BP_Player_Controller.BP_Player_Controller_C:ReceiveTick
	Function /Game/Core/BP_Controller/BP_Player_Controller.BP_Player_Controller_C:ExecuteUbergraph_BP_Player_Controller

[2019.03.24-23.51.01:235][147]LogScriptCore: Warning: Script Msg: Divide by zero detected: 0.000000 / 0
Script call stack:
	Function /Game/Core/BP_Controller/BP_Player_Controller.BP_Player_Controller_C:ReceiveTick
	Function /Game/Core/BP_Controller/BP_Player_Controller.BP_Player_Controller_C:ExecuteUbergraph_BP_Player_Controller

[2019.03.24-23.51.01:244][148]LogScriptCore: Warning: Script Msg: Divide by zero detected: 0.000000 / 0
Script call stack:
	Function /Game/Core/BP_Controller/BP_Player_Controller.BP_Player_Controller_C:ReceiveTick
	Function /Game/Core/BP_Controller/BP_Player_Controller.BP_Player_Controller_C:ExecuteUbergraph_BP_Player_Controller

[2019.03.24-23.51.01:252][149]LogScriptCore: Warning: Script Msg: Divide by zero detected: 0.000000 / 0
Script call stack:
	Function /Game/Core/BP_Controller/BP_Player_Controller.BP_Player_Controller_C:ReceiveTick
	Function /Game/Core/BP_Controller/BP_Player_Controller.BP_Player_Controller_C:ExecuteUbergraph_BP_Player_Controller

[2019.03.24-23.51.01:261][150]LogScriptCore: Warning: Script Msg: Divide by zero detected: 0.000000 / 0
Script call stack:
	Function /Game/Core/BP_Controller/BP_Player_Controller.BP_Player_Controller_C:ReceiveTick
	Function /Game/Core/BP_Controller/BP_Player_Controller.BP_Player_Controller_C:ExecuteUbergraph_BP_Player_Controller

[2019.03.24-23.51.01:270][151]LogScriptCore: Warning: Script Msg: Divide by zero detected: 0.000000 / 0
Script call stack:
	Function /Game/Core/BP_Controller/BP_Player_Controller.BP_Player_Controller_C:ReceiveTick
	Function /Game/Core/BP_Controller/BP_Player_Controller.BP_Player_Controller_C:ExecuteUbergraph_BP_Player_Controller

[2019.03.24-23.51.01:279][152]LogScriptCore: Warning: Script Msg: Divide by zero detected: 0.000000 / 0
Script call stack:
	Function /Game/Core/BP_Controller/BP_Player_Controller.BP_Player_Controller_C:ReceiveTick
	Function /Game/Core/BP_Controller/BP_Player_Controller.BP_Player_Controller_C:ExecuteUbergraph_BP_Player_Controller

[2019.03.24-23.51.01:288][153]LogScriptCore: Warning: Script Msg: Divide by zero detected: 0.000000 / 0
Script call stack:
	Function /Game/Core/BP_Controller/BP_Player_Controller.BP_Player_Controller_C:ReceiveTick
	Function /Game/Core/BP_Controller/BP_Player_Controller.BP_Player_Controller_C:ExecuteUbergraph_BP_Player_Controller

[2019.03.24-23.51.01:296][154]LogScriptCore: Warning: Script Msg: Divide by zero detected: 0.000000 / 0
Script call stack:
	Function /Game/Core/BP_Controller/BP_Player_Controller.BP_Player_Controller_C:ReceiveTick
	Function /Game/Core/BP_Controller/BP_Player_Controller.BP_Player_Controller_C:ExecuteUbergraph_BP_Player_Controller

[2019.03.24-23.51.01:306][155]LogScriptCore: Warning: Script Msg: Divide by zero detected: 0.000000 / 0
Script call stack:
	Function /Game/Core/BP_Controller/BP_Player_Controller.BP_Player_Controller_C:ReceiveTick
	Function /Game/Core/BP_Controller/BP_Player_Controller.BP_Player_Controller_C:ExecuteUbergraph_BP_Player_Controller

[2019.03.24-23.51.01:314][156]LogScriptCore: Warning: Script Msg: Divide by zero detected: 0.000000 / 0
Script call stack:
	Function /Game/Core/BP_Controller/BP_Player_Controller.BP_Player_Controller_C:ReceiveTick
	Function /Game/Core/BP_Controller/BP_Player_Controller.BP_Player_Controller_C:ExecuteUbergraph_BP_Player_Controller

[2019.03.24-23.51.01:324][157]LogScriptCore: Warning: Script Msg: Divide by zero detected: 0.000000 / 0
Script call stack:
	Function /Game/Core/BP_Controller/BP_Player_Controller.BP_Player_Controller_C:ReceiveTick
	Function /Game/Core/BP_Controller/BP_Player_Controller.BP_Player_Controller_C:ExecuteUbergraph_BP_Player_Controller

[2019.03.24-23.51.01:333][158]LogScriptCore: Warning: Script Msg: Divide by zero detected: 0.000000 / 0
Script call stack:
	Function /Game/Core/BP_Controller/BP_Player_Controller.BP_Player_Controller_C:ReceiveTick
	Function /Game/Core/BP_Controller/BP_Player_Controller.BP_Player_Controller_C:ExecuteUbergraph_BP_Player_Controller

[2019.03.24-23.51.01:341][159]LogScriptCore: Warning: Script Msg: Divide by zero detected: 0.000000 / 0
Script call stack:
	Function /Game/Core/BP_Controller/BP_Player_Controller.BP_Player_Controller_C:ReceiveTick
	Function /Game/Core/BP_Controller/BP_Player_Controller.BP_Player_Controller_C:ExecuteUbergraph_BP_Player_Controller

[2019.03.24-23.51.01:349][160]LogScriptCore: Warning: Script Msg: Divide by zero detected: 0.000000 / 0
Script call stack:
	Function /Game/Core/BP_Controller/BP_Player_Controller.BP_Player_Controller_C:ReceiveTick
	Function /Game/Core/BP_Controller/BP_Player_Controller.BP_Player_Controller_C:ExecuteUbergraph_BP_Player_Controller

[2019.03.24-23.51.01:357][161]LogScriptCore: Warning: Script Msg: Divide by zero detected: 0.000000 / 0
Script call stack:
	Function /Game/Core/BP_Controller/BP_Player_Controller.BP_Player_Controller_C:ReceiveTick
	Function /Game/Core/BP_Controller/BP_Player_Controller.BP_Player_Controller_C:ExecuteUbergraph_BP_Player_Controller

[2019.03.24-23.51.01:366][162]LogScriptCore: Warning: Script Msg: Divide by zero detected: 0.000000 / 0
Script call stack:
	Function /Game/Core/BP_Controller/BP_Player_Controller.BP_Player_Controller_C:ReceiveTick
	Function /Game/Core/BP_Controller/BP_Player_Controller.BP_Player_Controller_C:ExecuteUbergraph_BP_Player_Controller

[2019.03.24-23.51.01:374][163]LogScriptCore: Warning: Script Msg: Divide by zero detected: 0.000000 / 0
Script call stack:
	Function /Game/Core/BP_Controller/BP_Player_Controller.BP_Player_Controller_C:ReceiveTick
	Function /Game/Core/BP_Controller/BP_Player_Controller.BP_Player_Controller_C:ExecuteUbergraph_BP_Player_Controller

[2019.03.24-23.51.01:383][164]LogScriptCore: Warning: Script Msg: Divide by zero detected: 0.000000 / 0
Script call stack:
	Function /Game/Core/BP_Controller/BP_Player_Controller.BP_Player_Controller_C:ReceiveTick
	Function /Game/Core/BP_Controller/BP_Player_Controller.BP_Player_Controller_C:ExecuteUbergraph_BP_Player_Controller

[2019.03.24-23.51.01:391][165]LogScriptCore: Warning: Script Msg: Divide by zero detected: 0.000000 / 0
Script call stack:
	Function /Game/Core/BP_Controller/BP_Player_Controller.BP_Player_Controller_C:ReceiveTick
	Function /Game/Core/BP_Controller/BP_Player_Controller.BP_Player_Controller_C:ExecuteUbergraph_BP_Player_Controller

[2019.03.24-23.51.01:399][166]LogScriptCore: Warning: Script Msg: Divide by zero detected: 0.000000 / 0
Script call stack:
	Function /Game/Core/BP_Controller/BP_Player_Controller.BP_Player_Controller_C:ReceiveTick
	Function /Game/Core/BP_Controller/BP_Player_Controller.BP_Player_Controller_C:ExecuteUbergraph_BP_Player_Controller

[2019.03.24-23.51.01:407][167]LogScriptCore: Warning: Script Msg: Divide by zero detected: 0.000000 / 0
Script call stack:
	Function /Game/Core/BP_Controller/BP_Player_Controller.BP_Player_Controller_C:ReceiveTick
	Function /Game/Core/BP_Controller/BP_Player_Controller.BP_Player_Controller_C:ExecuteUbergraph_BP_Player_Controller

[2019.03.24-23.51.01:415][168]LogScriptCore: Warning: Script Msg: Divide by zero detected: 0.000000 / 0
Script call stack:
	Function /Game/Core/BP_Controller/BP_Player_Controller.BP_Player_Controller_C:ReceiveTick
	Function /Game/Core/BP_Controller/BP_Player_Controller.BP_Player_Controller_C:ExecuteUbergraph_BP_Player_Controller

[2019.03.24-23.51.01:424][169]LogScriptCore: Warning: Script Msg: Divide by zero detected: 0.000000 / 0
Script call stack:
	Function /Game/Core/BP_Controller/BP_Player_Controller.BP_Player_Controller_C:ReceiveTick
	Function /Game/Core/BP_Controller/BP_Player_Controller.BP_Player_Controller_C:ExecuteUbergraph_BP_Player_Controller

[2019.03.24-23.51.01:432][170]LogScriptCore: Warning: Script Msg: Divide by zero detected: 0.000000 / 0
Script call stack:
	Function /Game/Core/BP_Controller/BP_Player_Controller.BP_Player_Controller_C:ReceiveTick
	Function /Game/Core/BP_Controller/BP_Player_Controller.BP_Player_Controller_C:ExecuteUbergraph_BP_Player_Controller

[2019.03.24-23.51.01:440][171]LogScriptCore: Warning: Script Msg: Divide by zero detected: 0.000000 / 0
Script call stack:
	Function /Game/Core/BP_Controller/BP_Player_Controller.BP_Player_Controller_C:ReceiveTick
	Function /Game/Core/BP_Controller/BP_Player_Controller.BP_Player_Controller_C:ExecuteUbergraph_BP_Player_Controller

[2019.03.24-23.51.01:449][172]LogScriptCore: Warning: Script Msg: Divide by zero detected: 0.000000 / 0
Script call stack:
	Function /Game/Core/BP_Controller/BP_Player_Controller.BP_Player_Controller_C:ReceiveTick
	Function /Game/Core/BP_Controller/BP_Player_Controller.BP_Player_Controller_C:ExecuteUbergraph_BP_Player_Controller

[2019.03.24-23.51.01:457][173]LogScriptCore: Warning: Script Msg: Divide by zero detected: 0.000000 / 0
Script call stack:
	Function /Game/Core/BP_Controller/BP_Player_Controller.BP_Player_Controller_C:ReceiveTick
	Function /Game/Core/BP_Controller/BP_Player_Controller.BP_Player_Controller_C:ExecuteUbergraph_BP_Player_Controller

[2019.03.24-23.51.01:465][174]LogScriptCore: Warning: Script Msg: Divide by zero detected: 0.000000 / 0
Script call stack:
	Function /Game/Core/BP_Controller/BP_Player_Controller.BP_Player_Controller_C:ReceiveTick
	Function /Game/Core/BP_Controller/BP_Player_Controller.BP_Player_Controller_C:ExecuteUbergraph_BP_Player_Controller

[2019.03.24-23.51.01:474][175]LogScriptCore: Warning: Script Msg: Divide by zero detected: 0.000000 / 0
Script call stack:
	Function /Game/Core/BP_Controller/BP_Player_Controller.BP_Player_Controller_C:ReceiveTick
	Function /Game/Core/BP_Controller/BP_Player_Controller.BP_Player_Controller_C:ExecuteUbergraph_BP_Player_Controller

[2019.03.24-23.51.01:482][176]LogScriptCore: Warning: Script Msg: Divide by zero detected: 0.000000 / 0
Script call stack:
	Function /Game/Core/BP_Controller/BP_Player_Controller.BP_Player_Controller_C:ReceiveTick
	Function /Game/Core/BP_Controller/BP_Player_Controller.BP_Player_Controller_C:ExecuteUbergraph_BP_Player_Controller

[2019.03.24-23.51.01:490][177]LogScriptCore: Warning: Script Msg: Divide by zero detected: 0.000000 / 0
Script call stack:
	Function /Game/Core/BP_Controller/BP_Player_Controller.BP_Player_Controller_C:ReceiveTick
	Function /Game/Core/BP_Controller/BP_Player_Controller.BP_Player_Controller_C:ExecuteUbergraph_BP_Player_Controller

[2019.03.24-23.51.01:499][178]LogScriptCore: Warning: Script Msg: Divide by zero detected: 0.000000 / 0
Script call stack:
	Function /Game/Core/BP_Controller/BP_Player_Controller.BP_Player_Controller_C:ReceiveTick
	Function /Game/Core/BP_Controller/BP_Player_Controller.BP_Player_Controller_C:ExecuteUbergraph_BP_Player_Controller

[2019.03.24-23.51.01:507][179]LogScriptCore: Warning: Script Msg: Divide by zero detected: 0.000000 / 0
Script call stack:
	Function /Game/Core/BP_Controller/BP_Player_Controller.BP_Player_Controller_C:ReceiveTick
	Function /Game/Core/BP_Controller/BP_Player_Controller.BP_Player_Controller_C:ExecuteUbergraph_BP_Player_Controller

[2019.03.24-23.51.01:515][180]LogScriptCore: Warning: Script Msg: Divide by zero detected: 0.000000 / 0
Script call stack:
	Function /Game/Core/BP_Controller/BP_Player_Controller.BP_Player_Controller_C:ReceiveTick
	Function /Game/Core/BP_Controller/BP_Player_Controller.BP_Player_Controller_C:ExecuteUbergraph_BP_Player_Controller

[2019.03.24-23.51.01:524][181]LogScriptCore: Warning: Script Msg: Divide by zero detected: 0.000000 / 0
Script call stack:
	Function /Game/Core/BP_Controller/BP_Player_Controller.BP_Player_Controller_C:ReceiveTick
	Function /Game/Core/BP_Controller/BP_Player_Controller.BP_Player_Controller_C:ExecuteUbergraph_BP_Player_Controller

[2019.03.24-23.51.01:532][182]LogScriptCore: Warning: Script Msg: Divide by zero detected: 0.000000 / 0
Script call stack:
	Function /Game/Core/BP_Controller/BP_Player_Controller.BP_Player_Controller_C:ReceiveTick
	Function /Game/Core/BP_Controller/BP_Player_Controller.BP_Player_Controller_C:ExecuteUbergraph_BP_Player_Controller

[2019.03.24-23.51.01:540][183]LogScriptCore: Warning: Script Msg: Divide by zero detected: 0.000000 / 0
Script call stack:
	Function /Game/Core/BP_Controller/BP_Player_Controller.BP_Player_Controller_C:ReceiveTick
	Function /Game/Core/BP_Controller/BP_Player_Controller.BP_Player_Controller_C:ExecuteUbergraph_BP_Player_Controller

[2019.03.24-23.51.01:549][184]LogScriptCore: Warning: Script Msg: Divide by zero detected: 0.000000 / 0
Script call stack:
	Function /Game/Core/BP_Controller/BP_Player_Controller.BP_Player_Controller_C:ReceiveTick
	Function /Game/Core/BP_Controller/BP_Player_Controller.BP_Player_Controller_C:ExecuteUbergraph_BP_Player_Controller

[2019.03.24-23.51.01:557][185]LogScriptCore: Warning: Script Msg: Divide by zero detected: 0.000000 / 0
Script call stack:
	Function /Game/Core/BP_Controller/BP_Player_Controller.BP_Player_Controller_C:ReceiveTick
	Function /Game/Core/BP_Controller/BP_Player_Controller.BP_Player_Controller_C:ExecuteUbergraph_BP_Player_Controller

[2019.03.24-23.51.01:565][186]LogScriptCore: Warning: Script Msg: Divide by zero detected: 0.000000 / 0
Script call stack:
	Function /Game/Core/BP_Controller/BP_Player_Controller.BP_Player_Controller_C:ReceiveTick
	Function /Game/Core/BP_Controller/BP_Player_Controller.BP_Player_Controller_C:ExecuteUbergraph_BP_Player_Controller

[2019.03.24-23.51.01:574][187]LogScriptCore: Warning: Script Msg: Divide by zero detected: 0.000000 / 0
Script call stack:
	Function /Game/Core/BP_Controller/BP_Player_Controller.BP_Player_Controller_C:ReceiveTick
	Function /Game/Core/BP_Controller/BP_Player_Controller.BP_Player_Controller_C:ExecuteUbergraph_BP_Player_Controller

[2019.03.24-23.51.01:582][188]LogScriptCore: Warning: Script Msg: Divide by zero detected: 0.000000 / 0
Script call stack:
	Function /Game/Core/BP_Controller/BP_Player_Controller.BP_Player_Controller_C:ReceiveTick
	Function /Game/Core/BP_Controller/BP_Player_Controller.BP_Player_Controller_C:ExecuteUbergraph_BP_Player_Controller

[2019.03.24-23.51.01:590][189]LogScriptCore: Warning: Script Msg: Divide by zero detected: 0.000000 / 0
Script call stack:
	Function /Game/Core/BP_Controller/BP_Player_Controller.BP_Player_Controller_C:ReceiveTick
	Function /Game/Core/BP_Controller/BP_Player_Controller.BP_Player_Controller_C:ExecuteUbergraph_BP_Player_Controller

[2019.03.24-23.51.01:599][190]LogScriptCore: Warning: Script Msg: Divide by zero detected: 0.000000 / 0
Script call stack:
	Function /Game/Core/BP_Controller/BP_Player_Controller.BP_Player_Controller_C:ReceiveTick
	Function /Game/Core/BP_Controller/BP_Player_Controller.BP_Player_Controller_C:ExecuteUbergraph_BP_Player_Controller

[2019.03.24-23.51.01:607][191]LogScriptCore: Warning: Script Msg: Divide by zero detected: 0.000000 / 0
Script call stack:
	Function /Game/Core/BP_Controller/BP_Player_Controller.BP_Player_Controller_C:ReceiveTick
	Function /Game/Core/BP_Controller/BP_Player_Controller.BP_Player_Controller_C:ExecuteUbergraph_BP_Player_Controller

[2019.03.24-23.51.01:616][192]LogScriptCore: Warning: Script Msg: Divide by zero detected: 0.000000 / 0
Script call stack:
	Function /Game/Core/BP_Controller/BP_Player_Controller.BP_Player_Controller_C:ReceiveTick
	Function /Game/Core/BP_Controller/BP_Player_Controller.BP_Player_Controller_C:ExecuteUbergraph_BP_Player_Controller

[2019.03.24-23.51.01:625][193]LogScriptCore: Warning: Script Msg: Divide by zero detected: 0.000000 / 0
Script call stack:
	Function /Game/Core/BP_Controller/BP_Player_Controller.BP_Player_Controller_C:ReceiveTick
	Function /Game/Core/BP_Controller/BP_Player_Controller.BP_Player_Controller_C:ExecuteUbergraph_BP_Player_Controller

[2019.03.24-23.51.01:632][194]LogScriptCore: Warning: Script Msg: Divide by zero detected: 0.000000 / 0
Script call stack:
	Function /Game/Core/BP_Controller/BP_Player_Controller.BP_Player_Controller_C:ReceiveTick
	Function /Game/Core/BP_Controller/BP_Player_Controller.BP_Player_Controller_C:ExecuteUbergraph_BP_Player_Controller

[2019.03.24-23.51.02:812][334]LogBlueprintUserMessages: Early EndPlayMap Detection: Level '/Game/Levels/MenuGame.MenuGame:PersistentLevel' has LevelScriptBlueprint '/Game/Levels/MenuGame.MenuGame:PersistentLevel.MenuGame' with GeneratedClass '/Game/Levels/MenuGame.MenuGame_C' with ClassGeneratedBy '/Game/Levels/MenuGame.MenuGame:PersistentLevel.MenuGame'
[2019.03.24-23.51.02:842][334]LogBlueprintUserMessages: Late EndPlayMap Detection: Level '/Game/Levels/MenuGame.MenuGame:PersistentLevel' has LevelScriptBlueprint '/Game/Levels/MenuGame.MenuGame:PersistentLevel.MenuGame' with GeneratedClass '/Game/Levels/MenuGame.MenuGame_C' with ClassGeneratedBy '/Game/Levels/MenuGame.MenuGame:PersistentLevel.MenuGame'
[2019.03.24-23.51.02:852][334]LogUObjectGlobals: Destroyed PersistentFrame Addr=0x0000020c60da1580, Size=28
[2019.03.24-23.51.02:852][334]LogUObjectGlobals: Destroyed PersistentFrame Addr=0x0000020c60b7c2c0, Size=304
[2019.03.24-23.51.04:921][568]LogSlate: Window 'WhatsInTheBox - Unreal Editor' being destroyed
[2019.03.24-23.51.04:921][568]LogWindowsTextInputMethodSystem: Display: IME system now deactivated.
[2019.03.24-23.51.05:094][569]Cmd: QUIT_EDITOR
[2019.03.24-23.51.05:404][569]LogSlate: Slate User Destroyed.  User Index 0, Is Virtual User: 0
[2019.03.24-23.51.05:404][569]LogExit: Preparing to exit.
[2019.03.24-23.51.05:713][569]LogExit: Editor shut down
[2019.03.24-23.51.05:715][569]LogExit: Transaction tracking system shut down
[2019.03.24-23.51.05:715][569]LogUObjectGlobals: Destroyed PersistentFrame Addr=0x0000020c3465f420, Size=80
[2019.03.24-23.51.05:716][569]LogUObjectGlobals: Destroyed PersistentFrame Addr=0x0000020c34403870, Size=4
[2019.03.24-23.51.05:716][569]LogUObjectGlobals: Destroyed PersistentFrame Addr=0x0000020c32ff6fb0, Size=24
[2019.03.24-23.51.05:716][569]LogUObjectGlobals: Destroyed PersistentFrame Addr=0x0000020c453aba20, Size=28
[2019.03.24-23.51.05:716][569]LogUObjectGlobals: Destroyed PersistentFrame Addr=0x0000020c45333d80, Size=304
[2019.03.24-23.51.05:911][569]LogDirectoryWatcher: A directory notification for '../../../Engine/Content/' was aborted.
[2019.03.24-23.51.05:911][569]LogDirectoryWatcher: A directory notification for 'J:/1.This one/WhatsInTheBox/Content/' was aborted.
[2019.03.24-23.51.05:911][569]LogDirectoryWatcher: A directory notification for '../../Plugins/2D/Paper2D/Content/' was aborted.
[2019.03.24-23.51.05:911][569]LogDirectoryWatcher: A directory notification for '../../Plugins/Enterprise/DatasmithContent/Content/' was aborted.
[2019.03.24-23.51.05:911][569]LogDirectoryWatcher: A directory notification for '../../Plugins/Media/MediaCompositing/Content/' was aborted.
[2019.03.24-23.51.05:911][569]LogDirectoryWatcher: A directory notification for '../../Plugins/Runtime/AppleARKit/Content/' was aborted.
[2019.03.24-23.51.05:911][569]LogDirectoryWatcher: A directory notification for '../../Plugins/Runtime/Oculus/OculusVR/Content/' was aborted.
[2019.03.24-23.51.05:911][569]LogDirectoryWatcher: A directory notification for '../../Plugins/Runtime/Steam/SteamVR/Content/' was aborted.
[2019.03.24-23.51.05:981][569]LogExit: Object subsystem successfully closed.
[2019.03.24-23.51.06:063][569]LogShaderCompilers: Display: Shaders left to compile 0
[2019.03.24-23.51.06:067][569]LogD3D11RHI: Shutdown
[2019.03.24-23.51.06:067][569]LogD3D11RHI: CleanupD3DDevice
[2019.03.24-23.51.06:081][569]LogD3D11RHI: ~FD3D11DynamicRHI
[2019.03.24-23.51.06:095][569]LogModuleManager: Shutting down and abandoning module MovieSceneCapture (580)
[2019.03.24-23.51.06:095][569]LogModuleManager: Shutting down and abandoning module HierarchicalLODOutliner (578)
[2019.03.24-23.51.06:095][569]LogModuleManager: Shutting down and abandoning module AddContentDialog (576)
[2019.03.24-23.51.06:095][569]LogDirectoryWatcher: A directory notification for 'D:/Unreal/UE_4.19/FeaturePacks/' was aborted.
[2019.03.24-23.51.06:096][569]LogModuleManager: Shutting down and abandoning module WidgetCarousel (575)
[2019.03.24-23.51.06:096][569]LogModuleManager: Shutting down and abandoning module EditorWidgets (572)
[2019.03.24-23.51.06:096][569]LogModuleManager: Shutting down and abandoning module CollectionManager (570)
[2019.03.24-23.51.06:096][569]LogDirectoryWatcher: A directory notification for 'J:/1.This one/WhatsInTheBox/Content/Collections/' was aborted.
[2019.03.24-23.51.06:097][569]LogDirectoryWatcher: A directory notification for 'J:/1.This one/WhatsInTheBox/Content/Developers/James/Collections/' was aborted.
[2019.03.24-23.51.06:097][569]LogDirectoryWatcher: A directory notification for 'J:/1.This one/WhatsInTheBox/Saved/Collections/' was aborted.
[2019.03.24-23.51.06:097][569]LogModuleManager: Shutting down and abandoning module SceneOutliner (568)
[2019.03.24-23.51.06:097][569]LogModuleManager: Shutting down and abandoning module StatsViewer (566)
[2019.03.24-23.51.06:097][569]LogModuleManager: Shutting down and abandoning module FoliageEdit (564)
[2019.03.24-23.51.06:097][569]LogModuleManager: Shutting down and abandoning module LandscapeEditor (562)
[2019.03.24-23.51.06:097][569]LogModuleManager: Shutting down and abandoning module MeshPaintMode (560)
[2019.03.24-23.51.06:097][569]LogModuleManager: Shutting down and abandoning module SceneDepthPickerMode (558)
[2019.03.24-23.51.06:097][569]LogModuleManager: Shutting down and abandoning module ActorPickerMode (556)
[2019.03.24-23.51.06:097][569]LogModuleManager: Shutting down and abandoning module GeometryMode (554)
[2019.03.24-23.51.06:097][569]LogModuleManager: Shutting down and abandoning module TextureAlignMode (552)
[2019.03.24-23.51.06:097][569]LogModuleManager: Shutting down and abandoning module BspMode (550)
[2019.03.24-23.51.06:097][569]LogModuleManager: Shutting down and abandoning module PIEPreviewDeviceProfileSelector (548)
[2019.03.24-23.51.06:097][569]LogModuleManager: Shutting down and abandoning module HardwareSurvey (546)
[2019.03.24-23.51.06:097][569]LogModuleManager: Shutting down and abandoning module SequenceRecorderSections (544)
[2019.03.24-23.51.06:097][569]LogModuleManager: Shutting down and abandoning module AutomationWorker (542)
[2019.03.24-23.51.06:097][569]LogModuleManager: Shutting down and abandoning module AudioCaptureEditor (540)
[2019.03.24-23.51.06:097][569]LogModuleManager: Shutting down and abandoning module SequenceRecorder (539)
[2019.03.24-23.51.06:097][569]LogModuleManager: Shutting down and abandoning module MatineeToLevelSequence (536)
[2019.03.24-23.51.06:098][569]LogModuleManager: Shutting down and abandoning module LevelSequenceEditor (534)
[2019.03.24-23.51.06:098][569]LogModuleManager: Shutting down and abandoning module PlacementMode (533)
[2019.03.24-23.51.06:098][569]LogModuleManager: Shutting down and abandoning module MaterialEditor (532)
[2019.03.24-23.51.06:098][569]LogModuleManager: Shutting down and abandoning module WmfMediaFactory (528)
[2019.03.24-23.51.06:098][569]LogModuleManager: Shutting down and abandoning module WmfMediaEditor (526)
[2019.03.24-23.51.06:098][569]LogModuleManager: Shutting down and abandoning module MediaPlayerEditor (524)
[2019.03.24-23.51.06:098][569]LogModuleManager: Shutting down and abandoning module OpenExrWrapper (522)
[2019.03.24-23.51.06:098][569]LogModuleManager: Shutting down and abandoning module ImgMediaFactory (520)
[2019.03.24-23.51.06:098][569]LogModuleManager: Shutting down and abandoning module ImgMediaEditor (518)
[2019.03.24-23.51.06:098][569]LogModuleManager: Shutting down and abandoning module AvfMediaFactory (516)
[2019.03.24-23.51.06:098][569]LogModuleManager: Shutting down and abandoning module AvfMediaEditor (514)
[2019.03.24-23.51.06:098][569]LogModuleManager: Shutting down and abandoning module AndroidMediaFactory (512)
[2019.03.24-23.51.06:098][569]LogModuleManager: Shutting down and abandoning module AndroidMediaEditor (510)
[2019.03.24-23.51.06:098][569]LogModuleManager: Shutting down and abandoning module CharacterAI (508)
[2019.03.24-23.51.06:098][569]LogModuleManager: Shutting down and abandoning module SmartSnapping (506)
[2019.03.24-23.51.06:098][569]LogModuleManager: Shutting down and abandoning module SessionServices (504)
[2019.03.24-23.51.06:098][569]LogModuleManager: Shutting down and abandoning module ViewportSnapping (502)
[2019.03.24-23.51.06:098][569]LogModuleManager: Shutting down and abandoning module ViewportInteraction (500)
[2019.03.24-23.51.06:098][569]LogModuleManager: Shutting down and abandoning module ClothPainter (498)
[2019.03.24-23.51.06:098][569]LogModuleManager: Shutting down and abandoning module SkeletalMeshEditor (497)
[2019.03.24-23.51.06:099][569]LogModuleManager: Shutting down and abandoning module LogVisualizer (494)
[2019.03.24-23.51.06:099][569]LogModuleManager: Shutting down and abandoning module IntroTutorials (492)
[2019.03.24-23.51.06:099][569]LogModuleManager: Shutting down and abandoning module GameProjectGeneration (491)
[2019.03.24-23.51.06:099][569]LogModuleManager: Shutting down and abandoning module IOSPlatformEditor (488)
[2019.03.24-23.51.06:099][569]LogModuleManager: Shutting down and abandoning module HTML5PlatformEditor (486)
[2019.03.24-23.51.06:099][569]LogModuleManager: Shutting down and abandoning module AndroidPlatformEditor (484)
[2019.03.24-23.51.06:099][569]LogModuleManager: Shutting down and abandoning module AndroidDeviceDetection (483)
[2019.03.24-23.51.06:511][569]LogModuleManager: Shutting down and abandoning module WindowsPlatformEditor (480)
[2019.03.24-23.51.06:511][569]LogModuleManager: Shutting down and abandoning module IOSRuntimeSettings (478)
[2019.03.24-23.51.06:511][569]LogModuleManager: Shutting down and abandoning module AndroidRuntimeSettings (476)
[2019.03.24-23.51.06:511][569]LogModuleManager: Shutting down and abandoning module InputBindingEditor (474)
[2019.03.24-23.51.06:511][569]LogModuleManager: Shutting down and abandoning module MergeActors (472)
[2019.03.24-23.51.06:511][569]LogModuleManager: Shutting down and abandoning module LocalizationDashboard (470)
[2019.03.24-23.51.06:511][569]LogModuleManager: Shutting down and abandoning module LocalizationService (469)
[2019.03.24-23.51.06:511][569]LogModuleManager: Shutting down and abandoning module HardwareTargeting (466)
[2019.03.24-23.51.06:511][569]LogModuleManager: Shutting down and abandoning module DeviceProfileEditor (464)
[2019.03.24-23.51.06:511][569]LogModuleManager: Shutting down and abandoning module UndoHistory (462)
[2019.03.24-23.51.06:511][569]LogModuleManager: Shutting down and abandoning module XmlParser (460)
[2019.03.24-23.51.06:511][569]LogModuleManager: Shutting down and abandoning module Blutility (458)
[2019.03.24-23.51.06:511][569]LogModuleManager: Shutting down and abandoning module ProjectSettingsViewer (456)
[2019.03.24-23.51.06:511][569]LogModuleManager: Shutting down and abandoning module ProjectTargetPlatformEditor (455)
[2019.03.24-23.51.06:512][569]LogModuleManager: Shutting down and abandoning module EditorSettingsViewer (452)
[2019.03.24-23.51.06:512][569]LogModuleManager: Shutting down and abandoning module SettingsEditor (450)
[2019.03.24-23.51.06:512][569]LogModuleManager: Shutting down and abandoning module ProjectLauncher (448)
[2019.03.24-23.51.06:512][569]LogModuleManager: Shutting down and abandoning module SessionFrontend (446)
[2019.03.24-23.51.06:512][569]LogModuleManager: Shutting down and abandoning module ProfilerClient (444)
[2019.03.24-23.51.06:512][569]LogModuleManager: Shutting down and abandoning module DeviceManager (442)
[2019.03.24-23.51.06:512][569]LogModuleManager: Shutting down and abandoning module TargetDeviceServices (441)
[2019.03.24-23.51.06:578][569]LogModuleManager: Shutting down and abandoning module AutomationController (438)
[2019.03.24-23.51.06:578][569]LogModuleManager: Shutting down and abandoning module AutomationWindow (436)
[2019.03.24-23.51.06:578][569]LogModuleManager: Shutting down and abandoning module Layers (434)
[2019.03.24-23.51.06:578][569]LogModuleManager: Shutting down and abandoning module ComponentVisualizers (432)
[2019.03.24-23.51.06:578][569]LogModuleManager: Shutting down and abandoning module DetailCustomizations (430)
[2019.03.24-23.51.06:578][569]LogModuleManager: Shutting down and abandoning module PackagesDialog (428)
[2019.03.24-23.51.06:578][569]LogModuleManager: Shutting down and abandoning module Persona (426)
[2019.03.24-23.51.06:578][569]LogModuleManager: Shutting down and abandoning module AdvancedPreviewScene (425)
[2019.03.24-23.51.06:578][569]LogModuleManager: Shutting down and abandoning module AnimGraph (423)
[2019.03.24-23.51.06:578][569]LogModuleManager: Shutting down and abandoning module Kismet (420)
[2019.03.24-23.51.06:578][569]LogModuleManager: Shutting down and abandoning module GraphEditor (418)
[2019.03.24-23.51.06:578][569]LogModuleManager: Shutting down and abandoning module ClassViewer (416)
[2019.03.24-23.51.06:578][569]LogModuleManager: Shutting down and abandoning module Toolbox (414)
[2019.03.24-23.51.06:578][569]LogModuleManager: Shutting down and abandoning module ModuleUI (412)
[2019.03.24-23.51.06:578][569]LogModuleManager: Shutting down and abandoning module MovieSceneTools (410)
[2019.03.24-23.51.06:578][569]LogModuleManager: Shutting down and abandoning module OutputLog (408)
[2019.03.24-23.51.06:578][569]LogModuleManager: Shutting down and abandoning module GammaUI (406)
[2019.03.24-23.51.06:578][569]LogModuleManager: Shutting down and abandoning module Documentation (404)
[2019.03.24-23.51.06:578][569]LogModuleManager: Shutting down and abandoning module MovieSceneTracks (402)
[2019.03.24-23.51.06:578][569]LogModuleManager: Shutting down and abandoning module MovieScene (400)
[2019.03.24-23.51.06:578][569]LogModuleManager: Shutting down and abandoning module StreamingPauseRendering (398)
[2019.03.24-23.51.06:578][569]LogModuleManager: Shutting down and abandoning module LauncherPlatform (396)
[2019.03.24-23.51.06:578][569]LogModuleManager: Shutting down and abandoning module AnalyticsET (394)
[2019.03.24-23.51.06:579][569]LogModuleManager: Shutting down and abandoning module PortalServices (392)
[2019.03.24-23.51.06:579][569]LogModuleManager: Shutting down and abandoning module PortalRpc (390)
[2019.03.24-23.51.06:579][569]LogModuleManager: Shutting down and abandoning module MessagingRpc (388)
[2019.03.24-23.51.06:579][569]LogModuleManager: Shutting down and abandoning module AIModule (386)
[2019.03.24-23.51.06:579][569]LogModuleManager: Shutting down and abandoning module GameplayDebugger (385)
[2019.03.24-23.51.06:579][569]LogModuleManager: Shutting down and abandoning module AITestSuite (383)
[2019.03.24-23.51.06:579][569]LogModuleManager: Shutting down and abandoning module DesktopPlatform (380)
[2019.03.24-23.51.06:579][569]LogModuleManager: Shutting down and abandoning module ProfilerService (378)
[2019.03.24-23.51.06:814][569]LogModuleManager: Shutting down and abandoning module TaskGraph (376)
[2019.03.24-23.51.06:814][569]LogModuleManager: Shutting down and abandoning module SteamVRController (374)
[2019.03.24-23.51.06:814][569]LogModuleManager: Shutting down and abandoning module ProceduralMeshComponentEditor (372)
[2019.03.24-23.51.06:814][569]LogModuleManager: Shutting down and abandoning module ProceduralMeshComponent (370)
[2019.03.24-23.51.06:814][569]LogModuleManager: Shutting down and abandoning module OculusInput (368)
[2019.03.24-23.51.06:814][569]LogModuleManager: Shutting down and abandoning module MobilePatchingUtils (366)
[2019.03.24-23.51.06:814][569]LogModuleManager: Shutting down and abandoning module CustomMeshComponent (364)
[2019.03.24-23.51.06:814][569]LogModuleManager: Shutting down and abandoning module CableComponent (362)
[2019.03.24-23.51.06:814][569]LogModuleManager: Shutting down and abandoning module AudioCapture (360)
[2019.03.24-23.51.06:814][569]LogModuleManager: Shutting down and abandoning module ArchVisCharacter (358)
[2019.03.24-23.51.06:814][569]LogModuleManager: Shutting down and abandoning module AndroidPermission (356)
[2019.03.24-23.51.06:814][569]LogModuleManager: Shutting down and abandoning module NUTUnrealEngine4 (352)
[2019.03.24-23.51.06:814][569]LogModuleManager: Shutting down and abandoning module NetcodeUnitTest (350)
[2019.03.24-23.51.06:814][569]LogModuleManager: Shutting down and abandoning module MediaCompositingEditor (348)
[2019.03.24-23.51.06:814][569]LogModuleManager: Shutting down and abandoning module MediaCompositing (346)
[2019.03.24-23.51.06:814][569]LogModuleManager: Shutting down and abandoning module LinearTimecode (344)
[2019.03.24-23.51.06:814][569]LogModuleManager: Shutting down and abandoning module ImgMedia (342)
[2019.03.24-23.51.06:817][569]LogModuleManager: Shutting down and abandoning module HTML5Networking (340)
[2019.03.24-23.51.06:817][569]LogModuleManager: Shutting down and abandoning module AlembicImporter (338)
[2019.03.24-23.51.06:817][569]LogModuleManager: Shutting down and abandoning module AlembicLibrary (337)
[2019.03.24-23.51.06:817][569]LogModuleManager: Shutting down and abandoning module GeometryCache (336)
[2019.03.24-23.51.06:817][569]LogModuleManager: Shutting down and abandoning module GeometryCacheEd (335)
[2019.03.24-23.51.06:817][569]LogModuleManager: Shutting down and abandoning module DatasmithContent (330)
[2019.03.24-23.51.06:817][569]LogModuleManager: Shutting down and abandoning module SpeedTreeImporter (328)
[2019.03.24-23.51.06:817][569]LogModuleManager: Shutting down and abandoning module PluginBrowser (326)
[2019.03.24-23.51.06:817][569]LogModuleManager: Shutting down and abandoning module MobileLauncherProfileWizard (324)
[2019.03.24-23.51.06:818][569]LogModuleManager: Shutting down and abandoning module CryptoKeysOpenSSL (322)
[2019.03.24-23.51.06:818][569]LogModuleManager: Shutting down and abandoning module CryptoKeys (320)
[2019.03.24-23.51.06:818][569]LogModuleManager: Shutting down and abandoning module VisualStudioSourceCodeAccess (318)
[2019.03.24-23.51.06:818][569]LogModuleManager: Shutting down and abandoning module VisualStudioCodeSourceCodeAccess (316)
[2019.03.24-23.51.06:818][569]LogModuleManager: Shutting down and abandoning module UObjectPlugin (314)
[2019.03.24-23.51.06:818][569]LogModuleManager: Shutting down and abandoning module SubversionSourceControl (312)
[2019.03.24-23.51.06:818][569]LogModuleManager: Shutting down and abandoning module PerforceSourceControl (310)
[2019.03.24-23.51.06:818][569]LogModuleManager: Shutting down and abandoning module GitSourceControl (308)
[2019.03.24-23.51.06:818][569]LogModuleManager: Shutting down and abandoning module SourceControl (307)
[2019.03.24-23.51.06:818][569]LogModuleManager: Shutting down and abandoning module CLionSourceCodeAccess (304)
[2019.03.24-23.51.06:818][569]LogModuleManager: Shutting down and abandoning module LightPropagationVolumeEditor (302)
[2019.03.24-23.51.06:818][569]LogModuleManager: Shutting down and abandoning module PaperTiledImporter (300)
[2019.03.24-23.51.06:818][569]LogModuleManager: Shutting down and abandoning module PaperSpriteSheetImporter (298)
[2019.03.24-23.51.06:818][569]LogModuleManager: Shutting down and abandoning module Paper2DEditor (296)
[2019.03.24-23.51.06:818][569]LogModuleManager: Shutting down and abandoning module MeshPaint (295)
[2019.03.24-23.51.06:818][569]LogModuleManager: Shutting down and abandoning module RuntimePhysXCooking (292)
[2019.03.24-23.51.06:818][569]LogModuleManager: Shutting down and abandoning module PhysXVehiclesEditor (290)
[2019.03.24-23.51.06:818][569]LogModuleManager: Shutting down and abandoning module PhysXVehicles (288)
[2019.03.24-23.51.06:818][569]LogModuleManager: Shutting down and abandoning module OculusEditor (286)
[2019.03.24-23.51.06:818][569]LogModuleManager: Shutting down and abandoning module LocationServicesBPLibrary (284)
[2019.03.24-23.51.06:818][569]LogModuleManager: Shutting down and abandoning module ImmediatePhysicsEditor (282)
[2019.03.24-23.51.06:818][569]LogModuleManager: Shutting down and abandoning module ImmediatePhysics (280)
[2019.03.24-23.51.06:818][569]LogModuleManager: Shutting down and abandoning module ApexDestructionEditor (278)
[2019.03.24-23.51.06:818][569]LogModuleManager: Shutting down and abandoning module ApexDestruction (276)
[2019.03.24-23.51.06:818][569]LogModuleManager: Shutting down and abandoning module ActorSequence (274)
[2019.03.24-23.51.06:818][569]LogModuleManager: Shutting down and abandoning module UdpMessaging (272)
[2019.03.24-23.51.06:919][569]LogModuleManager: Shutting down and abandoning module TcpMessaging (270)
[2019.03.24-23.51.07:020][569]LogModuleManager: Shutting down and abandoning module GameplayTagsEditor (268)
[2019.03.24-23.51.07:020][569]LogModuleManager: Shutting down and abandoning module FacialAnimationEditor (266)
[2019.03.24-23.51.07:020][569]LogModuleManager: Shutting down and abandoning module FacialAnimation (264)
[2019.03.24-23.51.07:020][569]LogModuleManager: Shutting down and abandoning module DataValidation (262)
[2019.03.24-23.51.07:020][569]LogModuleManager: Shutting down and abandoning module AssetManagerEditor (260)
[2019.03.24-23.51.07:020][569]LogModuleManager: Shutting down and abandoning module LevelEditor (259)
[2019.03.24-23.51.07:020][569]LogModuleManager: Shutting down and abandoning module PixelInspectorModule (258)
[2019.03.24-23.51.07:020][569]LogModuleManager: Shutting down and abandoning module CommonMenuExtensions (256)
[2019.03.24-23.51.07:021][569]LogModuleManager: Shutting down and abandoning module MainFrame (254)
[2019.03.24-23.51.07:021][569]LogModuleManager: Shutting down and abandoning module HotReload (253)
[2019.03.24-23.51.07:021][569]LogModuleManager: Shutting down and abandoning module ContentBrowser (249)
[2019.03.24-23.51.07:022][569]LogModuleManager: Shutting down and abandoning module TreeMap (247)
[2019.03.24-23.51.07:022][569]LogModuleManager: Shutting down and abandoning module LightPropagationVolumeRuntime (244)
[2019.03.24-23.51.07:022][569]LogModuleManager: Shutting down and abandoning module LiveLinkEditor (242)
[2019.03.24-23.51.07:022][569]LogModuleManager: Shutting down and abandoning module LiveLink (240)
[2019.03.24-23.51.07:324][569]LogModuleManager: Shutting down and abandoning module Paper2D (238)
[2019.03.24-23.51.07:324][569]LogModuleManager: Shutting down and abandoning module WindowsMoviePlayer (236)
[2019.03.24-23.51.07:324][569]LogModuleManager: Shutting down and abandoning module WmfMedia (234)
[2019.03.24-23.51.07:325][569]LogModuleManager: Shutting down and abandoning module Media (233)
[2019.03.24-23.51.07:331][569]LogModuleManager: Shutting down and abandoning module PacketHandler (230)
[2019.03.24-23.51.07:331][569]LogModuleManager: Shutting down and abandoning module ClothingSystemEditor (228)
[2019.03.24-23.51.07:331][569]LogModuleManager: Shutting down and abandoning module ClothingSystemRuntime (226)
[2019.03.24-23.51.07:331][569]LogModuleManager: Shutting down and abandoning module MediaAssets (224)
[2019.03.24-23.51.07:331][569]LogModuleManager: Shutting down and abandoning module Overlay (222)
[2019.03.24-23.51.07:331][569]LogModuleManager: Shutting down and abandoning module OverlayEditor (221)
[2019.03.24-23.51.07:331][569]LogModuleManager: Shutting down and abandoning module VREditor (218)
[2019.03.24-23.51.07:331][569]LogModuleManager: Shutting down and abandoning module StringTableEditor (216)
[2019.03.24-23.51.07:331][569]LogModuleManager: Shutting down and abandoning module GameplayTasksEditor (214)
[2019.03.24-23.51.07:331][569]LogModuleManager: Shutting down and abandoning module BehaviorTreeEditor (212)
[2019.03.24-23.51.07:331][569]LogModuleManager: Shutting down and abandoning module FunctionalTesting (210)
[2019.03.24-23.51.07:331][569]LogModuleManager: Shutting down and abandoning module CollisionAnalyzer (208)
[2019.03.24-23.51.07:331][569]LogModuleManager: Shutting down and abandoning module WorkspaceMenuStructure (207)
[2019.03.24-23.51.07:331][569]LogModuleManager: Shutting down and abandoning module UMG (204)
[2019.03.24-23.51.07:331][569]LogModuleManager: Shutting down and abandoning module UMGEditor (203)
[2019.03.24-23.51.07:331][569]LogModuleManager: Shutting down and abandoning module Sequencer (202)
[2019.03.24-23.51.07:331][569]LogModuleManager: Shutting down and abandoning module MessageLog (199)
[2019.03.24-23.51.07:331][569]LogModuleManager: Shutting down and abandoning module SlateReflector (194)
[2019.03.24-23.51.07:331][569]LogModuleManager: Shutting down and abandoning module Slate (192)
[2019.03.24-23.51.07:331][569]LogModuleManager: Shutting down and abandoning module EditorStyle (190)
[2019.03.24-23.51.07:333][569]LogModuleManager: Shutting down and abandoning module MRMesh (188)
[2019.03.24-23.51.07:333][569]LogModuleManager: Shutting down and abandoning module SourceCodeAccess (186)
[2019.03.24-23.51.07:333][569]LogModuleManager: Shutting down and abandoning module HeadMountedDisplay (184)
[2019.03.24-23.51.07:333][569]LogModuleManager: Shutting down and abandoning module XAudio2 (182)
[2019.03.24-23.51.07:333][569]LogModuleManager: Shutting down and abandoning module Networking (180)
[2019.03.24-23.51.07:333][569]LogModuleManager: Shutting down and abandoning module Core (178)
[2019.03.24-23.51.07:333][569]LogModuleManager: Shutting down and abandoning module LevelSequence (176)
[2019.03.24-23.51.07:333][569]LogModuleManager: Shutting down and abandoning module KismetCompiler (174)
[2019.03.24-23.51.07:333][569]LogModuleManager: Shutting down and abandoning module MeshUtilities (172)
[2019.03.24-23.51.07:333][569]LogModuleManager: Shutting down and abandoning module MeshMergeUtilities (171)
[2019.03.24-23.51.07:333][569]LogModuleManager: Shutting down and abandoning module MeshReductionInterface (170)
[2019.03.24-23.51.07:333][569]LogModuleManager: Shutting down and abandoning module SimplygonSwarm (169)
[2019.03.24-23.51.07:333][569]LogModuleManager: Shutting down and abandoning module SimplygonMeshReduction (167)
[2019.03.24-23.51.07:333][569]LogModuleManager: Shutting down and abandoning module QuadricMeshReduction (165)
[2019.03.24-23.51.07:333][569]LogModuleManager: Shutting down and abandoning module MaterialBaking (161)
[2019.03.24-23.51.07:333][569]LogModuleManager: Shutting down and abandoning module DirectoryWatcher (157)
[2019.03.24-23.51.07:333][569]LogModuleManager: Shutting down and abandoning module DerivedDataCache (154)
[2019.03.24-23.51.07:415][569]LogDerivedDataCache: Shutdown
[2019.03.24-23.51.07:415][569]LogModuleManager: Shutting down and abandoning module XGEController (152)
[2019.03.24-23.51.07:415][569]LogModuleManager: Shutting down and abandoning module TargetPlatform (150)
[2019.03.24-23.51.07:415][569]LogModuleManager: Shutting down and abandoning module VulkanShaderFormat (149)
[2019.03.24-23.51.07:415][569]LogModuleManager: Shutting down and abandoning module ShaderFormatVectorVM (147)
[2019.03.24-23.51.07:415][569]LogModuleManager: Shutting down and abandoning module ShaderFormatOpenGL (145)
[2019.03.24-23.51.07:415][569]LogModuleManager: Shutting down and abandoning module ShaderFormatD3D (143)
[2019.03.24-23.51.07:415][569]LogModuleManager: Shutting down and abandoning module MetalShaderFormat (141)
[2019.03.24-23.51.07:415][569]LogModuleManager: Shutting down and abandoning module TextureFormatUncompressed (139)
[2019.03.24-23.51.07:415][569]LogModuleManager: Shutting down and abandoning module TextureFormatPVR (137)
[2019.03.24-23.51.07:415][569]LogModuleManager: Shutting down and abandoning module TextureFormatDXT (135)
[2019.03.24-23.51.07:415][569]LogModuleManager: Shutting down and abandoning module TextureFormatIntelISPCTexComp (133)
[2019.03.24-23.51.07:415][569]LogModuleManager: Shutting down and abandoning module TextureFormatASTC (131)
[2019.03.24-23.51.07:415][569]LogModuleManager: Shutting down and abandoning module ImageWrapper (130)
[2019.03.24-23.51.07:415][569]LogModuleManager: Shutting down and abandoning module TextureFormatAndroid (127)
[2019.03.24-23.51.07:415][569]LogModuleManager: Shutting down and abandoning module AudioFormatOpus (125)
[2019.03.24-23.51.07:415][569]LogModuleManager: Shutting down and abandoning module AudioFormatOgg (123)
[2019.03.24-23.51.07:415][569]LogModuleManager: Shutting down and abandoning module AudioFormatADPCM (121)
[2019.03.24-23.51.07:415][569]LogModuleManager: Shutting down and abandoning module LinuxTargetPlatform (119)
[2019.03.24-23.51.07:415][569]LogModuleManager: Shutting down and abandoning module LinuxServerTargetPlatform (117)
[2019.03.24-23.51.07:415][569]LogModuleManager: Shutting down and abandoning module LinuxNoEditorTargetPlatform (115)
[2019.03.24-23.51.07:415][569]LogModuleManager: Shutting down and abandoning module LinuxClientTargetPlatform (113)
[2019.03.24-23.51.07:415][569]LogModuleManager: Shutting down and abandoning module TVOSTargetPlatform (111)
[2019.03.24-23.51.07:415][569]LogModuleManager: Shutting down and abandoning module Messaging (109)
[2019.03.24-23.51.07:415][569]LogModuleManager: Shutting down and abandoning module IOSTargetPlatform (107)
[2019.03.24-23.51.07:415][569]LogModuleManager: Shutting down and abandoning module HTML5TargetPlatform (105)
[2019.03.24-23.51.07:415][569]LogModuleManager: Shutting down and abandoning module AndroidTargetPlatform (103)
[2019.03.24-23.51.07:415][569]LogModuleManager: Shutting down and abandoning module Android_PVRTCTargetPlatform (101)
[2019.03.24-23.51.07:416][569]LogModuleManager: Shutting down and abandoning module Android_MultiTargetPlatform (99)
[2019.03.24-23.51.07:416][569]LogModuleManager: Shutting down and abandoning module Android_ETC2TargetPlatform (97)
[2019.03.24-23.51.07:416][569]LogModuleManager: Shutting down and abandoning module Android_ETC1TargetPlatform (95)
[2019.03.24-23.51.07:416][569]LogModuleManager: Shutting down and abandoning module Android_ETC1aTargetPlatform (93)
[2019.03.24-23.51.07:416][569]LogModuleManager: Shutting down and abandoning module Android_DXTTargetPlatform (91)
[2019.03.24-23.51.07:416][569]LogModuleManager: Shutting down and abandoning module Android_ATCTargetPlatform (89)
[2019.03.24-23.51.07:416][569]LogModuleManager: Shutting down and abandoning module Android_ASTCTargetPlatform (87)
[2019.03.24-23.51.07:416][569]LogModuleManager: Shutting down and abandoning module WindowsTargetPlatform (85)
[2019.03.24-23.51.07:416][569]LogModuleManager: Shutting down and abandoning module WindowsServerTargetPlatform (83)
[2019.03.24-23.51.07:416][569]LogModuleManager: Shutting down and abandoning module WindowsNoEditorTargetPlatform (81)
[2019.03.24-23.51.07:416][569]LogModuleManager: Shutting down and abandoning module WindowsClientTargetPlatform (79)
[2019.03.24-23.51.07:416][569]LogModuleManager: Shutting down and abandoning module MacTargetPlatform (77)
[2019.03.24-23.51.07:416][569]LogModuleManager: Shutting down and abandoning module MacServerTargetPlatform (75)
[2019.03.24-23.51.07:416][569]LogModuleManager: Shutting down and abandoning module MacNoEditorTargetPlatform (73)
[2019.03.24-23.51.07:416][569]LogModuleManager: Shutting down and abandoning module MacClientTargetPlatform (71)
[2019.03.24-23.51.07:416][569]LogModuleManager: Shutting down and abandoning module AllDesktopTargetPlatform (69)
[2019.03.24-23.51.07:416][569]LogModuleManager: Shutting down and abandoning module InputCore (66)
[2019.03.24-23.51.07:416][569]LogModuleManager: Shutting down and abandoning module Settings (64)
[2019.03.24-23.51.07:416][569]LogModuleManager: Shutting down and abandoning module PhysXCooking (62)
[2019.03.24-23.51.07:416][569]LogModuleManager: Shutting down and abandoning module SteamVR (60)
[2019.03.24-23.51.07:416][569]LogModuleManager: Shutting down and abandoning module OculusHMD (58)
[2019.03.24-23.51.07:416][569]LogModuleManager: Shutting down and abandoning module ExampleDeviceProfileSelector (56)
[2019.03.24-23.51.07:416][569]LogModuleManager: Shutting down and abandoning module AppleARKit (54)
[2019.03.24-23.51.07:416][569]LogModuleManager: Shutting down and abandoning module AugmentedReality (51)
[2019.03.24-23.51.07:416][569]LogModuleManager: Shutting down and abandoning module OnlineBlueprintSupport (48)
[2019.03.24-23.51.07:416][569]LogModuleManager: Shutting down and abandoning module OnlineSubsystem (44)
[2019.03.24-23.51.07:416][569]LogModuleManager: Shutting down and abandoning module XMPP (43)
[2019.03.24-23.51.07:416][569]LogModuleManager: Shutting down and abandoning module HTTP (41)
[2019.03.24-23.51.07:416][569]LogHttp: Display: Http module shutting down, but needs to wait on 1 outstanding Http requests:
[2019.03.24-23.51.07:416][569]LogHttp: Display: 	verb=[POST] url=[https://datarouter.ol.epicgames.com/datarouter/api/v1/public/data?SessionID=%7BC06E5E08-4A71-7180-A05F-27AE9C8F7591%7D&AppID=UEEditor.Rocket.Release&AppVersion=4.19.2-4033788%2B%2B%2BUE4%2BRelease-4.19&UserID=b0614bba4446d6dd654a83bf73c3b879%7Cad51de5736204b87bbacb381d77489b5%7C47d915b6-06d7-43c2-ae29-bf402b2d1df1&AppEnvironment=datacollector-binary&UploadType=eteventstream] status=Processing
[2019.03.24-23.51.07:424][569]LogModuleManager: Shutting down and abandoning module SSL (40)
[2019.03.24-23.51.07:425][569]LogModuleManager: Shutting down and abandoning module AnimationModifiers (36)
[2019.03.24-23.51.07:425][569]LogModuleManager: Shutting down and abandoning module PropertyEditor (35)
[2019.03.24-23.51.07:425][569]LogModuleManager: Shutting down and abandoning module AudioEditor (32)
[2019.03.24-23.51.07:425][569]LogModuleManager: Shutting down and abandoning module TextureCompressor (30)
[2019.03.24-23.51.07:425][569]LogModuleManager: Shutting down and abandoning module ShaderCore (28)
[2019.03.24-23.51.07:425][569]LogModuleManager: Shutting down and abandoning module Landscape (26)
[2019.03.24-23.51.07:425][569]LogModuleManager: Shutting down and abandoning module SlateRHIRenderer (24)
[2019.03.24-23.51.07:426][569]LogModuleManager: Shutting down and abandoning module OpenGLDrv (22)
[2019.03.24-23.51.07:426][569]LogModuleManager: Shutting down and abandoning module D3D11RHI (20)
[2019.03.24-23.51.07:426][569]LogModuleManager: Shutting down and abandoning module AnimGraphRuntime (18)
[2019.03.24-23.51.07:426][569]LogModuleManager: Shutting down and abandoning module Renderer (16)
[2019.03.24-23.51.07:426][569]LogModuleManager: Shutting down and abandoning module Engine (14)
[2019.03.24-23.51.07:426][569]LogModuleManager: Shutting down and abandoning module CoreUObject (12)
[2019.03.24-23.51.07:426][569]LogModuleManager: Shutting down and abandoning module NetworkFile (10)
[2019.03.24-23.51.07:426][569]LogModuleManager: Shutting down and abandoning module CookedIterativeFile (8)
[2019.03.24-23.51.07:426][569]LogModuleManager: Shutting down and abandoning module StreamingFile (6)
[2019.03.24-23.51.07:426][569]LogModuleManager: Shutting down and abandoning module SandboxFile (4)
[2019.03.24-23.51.07:426][569]LogModuleManager: Shutting down and abandoning module PakFile (2)
[2019.03.24-23.51.07:432][569]LogExit: Exiting.
[2019.03.24-23.51.07:447][569]Log file closed, 03/24/19 23:51:07
