Log file open, 05/01/19 10:03:57
LogWindows: Failed to load 'aqProf.dll' (GetLastError=126)
LogWindows: File 'aqProf.dll' does not exist
LogWindows: Failed to load 'VtuneApi.dll' (GetLastError=126)
LogWindows: File 'VtuneApi.dll' does not exist
LogWindows: Failed to load 'VtuneApi32e.dll' (GetLastError=126)
LogWindows: File 'VtuneApi32e.dll' does not exist
LogInit: Display: Running engine for game: WhatsInTheBox
LogPlatformFile: Not using cached read wrapper
LogInit: Display: RandInit(-996803482) SRandInit(-996803482).
LogInit: Read version file with build ID '3944462'
LogInit: Overriding engine version to CL 4033788, compatible CL 3944462
LogInit: Registered custom module enumerator with build ID '3944462'
LogTaskGraph: Started task graph with 5 named threads and 23 total threads with 3 sets of task threads.
LogStats: Stats thread started at 5.265609
LogD3D11RHI: Aftermath initialized
LogICUInternationalization: Display: ICU TimeZone Detection - Raw Offset: +0:00, Platform Override: ''
LogModuleManager: Display: Found up-to-date module file ../../../Engine/Plugins/Runtime/ApexDestruction/Binaries/Win64/UE4Editor-ApexDestruction.dll (API version 3944462).
LogModuleManager: Display: Found up-to-date module file ../../../Engine/Plugins/Runtime/ApexDestruction/Binaries/Win64/UE4Editor-ApexDestructionEditor.dll (API version 3944462).
LogModuleManager: Display: Found up-to-date module file ../../../Engine/Plugins/2D/Paper2D/Binaries/Win64/UE4Editor-Paper2D.dll (API version 3944462).
LogModuleManager: Display: Found up-to-date module file ../../../Engine/Plugins/2D/Paper2D/Binaries/Win64/UE4Editor-Paper2DEditor.dll (API version 3944462).
LogModuleManager: Display: Found up-to-date module file ../../../Engine/Plugins/2D/Paper2D/Binaries/Win64/UE4Editor-PaperSpriteSheetImporter.dll (API version 3944462).
LogModuleManager: Display: Found up-to-date module file ../../../Engine/Plugins/2D/Paper2D/Binaries/Win64/UE4Editor-PaperTiledImporter.dll (API version 3944462).
LogModuleManager: Display: Found up-to-date module file ../../../Engine/Plugins/2D/Paper2D/Binaries/Win64/UE4Editor-SmartSnapping.dll (API version 3944462).
LogModuleManager: Display: Found up-to-date module file ../../../Engine/Plugins/Blendables/LightPropagationVolume/Binaries/Win64/UE4Editor-LightPropagationVolumeRuntime.dll (API version 3944462).
LogModuleManager: Display: Found up-to-date module file ../../../Engine/Plugins/Blendables/LightPropagationVolume/Binaries/Win64/UE4Editor-LightPropagationVolumeEditor.dll (API version 3944462).
LogModuleManager: Display: Found up-to-date module file ../../../Engine/Plugins/Developer/CLionSourceCodeAccess/Binaries/Win64/UE4Editor-CLionSourceCodeAccess.dll (API version 3944462).
LogModuleManager: Display: Found up-to-date module file ../../../Engine/Plugins/Developer/GitSourceControl/Binaries/Win64/UE4Editor-GitSourceControl.dll (API version 3944462).
LogModuleManager: Display: Found up-to-date module file ../../../Engine/Plugins/Developer/PerforceSourceControl/Binaries/Win64/UE4Editor-PerforceSourceControl.dll (API version 3944462).
LogModuleManager: Display: Found up-to-date module file ../../../Engine/Plugins/Developer/SubversionSourceControl/Binaries/Win64/UE4Editor-SubversionSourceControl.dll (API version 3944462).
LogModuleManager: Display: Found up-to-date module file ../../../Engine/Plugins/Developer/UObjectPlugin/Binaries/Win64/UE4Editor-UObjectPlugin.dll (API version 3944462).
LogModuleManager: Display: Found up-to-date module file ../../../Engine/Plugins/Developer/VisualStudioCodeSourceCodeAccess/Binaries/Win64/UE4Editor-VisualStudioCodeSourceCodeAccess.dll (API version 3944462).
LogModuleManager: Display: Found up-to-date module file ../../../Engine/Plugins/Developer/VisualStudioSourceCodeAccess/Binaries/Win64/UE4Editor-VisualStudioSourceCodeAccess.dll (API version 3944462).
LogModuleManager: Display: Found up-to-date module file ../../../Engine/Plugins/Editor/AssetManagerEditor/Binaries/Win64/UE4Editor-AssetManagerEditor.dll (API version 3944462).
LogModuleManager: Display: Found up-to-date module file ../../../Engine/Plugins/Editor/CryptoKeys/Binaries/Win64/UE4Editor-CryptoKeys.dll (API version 3944462).
LogModuleManager: Display: Found up-to-date module file ../../../Engine/Plugins/Editor/CryptoKeys/Binaries/Win64/UE4Editor-CryptoKeysOpenSSL.dll (API version 3944462).
LogModuleManager: Display: Found up-to-date module file ../../../Engine/Plugins/Editor/DataValidation/Binaries/Win64/UE4Editor-DataValidation.dll (API version 3944462).
LogModuleManager: Display: Found up-to-date module file ../../../Engine/Plugins/Editor/FacialAnimation/Binaries/Win64/UE4Editor-FacialAnimation.dll (API version 3944462).
LogModuleManager: Display: Found up-to-date module file ../../../Engine/Plugins/Editor/FacialAnimation/Binaries/Win64/UE4Editor-FacialAnimationEditor.dll (API version 3944462).
LogModuleManager: Display: Found up-to-date module file ../../../Engine/Plugins/Editor/GameplayTagsEditor/Binaries/Win64/UE4Editor-GameplayTagsEditor.dll (API version 3944462).
LogModuleManager: Display: Found up-to-date module file ../../../Engine/Plugins/Editor/MobileLauncherProfileWizard/Binaries/Win64/UE4Editor-MobileLauncherProfileWizard.dll (API version 3944462).
LogModuleManager: Display: Found up-to-date module file ../../../Engine/Plugins/Editor/PluginBrowser/Binaries/Win64/UE4Editor-PluginBrowser.dll (API version 3944462).
LogModuleManager: Display: Found up-to-date module file ../../../Engine/Plugins/Editor/SpeedTreeImporter/Binaries/Win64/UE4Editor-SpeedTreeImporter.dll (API version 3944462).
LogModuleManager: Display: Found up-to-date module file ../../../Engine/Plugins/Enterprise/DatasmithContent/Binaries/Win64/UE4Editor-DatasmithContent.dll (API version 3944462).
LogModuleManager: Display: Found up-to-date module file ../../../Engine/Plugins/Experimental/AlembicImporter/Binaries/Win64/UE4Editor-AlembicImporter.dll (API version 3944462).
LogModuleManager: Display: Found up-to-date module file ../../../Engine/Plugins/Experimental/AlembicImporter/Binaries/Win64/UE4Editor-AlembicLibrary.dll (API version 3944462).
LogModuleManager: Display: Found up-to-date module file ../../../Engine/Plugins/Experimental/CharacterAI/Binaries/Win64/UE4Editor-CharacterAI.dll (API version 3944462).
LogModuleManager: Display: Found up-to-date module file ../../../Engine/Plugins/Experimental/HTML5Networking/Binaries/Win64/UE4Editor-HTML5Networking.dll (API version 3944462).
LogModuleManager: Display: Found up-to-date module file ../../../Engine/Plugins/Media/AndroidMedia/Binaries/Win64/UE4Editor-AndroidMediaEditor.dll (API version 3944462).
LogModuleManager: Display: Found up-to-date module file ../../../Engine/Plugins/Media/AndroidMedia/Binaries/Win64/UE4Editor-AndroidMediaFactory.dll (API version 3944462).
LogModuleManager: Display: Found up-to-date module file ../../../Engine/Plugins/Media/AvfMedia/Binaries/Win64/UE4Editor-AvfMediaEditor.dll (API version 3944462).
LogModuleManager: Display: Found up-to-date module file ../../../Engine/Plugins/Media/AvfMedia/Binaries/Win64/UE4Editor-AvfMediaFactory.dll (API version 3944462).
LogModuleManager: Display: Found up-to-date module file ../../../Engine/Plugins/Media/AvfMedia/Binaries/Win64/UE4Editor-AvfMediaFactory.dll (API version 3944462).
LogModuleManager: Display: Found up-to-date module file ../../../Engine/Plugins/Media/ImgMedia/Binaries/Win64/UE4Editor-ImgMedia.dll (API version 3944462).
LogModuleManager: Display: Found up-to-date module file ../../../Engine/Plugins/Media/ImgMedia/Binaries/Win64/UE4Editor-ImgMediaEditor.dll (API version 3944462).
LogModuleManager: Display: Found up-to-date module file ../../../Engine/Plugins/Media/ImgMedia/Binaries/Win64/UE4Editor-ImgMediaFactory.dll (API version 3944462).
LogModuleManager: Display: Found up-to-date module file ../../../Engine/Plugins/Media/ImgMedia/Binaries/Win64/UE4Editor-ImgMediaFactory.dll (API version 3944462).
LogModuleManager: Display: Found up-to-date module file ../../../Engine/Plugins/Media/ImgMedia/Binaries/Win64/UE4Editor-OpenExrWrapper.dll (API version 3944462).
LogModuleManager: Display: Found up-to-date module file ../../../Engine/Plugins/Media/LinearTimecode/Binaries/Win64/UE4Editor-LinearTimecode.dll (API version 3944462).
LogModuleManager: Display: Found up-to-date module file ../../../Engine/Plugins/Media/MediaCompositing/Binaries/Win64/UE4Editor-MediaCompositing.dll (API version 3944462).
LogModuleManager: Display: Found up-to-date module file ../../../Engine/Plugins/Media/MediaCompositing/Binaries/Win64/UE4Editor-MediaCompositingEditor.dll (API version 3944462).
LogModuleManager: Display: Found up-to-date module file ../../../Engine/Plugins/Media/MediaPlayerEditor/Binaries/Win64/UE4Editor-MediaPlayerEditor.dll (API version 3944462).
LogModuleManager: Display: Found up-to-date module file ../../../Engine/Plugins/Media/WmfMedia/Binaries/Win64/UE4Editor-WmfMedia.dll (API version 3944462).
LogModuleManager: Display: Found up-to-date module file ../../../Engine/Plugins/Media/WmfMedia/Binaries/Win64/UE4Editor-WmfMediaEditor.dll (API version 3944462).
LogModuleManager: Display: Found up-to-date module file ../../../Engine/Plugins/Media/WmfMedia/Binaries/Win64/UE4Editor-WmfMediaFactory.dll (API version 3944462).
LogModuleManager: Display: Found up-to-date module file ../../../Engine/Plugins/Media/WmfMedia/Binaries/Win64/UE4Editor-WmfMediaFactory.dll (API version 3944462).
LogModuleManager: Display: Found up-to-date module file ../../../Engine/Plugins/Messaging/TcpMessaging/Binaries/Win64/UE4Editor-TcpMessaging.dll (API version 3944462).
LogModuleManager: Display: Found up-to-date module file ../../../Engine/Plugins/Messaging/UdpMessaging/Binaries/Win64/UE4Editor-UdpMessaging.dll (API version 3944462).
LogModuleManager: Display: Found up-to-date module file ../../../Engine/Plugins/MovieScene/ActorSequence/Binaries/Win64/UE4Editor-ActorSequence.dll (API version 3944462).
LogModuleManager: Display: Found up-to-date module file ../../../Engine/Plugins/MovieScene/LevelSequenceEditor/Binaries/Win64/UE4Editor-LevelSequenceEditor.dll (API version 3944462).
LogModuleManager: Display: Found up-to-date module file ../../../Engine/Plugins/MovieScene/MatineeToLevelSequence/Binaries/Win64/UE4Editor-MatineeToLevelSequence.dll (API version 3944462).
LogModuleManager: Display: Found up-to-date module file ../../../Engine/Plugins/NetcodeUnitTest/NetcodeUnitTest/Binaries/Win64/UE4Editor-NetcodeUnitTest.dll (API version 3944462).
LogModuleManager: Display: Found up-to-date module file ../../../Engine/Plugins/NetcodeUnitTest/NUTUnrealEngine4/Binaries/Win64/UE4Editor-NUTUnrealEngine4.dll (API version 3944462).
LogModuleManager: Display: Found up-to-date module file ../../../Engine/Plugins/Online/OnlineSubsystem/Binaries/Win64/UE4Editor-OnlineSubsystem.dll (API version 3944462).
LogModuleManager: Display: Found up-to-date module file ../../../Engine/Plugins/Runtime/AndroidPermission/Binaries/Win64/UE4Editor-AndroidPermission.dll (API version 3944462).
LogModuleManager: Display: Found up-to-date module file ../../../Engine/Plugins/Online/OnlineSubsystemNull/Binaries/Win64/UE4Editor-OnlineSubsystemNull.dll (API version 3944462).
LogModuleManager: Display: Found up-to-date module file ../../../Engine/Plugins/Online/OnlineSubsystemUtils/Binaries/Win64/UE4Editor-OnlineSubsystemUtils.dll (API version 3944462).
LogModuleManager: Display: Found up-to-date module file ../../../Engine/Plugins/Online/OnlineSubsystemUtils/Binaries/Win64/UE4Editor-OnlineBlueprintSupport.dll (API version 3944462).
LogModuleManager: Display: Found up-to-date module file ../../../Engine/Plugins/Runtime/AndroidDeviceProfileSelector/Binaries/Win64/UE4Editor-AndroidDeviceProfileSelector.dll (API version 3944462).
LogModuleManager: Display: Found up-to-date module file ../../../Engine/Plugins/Runtime/AppleARKit/Binaries/Win64/UE4Editor-AppleARKit.dll (API version 3944462).
LogModuleManager: Display: Found up-to-date module file ../../../Engine/Plugins/Runtime/ProceduralMeshComponent/Binaries/Win64/UE4Editor-ProceduralMeshComponent.dll (API version 3944462).
LogModuleManager: Display: Found up-to-date module file ../../../Engine/Plugins/Runtime/ProceduralMeshComponent/Binaries/Win64/UE4Editor-ProceduralMeshComponentEditor.dll (API version 3944462).
LogModuleManager: Display: Found up-to-date module file ../../../Engine/Plugins/Animation/LiveLink/Binaries/Win64/UE4Editor-LiveLink.dll (API version 3944462).
LogModuleManager: Display: Found up-to-date module file ../../../Engine/Plugins/Animation/LiveLink/Binaries/Win64/UE4Editor-LiveLinkEditor.dll (API version 3944462).
LogModuleManager: Display: Found up-to-date module file ../../../Engine/Plugins/Runtime/ArchVisCharacter/Binaries/Win64/UE4Editor-ArchVisCharacter.dll (API version 3944462).
LogModuleManager: Display: Found up-to-date module file ../../../Engine/Plugins/Runtime/AudioCapture/Binaries/Win64/UE4Editor-AudioCapture.dll (API version 3944462).
LogModuleManager: Display: Found up-to-date module file ../../../Engine/Plugins/Runtime/AudioCapture/Binaries/Win64/UE4Editor-AudioCaptureEditor.dll (API version 3944462).
LogModuleManager: Display: Found up-to-date module file ../../../Engine/Plugins/Runtime/CableComponent/Binaries/Win64/UE4Editor-CableComponent.dll (API version 3944462).
LogModuleManager: Display: Found up-to-date module file ../../../Engine/Plugins/Runtime/CustomMeshComponent/Binaries/Win64/UE4Editor-CustomMeshComponent.dll (API version 3944462).
LogModuleManager: Display: Found up-to-date module file ../../../Engine/Plugins/Runtime/ExampleDeviceProfileSelector/Binaries/Win64/UE4Editor-ExampleDeviceProfileSelector.dll (API version 3944462).
LogModuleManager: Display: Found up-to-date module file ../../../Engine/Plugins/Runtime/ImmediatePhysics/Binaries/Win64/UE4Editor-ImmediatePhysics.dll (API version 3944462).
LogModuleManager: Display: Found up-to-date module file ../../../Engine/Plugins/Runtime/ImmediatePhysics/Binaries/Win64/UE4Editor-ImmediatePhysicsEditor.dll (API version 3944462).
LogModuleManager: Display: Found up-to-date module file ../../../Engine/Plugins/Runtime/LocationServicesBPLibrary/Binaries/Win64/UE4Editor-LocationServicesBPLibrary.dll (API version 3944462).
LogModuleManager: Display: Found up-to-date module file ../../../Engine/Plugins/Runtime/MobilePatchingUtils/Binaries/Win64/UE4Editor-MobilePatchingUtils.dll (API version 3944462).
LogModuleManager: Display: Found up-to-date module file ../../../Engine/Plugins/Runtime/Oculus/OculusVR/Binaries/Win64/UE4Editor-OculusHMD.dll (API version 3944462).
LogModuleManager: Display: Found up-to-date module file ../../../Engine/Plugins/Runtime/Oculus/OculusVR/Binaries/Win64/UE4Editor-OculusInput.dll (API version 3944462).
LogModuleManager: Display: Found up-to-date module file ../../../Engine/Plugins/Runtime/Oculus/OculusVR/Binaries/Win64/UE4Editor-OculusEditor.dll (API version 3944462).
LogModuleManager: Display: Found up-to-date module file ../../../Engine/Plugins/Runtime/PhysXVehicles/Binaries/Win64/UE4Editor-PhysXVehicles.dll (API version 3944462).
LogModuleManager: Display: Found up-to-date module file ../../../Engine/Plugins/Runtime/PhysXVehicles/Binaries/Win64/UE4Editor-PhysXVehiclesEditor.dll (API version 3944462).
LogModuleManager: Display: Found up-to-date module file ../../../Engine/Plugins/Runtime/RuntimePhysXCooking/Binaries/Win64/UE4Editor-RuntimePhysXCooking.dll (API version 3944462).
LogModuleManager: Display: Found up-to-date module file ../../../Engine/Plugins/Runtime/Steam/SteamVR/Binaries/Win64/UE4Editor-SteamVR.dll (API version 3944462).
LogModuleManager: Display: Found up-to-date module file ../../../Engine/Plugins/Runtime/Steam/SteamVR/Binaries/Win64/UE4Editor-SteamVRController.dll (API version 3944462).
LogModuleManager: Display: Found up-to-date module file ../../../Engine/Plugins/Runtime/WindowsMoviePlayer/Binaries/Win64/UE4Editor-WindowsMoviePlayer.dll (API version 3944462).
LogPluginManager: Mounting plugin Paper2D
LogPluginManager: Mounting plugin LiveLink
LogPluginManager: Mounting plugin LightPropagationVolume
LogPluginManager: Mounting plugin CLionSourceCodeAccess
LogPluginManager: Mounting plugin CodeLiteSourceCodeAccess
LogPluginManager: Mounting plugin GitSourceControl
LogPluginManager: Mounting plugin KDevelopSourceCodeAccess
LogPluginManager: Mounting plugin NullSourceCodeAccess
LogPluginManager: Mounting plugin PerforceSourceControl
LogPluginManager: Mounting plugin SubversionSourceControl
LogPluginManager: Mounting plugin UObjectPlugin
LogPluginManager: Mounting plugin VisualStudioCodeSourceCodeAccess
LogPluginManager: Mounting plugin VisualStudioSourceCodeAccess
LogPluginManager: Mounting plugin XCodeSourceCodeAccess
LogPluginManager: Mounting plugin AssetManagerEditor
LogPluginManager: Mounting plugin CryptoKeys
LogPluginManager: Mounting plugin DataValidation
LogPluginManager: Mounting plugin FacialAnimation
LogPluginManager: Mounting plugin GameplayTagsEditor
LogPluginManager: Mounting plugin MobileLauncherProfileWizard
LogPluginManager: Mounting plugin PluginBrowser
LogPluginManager: Mounting plugin SpeedTreeImporter
LogPluginManager: Mounting plugin DatasmithContent
LogPluginManager: Mounting plugin AlembicImporter
LogPluginManager: Mounting plugin CharacterAI
LogPluginManager: Mounting plugin HTML5Networking
LogPluginManager: Mounting plugin AndroidMedia
LogPluginManager: Mounting plugin AvfMedia
LogPluginManager: Mounting plugin ImgMedia
LogPluginManager: Mounting plugin LinearTimecode
LogPluginManager: Mounting plugin MediaCompositing
LogPluginManager: Mounting plugin MediaPlayerEditor
LogPluginManager: Mounting plugin WmfMedia
LogPluginManager: Mounting plugin TcpMessaging
LogPluginManager: Mounting plugin UdpMessaging
LogPluginManager: Mounting plugin ActorSequence
LogPluginManager: Mounting plugin LevelSequenceEditor
LogPluginManager: Mounting plugin MatineeToLevelSequence
LogPluginManager: Mounting plugin NetcodeUnitTest
LogPluginManager: Mounting plugin NUTUnrealEngine4
LogPluginManager: Mounting plugin OnlineSubsystemGooglePlay
LogPluginManager: Mounting plugin OnlineSubsystemIOS
LogPluginManager: Mounting plugin OnlineSubsystem
LogPluginManager: Mounting plugin OnlineSubsystemNull
LogPluginManager: Mounting plugin OnlineSubsystemUtils
LogPluginManager: Mounting plugin AndroidDeviceProfileSelector
LogPluginManager: Mounting plugin AndroidMoviePlayer
LogPluginManager: Mounting plugin AndroidPermission
LogPluginManager: Mounting plugin ApexDestruction
LogPluginManager: Mounting plugin AppleARKit
LogPluginManager: Mounting plugin AppleMoviePlayer
LogPluginManager: Mounting plugin ArchVisCharacter
LogPluginManager: Mounting plugin AudioCapture
LogPluginManager: Mounting plugin CableComponent
LogPluginManager: Mounting plugin CustomMeshComponent
LogPluginManager: Mounting plugin ExampleDeviceProfileSelector
LogPluginManager: Mounting plugin GoogleCloudMessaging
LogPluginManager: Mounting plugin ImmediatePhysics
LogPluginManager: Mounting plugin IOSDeviceProfileSelector
LogPluginManager: Mounting plugin LinuxDeviceProfileSelector
LogPluginManager: Mounting plugin LocationServicesBPLibrary
LogPluginManager: Mounting plugin MobilePatchingUtils
LogPluginManager: Mounting plugin OculusVR
LogPluginManager: Plugin shader directory ../../../Engine/Plugins/Runtime/Oculus/OculusVR/Shaders found
LogPluginManager: Mapping shader source directory ../../../Engine/Plugins/Runtime/Oculus/OculusVR/Shaders to virtual directory /Plugin/OculusVR
LogPluginManager: Mounting plugin PhysXVehicles
LogPluginManager: Mounting plugin ProceduralMeshComponent
LogPluginManager: Mounting plugin RuntimePhysXCooking
LogPluginManager: Mounting plugin SteamVR
LogPluginManager: Mounting plugin WindowsMoviePlayer
LogStreaming: Display: Took  3.658s to configure plugins.
LogInit: Using libcurl 7.47.1
LogInit:  - built for x86_64-pc-win32
LogInit:  - supports SSL with OpenSSL/1.0.2g
LogInit:  - supports HTTP deflate (compression) using libz 1.2.8
LogInit:  - other features:
LogInit:      CURL_VERSION_SSL
LogInit:      CURL_VERSION_LIBZ
LogInit:      CURL_VERSION_IPV6
LogInit:      CURL_VERSION_ASYNCHDNS
LogInit:      CURL_VERSION_LARGEFILE
LogInit:      CURL_VERSION_IDN
LogInit:  CurlRequestOptions (configurable via config and command line):
LogInit:  - bVerifyPeer = false  - Libcurl will NOT verify peer certificate
LogInit:  - bUseHttpProxy = false  - Libcurl will NOT use HTTP proxy
LogInit:  - bDontReuseConnections = false  - Libcurl will reuse connections
LogInit:  - CertBundlePath = nullptr  - Libcurl will use whatever was configured at build time.
LogInit:  - MaxHostConnections = 16  - Libcurl will limit the number of connections to a host
LogInit:  - LocalHostAddr = Default
LogInit: WinSock: version 1.1 (2.2), MaxSocks=32767, MaxUdp=65467
LogInit: WinSock: I am Corsair-Gaming-Beast (192.168.56.1:0)
LogInit: Build: ++UE4+Release-4.19-CL-4033788
LogInit: Engine Version: 4.19.2-4033788+++UE4+Release-4.19
LogInit: Compatible Engine Version: 4.19.0-3944462+++UE4+Release-4.19
LogInit: Net CL: 3944462
LogDevObjectVersion: Number of dev versions registered: 18
LogDevObjectVersion:   Dev-Blueprints (B0D832E4-1F89-4F0D-ACCF-7EB736FD4AA2): 10
LogDevObjectVersion:   Dev-Build (E1C64328-A22C-4D53-A36C-8E866417BD8C): 0
LogDevObjectVersion:   Dev-Core (375EC13C-06E4-48FB-B500-84F0262A717E): 2
LogDevObjectVersion:   Dev-Editor (E4B068ED-F494-42E9-A231-DA0B2E46BB41): 23
LogDevObjectVersion:   Dev-Framework (CFFC743F-43B0-4480-9391-14DF171D2073): 33
LogDevObjectVersion:   Dev-Mobile (B02B49B5-BB20-44E9-A304-32B752E40360): 2
LogDevObjectVersion:   Dev-Networking (A4E4105C-59A1-49B5-A7C5-40C4547EDFEE): 0
LogDevObjectVersion:   Dev-Online (39C831C9-5AE6-47DC-9A44-9C173E1C8E7C): 0
LogDevObjectVersion:   Dev-Physics (78F01B33-EBEA-4F98-B9B4-84EACCB95AA2): 0
LogDevObjectVersion:   Dev-Platform (6631380F-2D4D-43E0-8009-CF276956A95A): 0
LogDevObjectVersion:   Dev-Rendering (12F88B9F-8875-4AFC-A67C-D90C383ABD29): 25
LogDevObjectVersion:   Dev-Sequencer (7B5AE74C-D270-4C10-A958-57980B212A5A): 6
LogDevObjectVersion:   Dev-VR (D7296918-1DD6-4BDD-9DE2-64A83CC13884): 1
LogDevObjectVersion:   Dev-LoadTimes (C2A15278-BFE7-4AFE-6C17-90FF531DF755): 1
LogDevObjectVersion:   Private-Geometry (6EACA3D4-40EC-4CC1-B786-8BED09428FC5): 2
LogDevObjectVersion:   Dev-AnimPhys (29E575DD-E0A3-4627-9D10-D276232CDCEA): 16
LogDevObjectVersion:   Dev-ReflectionCapture (6B266CEC-1EC7-4B8F-A30B-E4D90942FC07): 1
LogDevObjectVersion:   Dev-Automation (0DF73D61-A23F-47EA-B727-89E90C41499A): 1
LogInit: Compiled (64-bit): Apr 27 2018 02:06:57
LogInit: Compiled with Visual C++: 19.00.24215.01
LogInit: Build Configuration: Development
LogInit: Branch Name: ++UE4+Release-4.19
LogInit: Command Line:  
LogInit: Base Directory: D:/Unreal/UE_4.19/Engine/Binaries/Win64/
LogInit: Installed Engine Build: 1
LogStreaming: Display: Took  0.054s to delete old logs.
LogInit: Presizing for max 8388607 objects, including 0 objects not considered by GC, pre-allocating 0 bytes for permanent pool.
LogInit: Object subsystem initialized
[2019.05.01-09.04.02:879][  0]LogInit: Selected Device Profile: [Windows]
[2019.05.01-09.04.02:879][  0]LogInit: Applying CVar settings loaded from the selected device profile: [Windows]
[2019.05.01-09.04.02:995][  0]LogInit: Computer: CORSAIR-GAMING-
[2019.05.01-09.04.02:995][  0]LogInit: User: James
[2019.05.01-09.04.02:995][  0]LogInit: CPU Page size=4096, Cores=4
[2019.05.01-09.04.02:995][  0]LogInit: High frequency timer resolution =3.417968 MHz
[2019.05.01-09.04.02:996][  0]LogMemory: Memory total: Physical=15.9GB (16GB approx)
[2019.05.01-09.04.02:996][  0]LogMemory: Platform Memory Stats for Windows
[2019.05.01-09.04.02:996][  0]LogMemory: Process Physical Memory: 274.21 MB used, 274.21 MB peak
[2019.05.01-09.04.02:996][  0]LogMemory: Process Virtual Memory: 264.72 MB used, 264.72 MB peak
[2019.05.01-09.04.02:996][  0]LogMemory: Physical Memory: 3628.01 MB used,  12693.32 MB free, 16321.33 MB total
[2019.05.01-09.04.02:996][  0]LogMemory: Virtual Memory: 4795.56 MB used,  12693.32 MB free, 134217728.00 MB total
[2019.05.01-09.04.04:165][  0]LogInit: Using OS detected language (en-GB).
[2019.05.01-09.04.04:165][  0]LogInit: Using OS detected locale (en-GB).
[2019.05.01-09.04.04:457][  0]LogTextLocalizationManager: No specific localization for 'en-GB' exists, so the 'en' localization will be used.
[2019.05.01-09.04.05:532][  0]LogStreaming: Display: Took  1.340s to EndInitTextLocalization.
[2019.05.01-09.04.05:569][  0]LogInit: Setting process to per monitor DPI aware
[2019.05.01-09.04.06:296][  0]LogSlate: New Slate User Created.  User Index 0, Is Virtual User: 0
[2019.05.01-09.04.06:296][  0]LogSlate: Slate User Registered.  User Index 0, Is Virtual User: 0
[2019.05.01-09.04.08:829][  0]LogD3D11RHI: D3D11 adapters:
[2019.05.01-09.04.08:900][  0]LogD3D11RHI:    0. 'NVIDIA GeForce GTX 1050 Ti' (Feature Level 11_0)
[2019.05.01-09.04.08:900][  0]LogD3D11RHI:       4018/0/8160 MB DedicatedVideo/DedicatedSystem/SharedSystem, Outputs:1, VendorId:0x10de
[2019.05.01-09.04.08:903][  0]LogD3D11RHI:    1. 'Microsoft Basic Render Driver' (Feature Level 11_0)
[2019.05.01-09.04.08:903][  0]LogD3D11RHI:       0/0/8160 MB DedicatedVideo/DedicatedSystem/SharedSystem, Outputs:0, VendorId:0x1414
[2019.05.01-09.04.08:903][  0]LogD3D11RHI: Chosen D3D11 Adapter: 0
[2019.05.01-09.04.08:910][  0]LogD3D11RHI: Creating new Direct3DDevice
[2019.05.01-09.04.08:910][  0]LogD3D11RHI:     GPU DeviceId: 0x1c82 (for the marketing name, search the web for "GPU Device Id")
[2019.05.01-09.04.08:910][  0]LogWindows: EnumDisplayDevices:
[2019.05.01-09.04.08:911][  0]LogWindows:    0. 'NVIDIA GeForce GTX 1050 Ti' (P:1 D:1)
[2019.05.01-09.04.08:911][  0]LogWindows:    1. 'NVIDIA GeForce GTX 1050 Ti' (P:0 D:0)
[2019.05.01-09.04.08:911][  0]LogWindows:    2. 'NVIDIA GeForce GTX 1050 Ti' (P:0 D:0)
[2019.05.01-09.04.08:911][  0]LogWindows:    3. 'NVIDIA GeForce GTX 1050 Ti' (P:0 D:0)
[2019.05.01-09.04.08:911][  0]LogWindows: DebugString: GetVideoDriverDetailsInvalid PrimaryIsNotTheChoosenAdapter GetVideoDriverDetailsInvalid PrimaryIsNotTheChoosenAdapter GetVideoDriverDetailsInvalid PrimaryIsNotTheChoosenAdapter GetVideoDriverDetailsInvalid PrimaryIsNotTheChoosenAdapter FoundDriverCount:0 
[2019.05.01-09.04.08:911][  0]LogD3D11RHI:     Adapter Name: NVIDIA GeForce GTX 1050 Ti
[2019.05.01-09.04.08:911][  0]LogD3D11RHI:   Driver Version: Unknown (internal:Unknown, unified:Unknown)
[2019.05.01-09.04.08:911][  0]LogD3D11RHI:      Driver Date: Unknown
[2019.05.01-09.04.08:912][  0]LogRHI: Texture pool is 2812 MB (70% of 4018 MB)
[2019.05.01-09.04.08:969][  0]LogD3D11RHI: [Aftermath] Aftermath enabled and primed
[2019.05.01-09.04.08:969][  0]LogD3D11RHI: [Aftermath] Aftermath enabled and primed
[2019.05.01-09.04.08:969][  0]LogD3D11RHI: Async texture creation enabled
[2019.05.01-09.04.09:322][  0]LogD3D11RHI: GPU Timing Frequency: 1000.000000 (Debug: 2 1)
[2019.05.01-09.04.09:494][  0]LogShaderCompilers: Guid format shader working directory is 19 characters bigger than the processId version (J:/1.This one/WhatsInTheBox/Intermediate/Shaders/WorkingDirectory/3560/).
[2019.05.01-09.04.09:501][  0]LogShaderCompilers: Cleaned the shader compiler working directory 'C:/Users/James/AppData/Local/Temp/UnrealShaderWorkingDir/EEC5C46842802C1D2CA8B69B1B0D2B2E/'.
[2019.05.01-09.04.10:863][  0]LogTemp: Display: Loaded TP AllDesktopTargetPlatform
[2019.05.01-09.04.10:877][  0]LogTemp: Display: Loaded TP MacClientTargetPlatform
[2019.05.01-09.04.10:889][  0]LogTemp: Display: Loaded TP MacNoEditorTargetPlatform
[2019.05.01-09.04.10:900][  0]LogTemp: Display: Loaded TP MacServerTargetPlatform
[2019.05.01-09.04.10:975][  0]LogTemp: Display: Loaded TP MacTargetPlatform
[2019.05.01-09.04.10:987][  0]LogTemp: Display: Loaded TP WindowsClientTargetPlatform
[2019.05.01-09.04.11:000][  0]LogTemp: Display: Loaded TP WindowsNoEditorTargetPlatform
[2019.05.01-09.04.11:013][  0]LogTemp: Display: Loaded TP WindowsServerTargetPlatform
[2019.05.01-09.04.11:018][  0]LogTemp: Display: Loaded TP WindowsTargetPlatform
[2019.05.01-09.04.11:030][  0]LogTemp: Display: Loaded TP Android_ASTCTargetPlatform
[2019.05.01-09.04.11:041][  0]LogTemp: Display: Loaded TP Android_ATCTargetPlatform
[2019.05.01-09.04.11:052][  0]LogTemp: Display: Loaded TP Android_DXTTargetPlatform
[2019.05.01-09.04.11:064][  0]LogTemp: Display: Loaded TP Android_ETC1aTargetPlatform
[2019.05.01-09.04.11:076][  0]LogTemp: Display: Loaded TP Android_ETC1TargetPlatform
[2019.05.01-09.04.11:087][  0]LogTemp: Display: Loaded TP Android_ETC2TargetPlatform
[2019.05.01-09.04.11:109][  0]LogTemp: Display: Loaded TP Android_MultiTargetPlatform
[2019.05.01-09.04.11:109][  0]LogTemp: Display: Loaded TP Android_PVRTCTargetPlatform
[2019.05.01-09.04.11:158][  0]LogTemp: Display: Loaded TP AndroidTargetPlatform
[2019.05.01-09.04.11:160][  0]LogTemp: Display: Loaded TP HTML5TargetPlatform
[2019.05.01-09.04.11:296][  0]LogTemp: Display: Loaded TP IOSTargetPlatform
[2019.05.01-09.04.11:317][  0]LogTemp: Display: Loaded TP TVOSTargetPlatform
[2019.05.01-09.04.11:330][  0]LogTemp: Display: Loaded TP LinuxClientTargetPlatform
[2019.05.01-09.04.11:343][  0]LogTemp: Display: Loaded TP LinuxNoEditorTargetPlatform
[2019.05.01-09.04.11:354][  0]LogTemp: Display: Loaded TP LinuxServerTargetPlatform
[2019.05.01-09.04.11:376][  0]LogTemp: Display: Loaded TP LinuxTargetPlatform
[2019.05.01-09.04.11:376][  0]LogTargetPlatformManager: Display: Building Assets For Windows
[2019.05.01-09.04.12:437][  0]LogXGEController: Cleaning working directory: C:/Users/James/AppData/Local/Temp/UnrealXGEWorkingDir/
[2019.05.01-09.04.12:437][  0]LogXGEController: Cannot use XGE Controller as Incredibuild is not installed on this machine.
[2019.05.01-09.04.12:457][  0]LogShaderCompilers: Cannot use XGE Shader Compiler as Incredibuild is not installed on this machine.
[2019.05.01-09.04.12:457][  0]LogShaderCompilers: Display: Using Local Shader Compiler.
[2019.05.01-09.04.16:245][  0]LogDerivedDataCache: Display: Max Cache Size: 512 MB
[2019.05.01-09.04.17:000][  0]LogDerivedDataCache: Loaded boot cache 0.75s 74MB C:/Users/James/AppData/Local/UnrealEngine/4.19/DerivedDataCache/Boot.ddc.
[2019.05.01-09.04.17:000][  0]LogDerivedDataCache: Display: Loaded Boot cache: C:/Users/James/AppData/Local/UnrealEngine/4.19/DerivedDataCache/Boot.ddc
[2019.05.01-09.04.17:000][  0]LogDerivedDataCache: FDerivedDataBackendGraph:  Pak pak cache file J:/1.This one/WhatsInTheBox/DerivedDataCache/DDC.ddp not found, will not use a pak cache.
[2019.05.01-09.04.17:000][  0]LogDerivedDataCache: Unable to find inner node Pak for hierarchical cache Hierarchy.
[2019.05.01-09.04.17:000][  0]LogDerivedDataCache: FDerivedDataBackendGraph:  CompressedPak pak cache file J:/1.This one/WhatsInTheBox/DerivedDataCache/Compressed.ddp not found, will not use a pak cache.
[2019.05.01-09.04.17:000][  0]LogDerivedDataCache: Unable to find inner node CompressedPak for hierarchical cache Hierarchy.
[2019.05.01-09.04.17:095][  0]LogDerivedDataCache: Display: Pak cache opened for reading ../../../Engine/DerivedDataCache/Compressed.ddp.
[2019.05.01-09.04.17:109][  0]LogDerivedDataCache: Using Local data cache path C:/Users/James/AppData/Local/UnrealEngine/Common/DerivedDataCache: Writable
[2019.05.01-09.04.17:109][  0]LogDerivedDataCache: Shared data cache path not found in *engine.ini, will not use an Shared cache.
[2019.05.01-09.04.17:109][  0]LogDerivedDataCache: Unable to find inner node Shared for hierarchical cache Hierarchy.
[2019.05.01-09.04.17:191][  0]LogMaterial: Verifying Global Shaders for PCD3D_SM5
[2019.05.01-09.04.17:252][  0]LogSlate: Using Freetype 2.6.0
[2019.05.01-09.04.17:417][  0]LogSlate: SlateFontCache - WITH_FREETYPE: 1, WITH_HARFBUZZ: 1
[2019.05.01-09.04.17:417][  0]LogSlate: SlateFontCache - WITH_FREETYPE: 1, WITH_HARFBUZZ: 1
[2019.05.01-09.04.23:886][  0]LogAssetRegistry: FAssetRegistry took 0.0471 seconds to start up
[2019.05.01-09.04.28:203][  0]LogInit: Selected Device Profile: [Windows]
[2019.05.01-09.04.30:072][  0]LogSimplygon: Simplygon DLL not present - disabling.
[2019.05.01-09.04.30:146][  0]LogMeshReduction: Using SimplygonSwarm for distributed automatic mesh merging
[2019.05.01-09.04.30:163][  0]LogMeshReduction: Using QuadricMeshReduction for automatic static mesh reduction
[2019.05.01-09.04.30:164][  0]LogMeshReduction: No automatic skeletal mesh reduction module available
[2019.05.01-09.04.30:164][  0]LogMeshReduction: No automatic mesh merging module available
[2019.05.01-09.04.30:164][  0]LogMeshMerging: No automatic mesh merging module available
[2019.05.01-09.04.30:754][  0]LogNetVersion: WhatsInTheBox , NetCL: 3944462, EngineNetVer: 2, GameNetVer: 0 (Checksum: 882486456)
[2019.05.01-09.04.36:252][  0]LogPackageLocalizationCache: Processed 9 localized package path(s) for 2 prioritized culture(s) in 0.242780 seconds
[2019.05.01-09.04.36:269][  0]LogUObjectArray: 36728 objects as part of root set at end of initial load.
[2019.05.01-09.04.36:269][  0]LogUObjectAllocator: 7314304 out of 0 bytes used by permanent object pool.
[2019.05.01-09.04.36:269][  0]LogUObjectArray: CloseDisregardForGC: 0/0 objects in disregard for GC pool
[2019.05.01-09.04.53:605][  0]LogTcpMessaging: Initializing TcpMessaging bridge
[2019.05.01-09.04.53:635][  0]LogUdpMessaging: Initializing bridge on interface 0.0.0.0:0 to multicast group 230.0.0.1:6666.
[2019.05.01-09.04.54:464][  0]SourceControl: Source control is disabled
[2019.05.01-09.04.54:465][  0]SourceControl: Source control is disabled
[2019.05.01-09.04.54:483][  0]SourceControl: Source control is disabled
[2019.05.01-09.04.54:499][  0]SourceControl: Source control is disabled
[2019.05.01-09.04.55:204][  0]LogAndroidPermission: UAndroidPermissionCallbackProxy::GetInstance
[2019.05.01-09.04.55:395][  0]LogOcInput: OculusInput pre-init called
[2019.05.01-09.04.55:962][  0]LogEngine: Initializing Engine...
[2019.05.01-09.04.55:982][  0]LogHMD: Failed to initialize OpenVR with code 110
[2019.05.01-09.04.56:000][  0]LogStats: UGameplayTagsManager::ConstructGameplayTagTree: Construct from data asset -  0.000 s
[2019.05.01-09.04.56:000][  0]LogStats: UGameplayTagsManager::ConstructGameplayTagTree: GameplayTagTreeChangedEvent.Broadcast -  0.000 s
[2019.05.01-09.04.57:202][  0]LogAIModule: Creating AISystem for world Untitled
[2019.05.01-09.04.57:391][  0]LogInit: XAudio2 using 'Headphones (High Definition Audio Device)' : 2 channels at 48 kHz using 16 bits per sample (channel mask 0x3)
[2019.05.01-09.04.57:471][  0]LogInit: FAudioDevice initialized.
[2019.05.01-09.04.57:595][  0]LogDerivedDataCache: Saved boot cache 0.12s 74MB C:/Users/James/AppData/Local/UnrealEngine/4.19/DerivedDataCache/Boot.ddc.
[2019.05.01-09.04.57:641][  0]LogInit: Texture streaming: Enabled
[2019.05.01-09.04.57:719][  0]LogEngineSessionManager: EngineSessionManager initialized
[2019.05.01-09.04.57:860][  0]LogInit: Transaction tracking system initialized
[2019.05.01-09.04.58:266][  0]BlueprintLog: New page: Editor Load
[2019.05.01-09.04.59:354][  0]LocalizationService: Localization service is disabled
[2019.05.01-09.05.00:177][  0]LogUObjectGlobals: Created PersistentFrame Addr=0x0000024e2988d960, Size=88, Default__Landscape_Sculpt_Mode_C Function /Engine/Tutorial/Landscape/Landscape_Sculpt_Mode.Landscape_Sculpt_Mode_C:ExecuteUbergraph_Landscape_Sculpt_Mode
[2019.05.01-09.05.00:281][  0]LogUObjectGlobals: Destroyed PersistentFrame Addr=0x0000024e2988d960, Size=88
[2019.05.01-09.05.00:281][  0]LogUObjectGlobals: Created PersistentFrame Addr=0x0000024e2988d960, Size=88, Default__Landscape_Sculpt_Mode_C Function /Engine/Transient.REINST_Landscape_Sculpt_Mode_C_3:ExecuteUbergraph_Landscape_Sculpt_Mode
[2019.05.01-09.05.00:395][  0]LogUObjectGlobals: Created PersistentFrame Addr=0x0000024e295971f0, Size=80, Default__Landscape_Sculpt_Mode_C Function /Engine/Tutorial/Landscape/Landscape_Sculpt_Mode.Landscape_Sculpt_Mode_C:ExecuteUbergraph_Landscape_Sculpt_Mode
[2019.05.01-09.05.00:775][  0]LogConsoleResponse: Display: 
[2019.05.01-09.05.03:001][  0]LogFileCache: Scanning file cache for directory 'J:/1.This one/WhatsInTheBox/Content/' took 0.02s
[2019.05.01-09.05.03:001][  0]LogCook: Display: Max memory allowance for cook 16384mb min free memory 0mb
[2019.05.01-09.05.03:001][  0]LogCook: Display: Mobile HDR setting 1
[2019.05.01-09.05.03:002][  0]LogGameplayTags: Display: UGameplayTagsManager::DoneAddingNativeTags. DelegateIsBound: 0
[2019.05.01-09.05.03:002][  0]LogStats: UGameplayTagsManager::ConstructGameplayTagTree: Construct from data asset -  0.000 s
[2019.05.01-09.05.03:002][  0]LogStats: UGameplayTagsManager::ConstructGameplayTagTree: GameplayTagTreeChangedEvent.Broadcast -  0.000 s
[2019.05.01-09.05.04:787][  0]SourceControl: Source control is disabled
[2019.05.01-09.05.04:833][  0]Cmd: MAP LOAD FILE="J:/1.This one/WhatsInTheBox/Content/Levels/MenuGame.umap" TEMPLATE=0 SHOWPROGRESS=1 FEATURELEVEL=3
[2019.05.01-09.05.04:937][  0]LightingResults: New page: Lighting Build
[2019.05.01-09.05.05:048][  0]MapCheck: New page: Map Check
[2019.05.01-09.05.05:048][  0]LightingResults: New page: Lighting Build
[2019.05.01-09.05.05:283][  0]LogUObjectGlobals: Destroyed PersistentFrame Addr=0x0000024e2988d960, Size=88
[2019.05.01-09.05.05:426][  0]LogUObjectGlobals: Created PersistentFrame Addr=0x0000024e2935bac0, Size=176, Default__BP_Rotating_Camera_C Function /Game/Core/BP_Controller/BP_Rotating_Camera.BP_Rotating_Camera_C:ExecuteUbergraph_BP_Rotating_Camera
[2019.05.01-09.05.05:470][  0]LogUObjectGlobals: Destroyed PersistentFrame Addr=0x0000024e2935bac0, Size=176
[2019.05.01-09.05.05:470][  0]LogUObjectGlobals: Created PersistentFrame Addr=0x0000024e2935bac0, Size=176, Default__BP_Rotating_Camera_C Function /Engine/Transient.REINST_BP_Rotating_Camera_C_5:ExecuteUbergraph_BP_Rotating_Camera
[2019.05.01-09.05.05:471][  0]LogUObjectGlobals: Created PersistentFrame Addr=0x0000024e2935ae00, Size=176, Default__BP_Rotating_Camera_C Function /Game/Core/BP_Controller/BP_Rotating_Camera.BP_Rotating_Camera_C:ExecuteUbergraph_BP_Rotating_Camera
[2019.05.01-09.05.05:819][  0]LogUObjectGlobals: Created PersistentFrame Addr=0x0000024e293db8f0, Size=4, Default__Start_C Function /Game/Start.Start_C:ExecuteUbergraph_Start
[2019.05.01-09.05.05:923][  0]LogUObjectGlobals: Destroyed PersistentFrame Addr=0x0000024e293db8f0, Size=4
[2019.05.01-09.05.05:923][  0]LogUObjectGlobals: Created PersistentFrame Addr=0x0000024e293db8f0, Size=4, Default__Start_C Function /Engine/Transient.REINST_Start_C_0:ExecuteUbergraph_Start
[2019.05.01-09.05.05:927][  0]LogUObjectGlobals: Created PersistentFrame Addr=0x0000024e293dbb10, Size=4, Default__Start_C Function /Game/Start.Start_C:ExecuteUbergraph_Start
[2019.05.01-09.05.05:955][  0]LogUObjectGlobals: Created PersistentFrame Addr=0x0000024e0a85bd00, Size=24, Default__MenuGame_C Function /Game/Levels/MenuGame.MenuGame_C:ExecuteUbergraph_MenuGame
[2019.05.01-09.05.05:958][  0]LogUObjectGlobals: Destroyed PersistentFrame Addr=0x0000024e0a85bd00, Size=24
[2019.05.01-09.05.05:958][  0]LogUObjectGlobals: Created PersistentFrame Addr=0x0000024e0a85bd00, Size=24, Default__MenuGame_C Function /Engine/Transient.REINST_MenuGame_C_8:ExecuteUbergraph_MenuGame
[2019.05.01-09.05.05:961][  0]LogUObjectGlobals: Created PersistentFrame Addr=0x0000024e0a85b670, Size=24, Default__MenuGame_C Function /Game/Levels/MenuGame.MenuGame_C:ExecuteUbergraph_MenuGame
[2019.05.01-09.05.06:253][  0]LogAIModule: Creating AISystem for world MenuGame
[2019.05.01-09.05.06:782][  0]LogEditorServer: Finished looking for orphan Actors (0.000 secs)
[2019.05.01-09.05.06:893][  0]LogUObjectGlobals: Destroyed PersistentFrame Addr=0x0000024e2935bac0, Size=176
[2019.05.01-09.05.06:893][  0]LogUObjectGlobals: Destroyed PersistentFrame Addr=0x0000024e293db8f0, Size=4
[2019.05.01-09.05.06:893][  0]LogUObjectGlobals: Destroyed PersistentFrame Addr=0x0000024e0a85bd00, Size=24
[2019.05.01-09.05.06:909][  0]Cmd: MAP CHECKDEP NOCLEARLOG
[2019.05.01-09.05.06:962][  0]MapCheck: Map check complete: 0 Error(s), 0 Warning(s), took 52.559ms to complete.
[2019.05.01-09.05.06:962][  0]LogFileHelpers: Loading map 'MenuGame' took 2.145
[2019.05.01-09.05.11:037][  0]LogCollectionManager: Loaded 0 collections in 0.001245 seconds
[2019.05.01-09.05.11:299][  0]LogFileCache: Scanning file cache for directory 'J:/1.This one/WhatsInTheBox/Saved/Collections/' took 0.01s
[2019.05.01-09.05.11:299][  0]LogFileCache: Scanning file cache for directory 'J:/1.This one/WhatsInTheBox/Content/Developers/James/Collections/' took 0.01s
[2019.05.01-09.05.11:299][  0]LogFileCache: Scanning file cache for directory 'J:/1.This one/WhatsInTheBox/Content/Collections/' took 0.01s
[2019.05.01-09.05.11:299][  0]LogCollectionManager: Rebuilt the GUID cache for 0 collections in 0.000001 seconds
[2019.05.01-09.05.11:311][  0]LogContentBrowser: Native class hierarchy populated in 0.0103 seconds. Added 2462 classes and 565 folders.
[2019.05.01-09.05.11:359][  0]LogContentBrowser: Native class hierarchy updated for 'WidgetCarousel' in 0.0002 seconds. Added 0 classes and 0 folders.
[2019.05.01-09.05.12:449][  0]LogContentBrowser: Native class hierarchy updated for 'AddContentDialog' in 0.0002 seconds. Added 0 classes and 0 folders.
[2019.05.01-09.05.12:634][  0]LogSlate: Took 0.022186 seconds to synchronously load lazily loaded font '../../../Engine/Content/Slate/Fonts/Roboto-Regular.ttf' (155K)
[2019.05.01-09.05.12:662][  0]LogSlate: Took 0.025862 seconds to synchronously load lazily loaded font '../../../Engine/Content/Slate/Fonts/Roboto-Bold.ttf' (160K)
[2019.05.01-09.05.12:751][  0]LogSlate: Took 0.018016 seconds to synchronously load lazily loaded font '../../../Engine/Content/Editor/Slate/Fonts/FontAwesome.ttf' (139K)
[2019.05.01-09.05.13:212][  0]LogRenderer: Reallocating scene render targets to support 1060x580 Format 10 NumSamples 1 (Frame:1).
[2019.05.01-09.05.13:779][  0]LogSlate: Took 0.042394 seconds to synchronously load lazily loaded font '../../../Engine/Content/Slate/Fonts/Roboto-Light.ttf' (167K)
[2019.05.01-09.05.13:924][  0]LogContentBrowser: Native class hierarchy updated for 'HierarchicalLODOutliner' in 0.0003 seconds. Added 0 classes and 0 folders.
[2019.05.01-09.05.13:924][  0]LogLoad: (Engine Initialization) Total time: 92.80 seconds
[2019.05.01-09.05.13:924][  0]LogLoad: (Engine Initialization) Total Blueprint compile time: 0.00 seconds
[2019.05.01-09.05.14:032][  0]LogContentStreaming: Texture pool size now 1000 MB
[2019.05.01-09.05.14:228][  1]LogAssetRegistry: Asset discovery search completed in 50.3638 seconds
[2019.05.01-09.05.14:230][  1]LogCollectionManager: Rebuilt the object cache for 0 collections in 0.000000 seconds (found 0 objects)
[2019.05.01-09.05.14:230][  1]LogCollectionManager: Fixed up redirectors for 0 collections in 0.000041 seconds (updated 0 objects)
[2019.05.01-09.05.14:965][ 74]LogSlate: Took 0.000209 seconds to synchronously load lazily loaded font '../../../Engine/Content/Slate/Fonts/Roboto-Light.ttf' (167K)
[2019.05.01-09.05.17:424][355]LogSlate: FSceneViewport::OnFocusLost() reason 0
[2019.05.01-09.05.18:844][512]LogSlate: FSceneViewport::OnFocusLost() reason 0
[2019.05.01-09.05.18:902][519]LogTemp: Repeating last play command: Selected Viewport
[2019.05.01-09.05.18:944][519]LogBlueprintUserMessages: Early PlayInEditor Detection: Level '/Game/Levels/MenuGame.MenuGame:PersistentLevel' has LevelScriptBlueprint '/Game/Levels/MenuGame.MenuGame:PersistentLevel.MenuGame' with GeneratedClass '/Game/Levels/MenuGame.MenuGame_C' with ClassGeneratedBy '/Game/Levels/MenuGame.MenuGame:PersistentLevel.MenuGame'
[2019.05.01-09.05.18:945][519]LogPlayLevel: PlayLevel: No blueprints needed recompiling
[2019.05.01-09.05.18:979][519]PIE: New page: PIE session: MenuGame (1 May 2019 11:05:18)
[2019.05.01-09.05.18:991][519]LogPlayLevel: Creating play world package: /Game/Levels/UEDPIE_0_MenuGame
[2019.05.01-09.05.19:019][519]LogPlayLevel: PIE: StaticDuplicateObject took: (0.028479s)
[2019.05.01-09.05.19:020][519]LogAIModule: Creating AISystem for world MenuGame
[2019.05.01-09.05.19:035][519]LogPlayLevel: PIE: World Init took: (0.016150s)
[2019.05.01-09.05.19:035][519]LogPlayLevel: PIE: Created PIE world by copying editor world from /Game/Levels/MenuGame.MenuGame to /Game/Levels/UEDPIE_0_MenuGame.MenuGame (0.056435s)
[2019.05.01-09.05.19:082][519]LogInit: XAudio2 using 'Headphones (High Definition Audio Device)' : 2 channels at 48 kHz using 16 bits per sample (channel mask 0x3)
[2019.05.01-09.05.19:088][519]LogInit: FAudioDevice initialized.
[2019.05.01-09.05.19:208][519]LogUObjectGlobals: Created PersistentFrame Addr=0x0000024e471b6ce0, Size=28, Default__BP_Cue_Ball_01_C Function /Game/Core/BP_Controller/BP_Cue_Ball_01.BP_Cue_Ball_01_C:ExecuteUbergraph_BP_Cue_Ball_01
[2019.05.01-09.05.19:210][519]LogUObjectGlobals: Destroyed PersistentFrame Addr=0x0000024e471b6ce0, Size=28
[2019.05.01-09.05.19:210][519]LogUObjectGlobals: Created PersistentFrame Addr=0x0000024e471b6ce0, Size=28, Default__BP_Cue_Ball_01_C Function /Engine/Transient.REINST_BP_Cue_Ball_01_C_10:ExecuteUbergraph_BP_Cue_Ball_01
[2019.05.01-09.05.19:211][519]LogUObjectGlobals: Created PersistentFrame Addr=0x0000024e471b61e0, Size=28, Default__BP_Cue_Ball_01_C Function /Game/Core/BP_Controller/BP_Cue_Ball_01.BP_Cue_Ball_01_C:ExecuteUbergraph_BP_Cue_Ball_01
[2019.05.01-09.05.19:284][519]LogUObjectGlobals: Created PersistentFrame Addr=0x0000024e4b32d800, Size=288, Default__BP_Player_Controller_C Function /Game/Core/BP_Controller/BP_Player_Controller.BP_Player_Controller_C:ExecuteUbergraph_BP_Player_Controller
[2019.05.01-09.05.19:288][519]LogUObjectGlobals: Destroyed PersistentFrame Addr=0x0000024e4b32d800, Size=288
[2019.05.01-09.05.19:288][519]LogUObjectGlobals: Created PersistentFrame Addr=0x0000024e4b32d800, Size=288, Default__BP_Player_Controller_C Function /Engine/Transient.REINST_BP_Player_Controller_C_14:ExecuteUbergraph_BP_Player_Controller
[2019.05.01-09.05.19:298][519]LogUObjectGlobals: Created PersistentFrame Addr=0x0000024e38573740, Size=288, Default__BP_Player_Controller_C Function /Game/Core/BP_Controller/BP_Player_Controller.BP_Player_Controller_C:ExecuteUbergraph_BP_Player_Controller
[2019.05.01-09.05.19:332][519]LogLoad: Game class is 'BP_Tiny_World_Gamemode_C'
[2019.05.01-09.05.19:361][519]LogWorld: Bringing World /Game/Levels/UEDPIE_0_MenuGame.MenuGame up for play (max tick rate 0) at 2019.05.01-10.05.19
[2019.05.01-09.05.19:376][519]LogWorld: Bringing up level for play took: 0.015721
[2019.05.01-09.05.19:435][519]LogContentBrowser: Native class hierarchy updated for 'MovieSceneCapture' in 0.0003 seconds. Added 11 classes and 0 folders.
[2019.05.01-09.05.19:553][519]PIE: Error: SetInputMode_GameAndUI expects a valid player controller as 'PlayerController' target
[2019.05.01-09.05.19:571][519]PIE: Play in editor start time for /Game/Levels/UEDPIE_0_MenuGame 0.447
[2019.05.01-09.05.19:571][519]LogBlueprintUserMessages: Late PlayInEditor Detection: Level '/Game/Levels/MenuGame.MenuGame:PersistentLevel' has LevelScriptBlueprint '/Game/Levels/MenuGame.MenuGame:PersistentLevel.MenuGame' with GeneratedClass '/Game/Levels/MenuGame.MenuGame_C' with ClassGeneratedBy '/Game/Levels/MenuGame.MenuGame:PersistentLevel.MenuGame'
[2019.05.01-09.05.29:567][665]LogBlueprintUserMessages: Early EndPlayMap Detection: Level '/Game/Levels/MenuGame.MenuGame:PersistentLevel' has LevelScriptBlueprint '/Game/Levels/MenuGame.MenuGame:PersistentLevel.MenuGame' with GeneratedClass '/Game/Levels/MenuGame.MenuGame_C' with ClassGeneratedBy '/Game/Levels/MenuGame.MenuGame:PersistentLevel.MenuGame'
[2019.05.01-09.05.29:755][665]LogBlueprintUserMessages: Late EndPlayMap Detection: Level '/Game/Levels/MenuGame.MenuGame:PersistentLevel' has LevelScriptBlueprint '/Game/Levels/MenuGame.MenuGame:PersistentLevel.MenuGame' with GeneratedClass '/Game/Levels/MenuGame.MenuGame_C' with ClassGeneratedBy '/Game/Levels/MenuGame.MenuGame:PersistentLevel.MenuGame'
[2019.05.01-09.05.29:765][665]LogUObjectGlobals: Destroyed PersistentFrame Addr=0x0000024e471b6ce0, Size=28
[2019.05.01-09.05.29:765][665]LogUObjectGlobals: Destroyed PersistentFrame Addr=0x0000024e4b32d800, Size=288
[2019.05.01-09.05.30:662][763]LogTemp: Repeating last play command: Selected Viewport
[2019.05.01-09.05.30:678][763]LogBlueprintUserMessages: Early PlayInEditor Detection: Level '/Game/Levels/MenuGame.MenuGame:PersistentLevel' has LevelScriptBlueprint '/Game/Levels/MenuGame.MenuGame:PersistentLevel.MenuGame' with GeneratedClass '/Game/Levels/MenuGame.MenuGame_C' with ClassGeneratedBy '/Game/Levels/MenuGame.MenuGame:PersistentLevel.MenuGame'
[2019.05.01-09.05.30:678][763]LogPlayLevel: PlayLevel: No blueprints needed recompiling
[2019.05.01-09.05.30:678][763]PIE: New page: PIE session: MenuGame (1 May 2019 11:05:30)
[2019.05.01-09.05.30:678][763]LogPlayLevel: Creating play world package: /Game/Levels/UEDPIE_0_MenuGame
[2019.05.01-09.05.30:682][763]LogPlayLevel: PIE: StaticDuplicateObject took: (0.004069s)
[2019.05.01-09.05.30:683][763]LogAIModule: Creating AISystem for world MenuGame
[2019.05.01-09.05.30:683][763]LogPlayLevel: PIE: World Init took: (0.000635s)
[2019.05.01-09.05.30:683][763]LogPlayLevel: PIE: Created PIE world by copying editor world from /Game/Levels/MenuGame.MenuGame to /Game/Levels/UEDPIE_0_MenuGame.MenuGame (0.004816s)
[2019.05.01-09.05.30:721][763]LogInit: XAudio2 using 'Headphones (High Definition Audio Device)' : 2 channels at 48 kHz using 16 bits per sample (channel mask 0x3)
[2019.05.01-09.05.30:726][763]LogInit: FAudioDevice initialized.
[2019.05.01-09.05.30:755][763]LogLoad: Game class is 'BP_Tiny_World_Gamemode_C'
[2019.05.01-09.05.30:757][763]LogWorld: Bringing World /Game/Levels/UEDPIE_0_MenuGame.MenuGame up for play (max tick rate 0) at 2019.05.01-10.05.30
[2019.05.01-09.05.30:757][763]LogWorld: Bringing up level for play took: 0.000757
[2019.05.01-09.05.30:758][763]PIE: Error: SetInputMode_GameAndUI expects a valid player controller as 'PlayerController' target
[2019.05.01-09.05.30:758][763]PIE: Play in editor start time for /Game/Levels/UEDPIE_0_MenuGame -0.365
[2019.05.01-09.05.30:758][763]LogBlueprintUserMessages: Late PlayInEditor Detection: Level '/Game/Levels/MenuGame.MenuGame:PersistentLevel' has LevelScriptBlueprint '/Game/Levels/MenuGame.MenuGame:PersistentLevel.MenuGame' with GeneratedClass '/Game/Levels/MenuGame.MenuGame_C' with ClassGeneratedBy '/Game/Levels/MenuGame.MenuGame:PersistentLevel.MenuGame'
[2019.05.01-09.05.32:355][944]LogSlate: FSceneViewport::OnFocusLost() reason 0
[2019.05.01-09.05.32:426][951]LogNet: Browse: /Game/Levels/StartGame
[2019.05.01-09.05.32:427][951]LogLoad: LoadMap: /Game/Levels/StartGame
[2019.05.01-09.05.32:598][951]LogUObjectGlobals: Created PersistentFrame Addr=0x0000024e4b3d4500, Size=256, Default__BP_Spline_Anim_C Function /Game/Core/BP_Controller/BP_Spline_Anim.BP_Spline_Anim_C:ExecuteUbergraph_BP_Spline_Anim
[2019.05.01-09.05.32:601][951]LogUObjectGlobals: Destroyed PersistentFrame Addr=0x0000024e4b3d4500, Size=256
[2019.05.01-09.05.32:601][951]LogUObjectGlobals: Created PersistentFrame Addr=0x0000024e4b3d4500, Size=256, Default__BP_Spline_Anim_C Function /Engine/Transient.REINST_BP_Spline_Anim_C_18:ExecuteUbergraph_BP_Spline_Anim
[2019.05.01-09.05.32:603][951]LogUObjectGlobals: Created PersistentFrame Addr=0x0000024e1ebec200, Size=256, Default__BP_Spline_Anim_C Function /Game/Core/BP_Controller/BP_Spline_Anim.BP_Spline_Anim_C:ExecuteUbergraph_BP_Spline_Anim
[2019.05.01-09.05.32:749][951]LogUObjectGlobals: Created PersistentFrame Addr=0x0000024e1ebba010, Size=16, Default__StartGame_C Function /Game/Levels/StartGame.StartGame_C:ExecuteUbergraph_StartGame
[2019.05.01-09.05.32:752][951]LogUObjectGlobals: Destroyed PersistentFrame Addr=0x0000024e1ebba010, Size=16
[2019.05.01-09.05.32:752][951]LogUObjectGlobals: Created PersistentFrame Addr=0x0000024e1ebba010, Size=16, Default__StartGame_C Function /Engine/Transient.REINST_StartGame_C_20:ExecuteUbergraph_StartGame
[2019.05.01-09.05.32:753][951]LogUObjectGlobals: Created PersistentFrame Addr=0x0000024e1ebbb080, Size=16, Default__StartGame_C Function /Game/Levels/StartGame.StartGame_C:ExecuteUbergraph_StartGame
[2019.05.01-09.05.33:523][951]LogAIModule: Creating AISystem for world StartGame
[2019.05.01-09.05.33:523][951]LogLoad: Game class is 'BP_Tiny_World_Gamemode_C'
[2019.05.01-09.05.33:526][951]LogWorld: Bringing World /Game/Levels/UEDPIE_0_StartGame.StartGame up for play (max tick rate 0) at 2019.05.01-10.05.33
[2019.05.01-09.05.33:526][951]LogWorld: Bringing up level for play took: 0.001697
[2019.05.01-09.05.33:526][951]LogGameMode: FindPlayerStart: PATHS NOT DEFINED or NO PLAYERSTART with positive rating
[2019.05.01-09.05.33:565][951]LogSpawn: Warning: SpawnActor failed because of collision at the spawn location [X=0.000 Y=0.000 Z=0.000] for [BP_Cue_Ball_01_C]
[2019.05.01-09.05.33:565][951]LogGameMode: Warning: SpawnDefaultPawnAtTransform: Couldn't spawn Pawn of type BP_Cue_Ball_01_C at Rotation: Pitch 0.000000 Yaw 0.000000 Roll 0.000000
Translation: 0.000000 0.000000 0.000000
Scale3D: 1.000000 1.000000 1.000000

[2019.05.01-09.05.33:583][951]LogLoad: Took 1.155695 seconds to LoadMap(/Game/Levels/StartGame)
[2019.05.01-09.05.38:206][504]LogNet: Browse: /Game/Levels/CoreGame
[2019.05.01-09.05.38:206][504]LogLoad: LoadMap: /Game/Levels/CoreGame
[2019.05.01-09.05.38:215][504]LogUObjectGlobals: Destroyed PersistentFrame Addr=0x0000024e1ebbb080, Size=16
[2019.05.01-09.05.38:215][504]LogUObjectGlobals: Destroyed PersistentFrame Addr=0x0000024e1ebba010, Size=16
[2019.05.01-09.05.38:216][504]LogUObjectGlobals: Destroyed PersistentFrame Addr=0x0000024e4b3d4500, Size=256
[2019.05.01-09.05.38:333][504]LogUObjectGlobals: Created PersistentFrame Addr=0x0000024e1eb0c800, Size=432, Default__BP_Planet_Fire_01_C Function /Game/Core/BP_Planets/BP_Planet_Fire_01.BP_Planet_Fire_01_C:ExecuteUbergraph_BP_Planet_Fire_01
[2019.05.01-09.05.38:334][504]LogUObjectGlobals: Created PersistentFrame Addr=0x0000024e4b2f2600, Size=480, Default__BP_Planet_Ice_01_C Function /Game/Core/BP_Planets/BP_Planet_Ice_01.BP_Planet_Ice_01_C:ExecuteUbergraph_BP_Planet_Ice_01
[2019.05.01-09.05.38:609][504]LogUObjectGlobals: Created PersistentFrame Addr=0x0000024e14231580, Size=296, Default__BP_Planet_Rock_01_C Function /Game/Core/BP_Planets/BP_Planet_Rock_01.BP_Planet_Rock_01_C:ExecuteUbergraph_BP_Planet_Rock_01
[2019.05.01-09.05.38:619][504]LogUObjectGlobals: Destroyed PersistentFrame Addr=0x0000024e1eb0c800, Size=432
[2019.05.01-09.05.38:619][504]LogUObjectGlobals: Created PersistentFrame Addr=0x0000024e151f1b40, Size=432, Default__BP_Planet_Fire_01_C Function /Engine/Transient.REINST_BP_Planet_Fire_01_C_22:ExecuteUbergraph_BP_Planet_Fire_01
[2019.05.01-09.05.38:620][504]LogUObjectGlobals: Destroyed PersistentFrame Addr=0x0000024e4b2f2600, Size=480
[2019.05.01-09.05.38:620][504]LogUObjectGlobals: Created PersistentFrame Addr=0x0000024e1898a400, Size=480, Default__BP_Planet_Ice_01_C Function /Engine/Transient.REINST_BP_Planet_Ice_01_C_23:ExecuteUbergraph_BP_Planet_Ice_01
[2019.05.01-09.05.38:620][504]LogUObjectGlobals: Destroyed PersistentFrame Addr=0x0000024e14231580, Size=296
[2019.05.01-09.05.38:620][504]LogUObjectGlobals: Created PersistentFrame Addr=0x0000024e14231580, Size=296, Default__BP_Planet_Rock_01_C Function /Engine/Transient.REINST_BP_Planet_Rock_01_C_24:ExecuteUbergraph_BP_Planet_Rock_01
[2019.05.01-09.05.38:628][504]LogUObjectGlobals: Created PersistentFrame Addr=0x0000024e4b784640, Size=432, Default__BP_Planet_Fire_01_C Function /Game/Core/BP_Planets/BP_Planet_Fire_01.BP_Planet_Fire_01_C:ExecuteUbergraph_BP_Planet_Fire_01
[2019.05.01-09.05.38:629][504]LogUObjectGlobals: Created PersistentFrame Addr=0x0000024e1898bc00, Size=480, Default__BP_Planet_Ice_01_C Function /Game/Core/BP_Planets/BP_Planet_Ice_01.BP_Planet_Ice_01_C:ExecuteUbergraph_BP_Planet_Ice_01
[2019.05.01-09.05.38:630][504]LogUObjectGlobals: Created PersistentFrame Addr=0x0000024e14e1d580, Size=296, Default__BP_Planet_Rock_01_C Function /Game/Core/BP_Planets/BP_Planet_Rock_01.BP_Planet_Rock_01_C:ExecuteUbergraph_BP_Planet_Rock_01
[2019.05.01-09.05.38:674][504]LogUObjectGlobals: Created PersistentFrame Addr=0x0000024e14e1da80, Size=272, Default__Bp_testSun_C Function /Game/Core/BP_Planets/Bp_testSun.Bp_testSun_C:ExecuteUbergraph_Bp_testSun
[2019.05.01-09.05.38:676][504]LogUObjectGlobals: Destroyed PersistentFrame Addr=0x0000024e14e1da80, Size=272
[2019.05.01-09.05.38:676][504]LogUObjectGlobals: Created PersistentFrame Addr=0x0000024e14e1da80, Size=272, Default__Bp_testSun_C Function /Engine/Transient.REINST_Bp_testSun_C_28:ExecuteUbergraph_Bp_testSun
[2019.05.01-09.05.38:678][504]LogUObjectGlobals: Created PersistentFrame Addr=0x0000024e14e1d1c0, Size=272, Default__Bp_testSun_C Function /Game/Core/BP_Planets/Bp_testSun.Bp_testSun_C:ExecuteUbergraph_Bp_testSun
[2019.05.01-09.05.38:788][504]LogUObjectGlobals: Created PersistentFrame Addr=0x0000024e4b23d130, Size=104, Default__HUD_score_C Function /Game/HUD_score.HUD_score_C:ExecuteUbergraph_HUD_score
[2019.05.01-09.05.38:791][504]LogUObjectGlobals: Destroyed PersistentFrame Addr=0x0000024e4b23d130, Size=104
[2019.05.01-09.05.38:791][504]LogUObjectGlobals: Created PersistentFrame Addr=0x0000024e4b23d130, Size=104, Default__HUD_score_C Function /Engine/Transient.REINST_HUD_score_C_1:ExecuteUbergraph_HUD_score
[2019.05.01-09.05.38:793][504]LogUObjectGlobals: Created PersistentFrame Addr=0x0000024e4b23ccd0, Size=104, Default__HUD_score_C Function /Game/HUD_score.HUD_score_C:ExecuteUbergraph_HUD_score
[2019.05.01-09.05.38:796][504]LogUObjectGlobals: Created PersistentFrame Addr=0x0000024e1ebc7df0, Size=24, Default__CoreGame_C Function /Game/Levels/CoreGame.CoreGame_C:ExecuteUbergraph_CoreGame
[2019.05.01-09.05.38:797][504]LogUObjectGlobals: Destroyed PersistentFrame Addr=0x0000024e1ebc7df0, Size=24
[2019.05.01-09.05.38:797][504]LogUObjectGlobals: Created PersistentFrame Addr=0x0000024e1ebc7df0, Size=24, Default__CoreGame_C Function /Engine/Transient.REINST_CoreGame_C_33:ExecuteUbergraph_CoreGame
[2019.05.01-09.05.38:798][504]LogUObjectGlobals: Created PersistentFrame Addr=0x0000024e1ebc61a0, Size=24, Default__CoreGame_C Function /Game/Levels/CoreGame.CoreGame_C:ExecuteUbergraph_CoreGame
[2019.05.01-09.05.39:000][504]LogSkeletalMesh: Skeletal Mesh found in DDC [11.566814ms] /Game/Art_Assets/Destructive_Mesh/DM_Planet_Ice_01.DM_Planet_Ice_01
[2019.05.01-09.05.39:042][504]LogSkeletalMesh: Skeletal Mesh found in DDC [9.369895ms] /Game/Art_Assets/Destructive_Mesh/DM_Planet_Rock_01.DM_Planet_Rock_01
[2019.05.01-09.05.39:059][504]LogAIModule: Creating AISystem for world CoreGame
[2019.05.01-09.05.39:059][504]LogLoad: Game class is 'BP_Tiny_World_Gamemode_C'
[2019.05.01-09.05.39:112][504]LogWorld: Bringing World /Game/Levels/UEDPIE_0_CoreGame.CoreGame up for play (max tick rate 0) at 2019.05.01-10.05.39
[2019.05.01-09.05.39:113][504]LogWorld: Bringing up level for play took: 0.052464
[2019.05.01-09.05.39:129][504]LogLoad: Took 0.922653 seconds to LoadMap(/Game/Levels/CoreGame)
[2019.05.01-09.05.44:847][169]LogBlueprintUserMessages: Early EndPlayMap Detection: Level '/Game/Levels/MenuGame.MenuGame:PersistentLevel' has LevelScriptBlueprint '/Game/Levels/MenuGame.MenuGame:PersistentLevel.MenuGame' with GeneratedClass '/Game/Levels/MenuGame.MenuGame_C' with ClassGeneratedBy '/Game/Levels/MenuGame.MenuGame:PersistentLevel.MenuGame'
[2019.05.01-09.05.44:880][169]LogBlueprintUserMessages: Late EndPlayMap Detection: Level '/Game/Levels/MenuGame.MenuGame:PersistentLevel' has LevelScriptBlueprint '/Game/Levels/MenuGame.MenuGame:PersistentLevel.MenuGame' with GeneratedClass '/Game/Levels/MenuGame.MenuGame_C' with ClassGeneratedBy '/Game/Levels/MenuGame.MenuGame:PersistentLevel.MenuGame'
[2019.05.01-09.05.44:891][169]LogUObjectGlobals: Destroyed PersistentFrame Addr=0x0000024e1898a400, Size=480
[2019.05.01-09.05.44:891][169]LogUObjectGlobals: Destroyed PersistentFrame Addr=0x0000024e151f1b40, Size=432
[2019.05.01-09.05.44:904][169]LogUObjectGlobals: Destroyed PersistentFrame Addr=0x0000024e14231580, Size=296
[2019.05.01-09.05.44:904][169]LogUObjectGlobals: Destroyed PersistentFrame Addr=0x0000024e14e1da80, Size=272
[2019.05.01-09.05.44:904][169]LogUObjectGlobals: Destroyed PersistentFrame Addr=0x0000024e4b23d130, Size=104
[2019.05.01-09.05.44:905][169]LogUObjectGlobals: Destroyed PersistentFrame Addr=0x0000024e1ebc7df0, Size=24
[2019.05.01-09.05.44:905][169]LogUObjectGlobals: Destroyed PersistentFrame Addr=0x0000024e1ebc61a0, Size=24
[2019.05.01-09.05.47:134][433]LogSlate: FSceneViewport::OnFocusLost() reason 0
[2019.05.01-09.05.50:249][794]LogSlate: Window 'Message Log' being destroyed
[2019.05.01-09.05.50:253][794]LogSlate: Window 'Message Log' being destroyed
[2019.05.01-09.05.51:590][943]LogSlate: FSceneViewport::OnFocusLost() reason 2
[2019.05.01-09.05.59:347][872]LogSlate: FSceneViewport::OnFocusLost() reason 2
[2019.05.01-09.05.59:382][875]LogSlate: FSceneViewport::OnFocusLost() reason 2
[2019.05.01-09.06.00:860][ 31]LogSlate: Window 'WhatsInTheBox - Unreal Editor' being destroyed
[2019.05.01-09.06.00:861][ 31]LogWindowsTextInputMethodSystem: Display: IME system now deactivated.
[2019.05.01-09.06.01:113][ 32]Cmd: QUIT_EDITOR
[2019.05.01-09.06.01:758][ 32]LogSlate: Slate User Destroyed.  User Index 0, Is Virtual User: 0
[2019.05.01-09.06.01:782][ 32]LogExit: Preparing to exit.
[2019.05.01-09.06.02:806][ 32]LogExit: Editor shut down
[2019.05.01-09.06.02:808][ 32]LogUObjectGlobals: Destroyed PersistentFrame Addr=0x0000024e2935ae00, Size=176
[2019.05.01-09.06.02:808][ 32]LogExit: Transaction tracking system shut down
[2019.05.01-09.06.02:808][ 32]LogUObjectGlobals: Destroyed PersistentFrame Addr=0x0000024e295971f0, Size=80
[2019.05.01-09.06.02:808][ 32]LogUObjectGlobals: Destroyed PersistentFrame Addr=0x0000024e293dbb10, Size=4
[2019.05.01-09.06.02:832][ 32]LogUObjectGlobals: Destroyed PersistentFrame Addr=0x0000024e0a85b670, Size=24
[2019.05.01-09.06.02:832][ 32]LogUObjectGlobals: Destroyed PersistentFrame Addr=0x0000024e471b61e0, Size=28
[2019.05.01-09.06.02:832][ 32]LogUObjectGlobals: Destroyed PersistentFrame Addr=0x0000024e1ebec200, Size=256
[2019.05.01-09.06.02:832][ 32]LogUObjectGlobals: Destroyed PersistentFrame Addr=0x0000024e38573740, Size=288
[2019.05.01-09.06.02:832][ 32]LogUObjectGlobals: Destroyed PersistentFrame Addr=0x0000024e4b784640, Size=432
[2019.05.01-09.06.02:832][ 32]LogUObjectGlobals: Destroyed PersistentFrame Addr=0x0000024e1898bc00, Size=480
[2019.05.01-09.06.02:832][ 32]LogUObjectGlobals: Destroyed PersistentFrame Addr=0x0000024e14e1d580, Size=296
[2019.05.01-09.06.02:832][ 32]LogUObjectGlobals: Destroyed PersistentFrame Addr=0x0000024e14e1d1c0, Size=272
[2019.05.01-09.06.02:832][ 32]LogUObjectGlobals: Destroyed PersistentFrame Addr=0x0000024e4b23ccd0, Size=104
[2019.05.01-09.06.03:043][ 32]LogDirectoryWatcher: A directory notification for '../../../Engine/Content/' was aborted.
[2019.05.01-09.06.03:043][ 32]LogDirectoryWatcher: A directory notification for 'J:/1.This one/WhatsInTheBox/Content/' was aborted.
[2019.05.01-09.06.03:043][ 32]LogDirectoryWatcher: A directory notification for '../../Plugins/2D/Paper2D/Content/' was aborted.
[2019.05.01-09.06.03:043][ 32]LogDirectoryWatcher: A directory notification for '../../Plugins/Enterprise/DatasmithContent/Content/' was aborted.
[2019.05.01-09.06.03:043][ 32]LogDirectoryWatcher: A directory notification for '../../Plugins/Media/MediaCompositing/Content/' was aborted.
[2019.05.01-09.06.03:044][ 32]LogDirectoryWatcher: A directory notification for '../../Plugins/Runtime/AppleARKit/Content/' was aborted.
[2019.05.01-09.06.03:044][ 32]LogDirectoryWatcher: A directory notification for '../../Plugins/Runtime/Oculus/OculusVR/Content/' was aborted.
[2019.05.01-09.06.03:044][ 32]LogDirectoryWatcher: A directory notification for '../../Plugins/Runtime/Steam/SteamVR/Content/' was aborted.
[2019.05.01-09.06.03:452][ 32]LogExit: Object subsystem successfully closed.
[2019.05.01-09.06.03:535][ 32]LogShaderCompilers: Display: Shaders left to compile 0
[2019.05.01-09.06.03:539][ 32]LogD3D11RHI: Shutdown
[2019.05.01-09.06.03:539][ 32]LogD3D11RHI: CleanupD3DDevice
[2019.05.01-09.06.03:540][ 32]LogD3D11RHI: ~FD3D11DynamicRHI
[2019.05.01-09.06.03:751][ 32]LogModuleManager: Shutting down and abandoning module MovieSceneCapture (580)
[2019.05.01-09.06.03:751][ 32]LogModuleManager: Shutting down and abandoning module HierarchicalLODOutliner (578)
[2019.05.01-09.06.03:751][ 32]LogModuleManager: Shutting down and abandoning module AddContentDialog (576)
[2019.05.01-09.06.03:758][ 32]LogDirectoryWatcher: A directory notification for 'D:/Unreal/UE_4.19/FeaturePacks/' was aborted.
[2019.05.01-09.06.03:759][ 32]LogModuleManager: Shutting down and abandoning module WidgetCarousel (575)
[2019.05.01-09.06.03:759][ 32]LogModuleManager: Shutting down and abandoning module EditorWidgets (572)
[2019.05.01-09.06.03:759][ 32]LogModuleManager: Shutting down and abandoning module CollectionManager (570)
[2019.05.01-09.06.03:759][ 32]LogDirectoryWatcher: A directory notification for 'J:/1.This one/WhatsInTheBox/Content/Collections/' was aborted.
[2019.05.01-09.06.03:759][ 32]LogDirectoryWatcher: A directory notification for 'J:/1.This one/WhatsInTheBox/Content/Developers/James/Collections/' was aborted.
[2019.05.01-09.06.03:759][ 32]LogDirectoryWatcher: A directory notification for 'J:/1.This one/WhatsInTheBox/Saved/Collections/' was aborted.
[2019.05.01-09.06.03:759][ 32]LogModuleManager: Shutting down and abandoning module SceneOutliner (568)
[2019.05.01-09.06.03:759][ 32]LogModuleManager: Shutting down and abandoning module StatsViewer (566)
[2019.05.01-09.06.03:759][ 32]LogModuleManager: Shutting down and abandoning module FoliageEdit (564)
[2019.05.01-09.06.03:759][ 32]LogModuleManager: Shutting down and abandoning module LandscapeEditor (562)
[2019.05.01-09.06.03:771][ 32]LogModuleManager: Shutting down and abandoning module MeshPaintMode (560)
[2019.05.01-09.06.03:771][ 32]LogModuleManager: Shutting down and abandoning module SceneDepthPickerMode (558)
[2019.05.01-09.06.03:772][ 32]LogModuleManager: Shutting down and abandoning module ActorPickerMode (556)
[2019.05.01-09.06.03:772][ 32]LogModuleManager: Shutting down and abandoning module GeometryMode (554)
[2019.05.01-09.06.03:772][ 32]LogModuleManager: Shutting down and abandoning module TextureAlignMode (552)
[2019.05.01-09.06.03:772][ 32]LogModuleManager: Shutting down and abandoning module BspMode (550)
[2019.05.01-09.06.03:772][ 32]LogModuleManager: Shutting down and abandoning module PIEPreviewDeviceProfileSelector (548)
[2019.05.01-09.06.03:772][ 32]LogModuleManager: Shutting down and abandoning module HardwareSurvey (546)
[2019.05.01-09.06.03:772][ 32]LogModuleManager: Shutting down and abandoning module SequenceRecorderSections (544)
[2019.05.01-09.06.03:772][ 32]LogModuleManager: Shutting down and abandoning module AutomationWorker (542)
[2019.05.01-09.06.03:772][ 32]LogModuleManager: Shutting down and abandoning module AudioCaptureEditor (540)
[2019.05.01-09.06.03:772][ 32]LogModuleManager: Shutting down and abandoning module SequenceRecorder (539)
[2019.05.01-09.06.03:772][ 32]LogModuleManager: Shutting down and abandoning module MatineeToLevelSequence (536)
[2019.05.01-09.06.03:772][ 32]LogModuleManager: Shutting down and abandoning module LevelSequenceEditor (534)
[2019.05.01-09.06.03:787][ 32]LogModuleManager: Shutting down and abandoning module PlacementMode (533)
[2019.05.01-09.06.03:787][ 32]LogModuleManager: Shutting down and abandoning module MaterialEditor (532)
[2019.05.01-09.06.03:814][ 32]LogModuleManager: Shutting down and abandoning module WmfMediaFactory (528)
[2019.05.01-09.06.03:814][ 32]LogModuleManager: Shutting down and abandoning module WmfMediaEditor (526)
[2019.05.01-09.06.03:814][ 32]LogModuleManager: Shutting down and abandoning module MediaPlayerEditor (524)
[2019.05.01-09.06.03:814][ 32]LogModuleManager: Shutting down and abandoning module OpenExrWrapper (522)
[2019.05.01-09.06.03:814][ 32]LogModuleManager: Shutting down and abandoning module ImgMediaFactory (520)
[2019.05.01-09.06.03:814][ 32]LogModuleManager: Shutting down and abandoning module ImgMediaEditor (518)
[2019.05.01-09.06.03:814][ 32]LogModuleManager: Shutting down and abandoning module AvfMediaFactory (516)
[2019.05.01-09.06.03:814][ 32]LogModuleManager: Shutting down and abandoning module AvfMediaEditor (514)
[2019.05.01-09.06.03:814][ 32]LogModuleManager: Shutting down and abandoning module AndroidMediaFactory (512)
[2019.05.01-09.06.03:814][ 32]LogModuleManager: Shutting down and abandoning module AndroidMediaEditor (510)
[2019.05.01-09.06.03:814][ 32]LogModuleManager: Shutting down and abandoning module CharacterAI (508)
[2019.05.01-09.06.03:814][ 32]LogModuleManager: Shutting down and abandoning module SmartSnapping (506)
[2019.05.01-09.06.03:814][ 32]LogModuleManager: Shutting down and abandoning module SessionServices (504)
[2019.05.01-09.06.03:814][ 32]LogModuleManager: Shutting down and abandoning module ViewportSnapping (502)
[2019.05.01-09.06.03:814][ 32]LogModuleManager: Shutting down and abandoning module ViewportInteraction (500)
[2019.05.01-09.06.03:814][ 32]LogModuleManager: Shutting down and abandoning module ClothPainter (498)
[2019.05.01-09.06.03:814][ 32]LogModuleManager: Shutting down and abandoning module SkeletalMeshEditor (497)
[2019.05.01-09.06.03:826][ 32]LogModuleManager: Shutting down and abandoning module LogVisualizer (494)
[2019.05.01-09.06.03:827][ 32]LogModuleManager: Shutting down and abandoning module IntroTutorials (492)
[2019.05.01-09.06.03:827][ 32]LogModuleManager: Shutting down and abandoning module GameProjectGeneration (491)
[2019.05.01-09.06.03:845][ 32]LogModuleManager: Shutting down and abandoning module IOSPlatformEditor (488)
[2019.05.01-09.06.03:845][ 32]LogModuleManager: Shutting down and abandoning module HTML5PlatformEditor (486)
[2019.05.01-09.06.03:845][ 32]LogModuleManager: Shutting down and abandoning module AndroidPlatformEditor (484)
[2019.05.01-09.06.03:845][ 32]LogModuleManager: Shutting down and abandoning module AndroidDeviceDetection (483)
[2019.05.01-09.06.04:556][ 32]LogModuleManager: Shutting down and abandoning module WindowsPlatformEditor (480)
[2019.05.01-09.06.04:556][ 32]LogModuleManager: Shutting down and abandoning module IOSRuntimeSettings (478)
[2019.05.01-09.06.04:556][ 32]LogModuleManager: Shutting down and abandoning module AndroidRuntimeSettings (476)
[2019.05.01-09.06.04:556][ 32]LogModuleManager: Shutting down and abandoning module InputBindingEditor (474)
[2019.05.01-09.06.04:556][ 32]LogModuleManager: Shutting down and abandoning module MergeActors (472)
[2019.05.01-09.06.04:577][ 32]LogModuleManager: Shutting down and abandoning module LocalizationDashboard (470)
[2019.05.01-09.06.04:588][ 32]LogModuleManager: Shutting down and abandoning module LocalizationService (469)
[2019.05.01-09.06.04:588][ 32]LogModuleManager: Shutting down and abandoning module HardwareTargeting (466)
[2019.05.01-09.06.04:588][ 32]LogModuleManager: Shutting down and abandoning module DeviceProfileEditor (464)
[2019.05.01-09.06.04:588][ 32]LogModuleManager: Shutting down and abandoning module UndoHistory (462)
[2019.05.01-09.06.04:588][ 32]LogModuleManager: Shutting down and abandoning module XmlParser (460)
[2019.05.01-09.06.04:588][ 32]LogModuleManager: Shutting down and abandoning module Blutility (458)
[2019.05.01-09.06.04:588][ 32]LogModuleManager: Shutting down and abandoning module ProjectSettingsViewer (456)
[2019.05.01-09.06.04:588][ 32]LogModuleManager: Shutting down and abandoning module ProjectTargetPlatformEditor (455)
[2019.05.01-09.06.04:589][ 32]LogModuleManager: Shutting down and abandoning module EditorSettingsViewer (452)
[2019.05.01-09.06.04:589][ 32]LogModuleManager: Shutting down and abandoning module SettingsEditor (450)
[2019.05.01-09.06.04:621][ 32]LogModuleManager: Shutting down and abandoning module ProjectLauncher (448)
[2019.05.01-09.06.04:630][ 32]LogModuleManager: Shutting down and abandoning module SessionFrontend (446)
[2019.05.01-09.06.04:630][ 32]LogModuleManager: Shutting down and abandoning module ProfilerClient (444)
[2019.05.01-09.06.04:636][ 32]LogModuleManager: Shutting down and abandoning module DeviceManager (442)
[2019.05.01-09.06.04:636][ 32]LogModuleManager: Shutting down and abandoning module TargetDeviceServices (441)
[2019.05.01-09.06.04:702][ 32]LogModuleManager: Shutting down and abandoning module AutomationController (438)
[2019.05.01-09.06.04:702][ 32]LogModuleManager: Shutting down and abandoning module AutomationWindow (436)
[2019.05.01-09.06.04:718][ 32]LogModuleManager: Shutting down and abandoning module Layers (434)
[2019.05.01-09.06.04:733][ 32]LogModuleManager: Shutting down and abandoning module ComponentVisualizers (432)
[2019.05.01-09.06.04:733][ 32]LogModuleManager: Shutting down and abandoning module DetailCustomizations (430)
[2019.05.01-09.06.04:733][ 32]LogModuleManager: Shutting down and abandoning module PackagesDialog (428)
[2019.05.01-09.06.04:750][ 32]LogModuleManager: Shutting down and abandoning module Persona (426)
[2019.05.01-09.06.04:761][ 32]LogModuleManager: Shutting down and abandoning module AdvancedPreviewScene (425)
[2019.05.01-09.06.04:761][ 32]LogModuleManager: Shutting down and abandoning module AnimGraph (423)
[2019.05.01-09.06.04:761][ 32]LogModuleManager: Shutting down and abandoning module Kismet (420)
[2019.05.01-09.06.04:762][ 32]LogModuleManager: Shutting down and abandoning module GraphEditor (418)
[2019.05.01-09.06.04:804][ 32]LogModuleManager: Shutting down and abandoning module ClassViewer (416)
[2019.05.01-09.06.04:804][ 32]LogModuleManager: Shutting down and abandoning module Toolbox (414)
[2019.05.01-09.06.04:804][ 32]LogModuleManager: Shutting down and abandoning module ModuleUI (412)
[2019.05.01-09.06.04:818][ 32]LogModuleManager: Shutting down and abandoning module MovieSceneTools (410)
[2019.05.01-09.06.04:818][ 32]LogModuleManager: Shutting down and abandoning module OutputLog (408)
[2019.05.01-09.06.04:826][ 32]LogModuleManager: Shutting down and abandoning module GammaUI (406)
[2019.05.01-09.06.04:826][ 32]LogModuleManager: Shutting down and abandoning module Documentation (404)
[2019.05.01-09.06.04:826][ 32]LogModuleManager: Shutting down and abandoning module MovieSceneTracks (402)
[2019.05.01-09.06.04:830][ 32]LogModuleManager: Shutting down and abandoning module MovieScene (400)
[2019.05.01-09.06.04:830][ 32]LogModuleManager: Shutting down and abandoning module StreamingPauseRendering (398)
[2019.05.01-09.06.04:830][ 32]LogModuleManager: Shutting down and abandoning module LauncherPlatform (396)
[2019.05.01-09.06.04:830][ 32]LogModuleManager: Shutting down and abandoning module AnalyticsET (394)
[2019.05.01-09.06.04:830][ 32]LogModuleManager: Shutting down and abandoning module PortalServices (392)
[2019.05.01-09.06.04:830][ 32]LogModuleManager: Shutting down and abandoning module PortalRpc (390)
[2019.05.01-09.06.04:830][ 32]LogModuleManager: Shutting down and abandoning module MessagingRpc (388)
[2019.05.01-09.06.04:830][ 32]LogModuleManager: Shutting down and abandoning module AIModule (386)
[2019.05.01-09.06.04:830][ 32]LogModuleManager: Shutting down and abandoning module GameplayDebugger (385)
[2019.05.01-09.06.04:830][ 32]LogModuleManager: Shutting down and abandoning module AITestSuite (383)
[2019.05.01-09.06.04:830][ 32]LogModuleManager: Shutting down and abandoning module DesktopPlatform (380)
[2019.05.01-09.06.04:830][ 32]LogModuleManager: Shutting down and abandoning module ProfilerService (378)
[2019.05.01-09.06.04:996][ 32]LogModuleManager: Shutting down and abandoning module TaskGraph (376)
[2019.05.01-09.06.04:996][ 32]LogModuleManager: Shutting down and abandoning module SteamVRController (374)
[2019.05.01-09.06.04:996][ 32]LogModuleManager: Shutting down and abandoning module ProceduralMeshComponentEditor (372)
[2019.05.01-09.06.04:996][ 32]LogModuleManager: Shutting down and abandoning module ProceduralMeshComponent (370)
[2019.05.01-09.06.04:996][ 32]LogModuleManager: Shutting down and abandoning module OculusInput (368)
[2019.05.01-09.06.04:996][ 32]LogModuleManager: Shutting down and abandoning module MobilePatchingUtils (366)
[2019.05.01-09.06.04:996][ 32]LogModuleManager: Shutting down and abandoning module CustomMeshComponent (364)
[2019.05.01-09.06.04:996][ 32]LogModuleManager: Shutting down and abandoning module CableComponent (362)
[2019.05.01-09.06.04:996][ 32]LogModuleManager: Shutting down and abandoning module AudioCapture (360)
[2019.05.01-09.06.04:996][ 32]LogModuleManager: Shutting down and abandoning module ArchVisCharacter (358)
[2019.05.01-09.06.04:996][ 32]LogModuleManager: Shutting down and abandoning module AndroidPermission (356)
[2019.05.01-09.06.04:996][ 32]LogModuleManager: Shutting down and abandoning module NUTUnrealEngine4 (352)
[2019.05.01-09.06.04:996][ 32]LogModuleManager: Shutting down and abandoning module NetcodeUnitTest (350)
[2019.05.01-09.06.04:996][ 32]LogModuleManager: Shutting down and abandoning module MediaCompositingEditor (348)
[2019.05.01-09.06.04:996][ 32]LogModuleManager: Shutting down and abandoning module MediaCompositing (346)
[2019.05.01-09.06.04:997][ 32]LogModuleManager: Shutting down and abandoning module LinearTimecode (344)
[2019.05.01-09.06.04:997][ 32]LogModuleManager: Shutting down and abandoning module ImgMedia (342)
[2019.05.01-09.06.05:000][ 32]LogModuleManager: Shutting down and abandoning module HTML5Networking (340)
[2019.05.01-09.06.05:000][ 32]LogModuleManager: Shutting down and abandoning module AlembicImporter (338)
[2019.05.01-09.06.05:000][ 32]LogModuleManager: Shutting down and abandoning module AlembicLibrary (337)
[2019.05.01-09.06.05:000][ 32]LogModuleManager: Shutting down and abandoning module GeometryCache (336)
[2019.05.01-09.06.05:000][ 32]LogModuleManager: Shutting down and abandoning module GeometryCacheEd (335)
[2019.05.01-09.06.05:000][ 32]LogModuleManager: Shutting down and abandoning module DatasmithContent (330)
[2019.05.01-09.06.05:000][ 32]LogModuleManager: Shutting down and abandoning module SpeedTreeImporter (328)
[2019.05.01-09.06.05:000][ 32]LogModuleManager: Shutting down and abandoning module PluginBrowser (326)
[2019.05.01-09.06.05:000][ 32]LogModuleManager: Shutting down and abandoning module MobileLauncherProfileWizard (324)
[2019.05.01-09.06.05:000][ 32]LogModuleManager: Shutting down and abandoning module CryptoKeysOpenSSL (322)
[2019.05.01-09.06.05:000][ 32]LogModuleManager: Shutting down and abandoning module CryptoKeys (320)
[2019.05.01-09.06.05:000][ 32]LogModuleManager: Shutting down and abandoning module VisualStudioSourceCodeAccess (318)
[2019.05.01-09.06.05:000][ 32]LogModuleManager: Shutting down and abandoning module VisualStudioCodeSourceCodeAccess (316)
[2019.05.01-09.06.05:000][ 32]LogModuleManager: Shutting down and abandoning module UObjectPlugin (314)
[2019.05.01-09.06.05:000][ 32]LogModuleManager: Shutting down and abandoning module SubversionSourceControl (312)
[2019.05.01-09.06.05:000][ 32]LogModuleManager: Shutting down and abandoning module PerforceSourceControl (310)
[2019.05.01-09.06.05:000][ 32]LogModuleManager: Shutting down and abandoning module GitSourceControl (308)
[2019.05.01-09.06.05:000][ 32]LogModuleManager: Shutting down and abandoning module SourceControl (307)
[2019.05.01-09.06.05:000][ 32]LogModuleManager: Shutting down and abandoning module CLionSourceCodeAccess (304)
[2019.05.01-09.06.05:000][ 32]LogModuleManager: Shutting down and abandoning module LightPropagationVolumeEditor (302)
[2019.05.01-09.06.05:000][ 32]LogModuleManager: Shutting down and abandoning module PaperTiledImporter (300)
[2019.05.01-09.06.05:001][ 32]LogModuleManager: Shutting down and abandoning module PaperSpriteSheetImporter (298)
[2019.05.01-09.06.05:001][ 32]LogModuleManager: Shutting down and abandoning module Paper2DEditor (296)
[2019.05.01-09.06.05:001][ 32]LogModuleManager: Shutting down and abandoning module MeshPaint (295)
[2019.05.01-09.06.05:001][ 32]LogModuleManager: Shutting down and abandoning module RuntimePhysXCooking (292)
[2019.05.01-09.06.05:001][ 32]LogModuleManager: Shutting down and abandoning module PhysXVehiclesEditor (290)
[2019.05.01-09.06.05:001][ 32]LogModuleManager: Shutting down and abandoning module PhysXVehicles (288)
[2019.05.01-09.06.05:001][ 32]LogModuleManager: Shutting down and abandoning module OculusEditor (286)
[2019.05.01-09.06.05:001][ 32]LogModuleManager: Shutting down and abandoning module LocationServicesBPLibrary (284)
[2019.05.01-09.06.05:001][ 32]LogModuleManager: Shutting down and abandoning module ImmediatePhysicsEditor (282)
[2019.05.01-09.06.05:001][ 32]LogModuleManager: Shutting down and abandoning module ImmediatePhysics (280)
[2019.05.01-09.06.05:001][ 32]LogModuleManager: Shutting down and abandoning module ApexDestructionEditor (278)
[2019.05.01-09.06.05:001][ 32]LogModuleManager: Shutting down and abandoning module ApexDestruction (276)
[2019.05.01-09.06.05:001][ 32]LogModuleManager: Shutting down and abandoning module ActorSequence (274)
[2019.05.01-09.06.05:001][ 32]LogModuleManager: Shutting down and abandoning module UdpMessaging (272)
[2019.05.01-09.06.05:102][ 32]LogModuleManager: Shutting down and abandoning module TcpMessaging (270)
[2019.05.01-09.06.05:202][ 32]LogModuleManager: Shutting down and abandoning module GameplayTagsEditor (268)
[2019.05.01-09.06.05:202][ 32]LogModuleManager: Shutting down and abandoning module FacialAnimationEditor (266)
[2019.05.01-09.06.05:202][ 32]LogModuleManager: Shutting down and abandoning module FacialAnimation (264)
[2019.05.01-09.06.05:202][ 32]LogModuleManager: Shutting down and abandoning module DataValidation (262)
[2019.05.01-09.06.05:202][ 32]LogModuleManager: Shutting down and abandoning module AssetManagerEditor (260)
[2019.05.01-09.06.05:202][ 32]LogModuleManager: Shutting down and abandoning module LevelEditor (259)
[2019.05.01-09.06.05:202][ 32]LogModuleManager: Shutting down and abandoning module PixelInspectorModule (258)
[2019.05.01-09.06.05:202][ 32]LogModuleManager: Shutting down and abandoning module CommonMenuExtensions (256)
[2019.05.01-09.06.05:203][ 32]LogModuleManager: Shutting down and abandoning module MainFrame (254)
[2019.05.01-09.06.05:203][ 32]LogModuleManager: Shutting down and abandoning module HotReload (253)
[2019.05.01-09.06.05:203][ 32]LogModuleManager: Shutting down and abandoning module ContentBrowser (249)
[2019.05.01-09.06.05:204][ 32]LogModuleManager: Shutting down and abandoning module TreeMap (247)
[2019.05.01-09.06.05:204][ 32]LogModuleManager: Shutting down and abandoning module LightPropagationVolumeRuntime (244)
[2019.05.01-09.06.05:204][ 32]LogModuleManager: Shutting down and abandoning module LiveLinkEditor (242)
[2019.05.01-09.06.05:204][ 32]LogModuleManager: Shutting down and abandoning module LiveLink (240)
[2019.05.01-09.06.05:950][ 32]LogModuleManager: Shutting down and abandoning module Paper2D (238)
[2019.05.01-09.06.05:950][ 32]LogModuleManager: Shutting down and abandoning module WindowsMoviePlayer (236)
[2019.05.01-09.06.05:950][ 32]LogModuleManager: Shutting down and abandoning module WmfMedia (234)
[2019.05.01-09.06.05:951][ 32]LogModuleManager: Shutting down and abandoning module Media (233)
[2019.05.01-09.06.05:957][ 32]LogModuleManager: Shutting down and abandoning module PacketHandler (230)
[2019.05.01-09.06.05:957][ 32]LogModuleManager: Shutting down and abandoning module ClothingSystemEditor (228)
[2019.05.01-09.06.05:957][ 32]LogModuleManager: Shutting down and abandoning module ClothingSystemRuntime (226)
[2019.05.01-09.06.05:968][ 32]LogModuleManager: Shutting down and abandoning module MediaAssets (224)
[2019.05.01-09.06.05:968][ 32]LogModuleManager: Shutting down and abandoning module Overlay (222)
[2019.05.01-09.06.05:968][ 32]LogModuleManager: Shutting down and abandoning module OverlayEditor (221)
[2019.05.01-09.06.05:968][ 32]LogModuleManager: Shutting down and abandoning module VREditor (218)
[2019.05.01-09.06.05:983][ 32]LogModuleManager: Shutting down and abandoning module StringTableEditor (216)
[2019.05.01-09.06.05:983][ 32]LogModuleManager: Shutting down and abandoning module GameplayTasksEditor (214)
[2019.05.01-09.06.05:983][ 32]LogModuleManager: Shutting down and abandoning module BehaviorTreeEditor (212)
[2019.05.01-09.06.06:003][ 32]LogModuleManager: Shutting down and abandoning module FunctionalTesting (210)
[2019.05.01-09.06.06:003][ 32]LogModuleManager: Shutting down and abandoning module CollisionAnalyzer (208)
[2019.05.01-09.06.06:003][ 32]LogModuleManager: Shutting down and abandoning module WorkspaceMenuStructure (207)
[2019.05.01-09.06.06:003][ 32]LogModuleManager: Shutting down and abandoning module UMG (204)
[2019.05.01-09.06.06:003][ 32]LogModuleManager: Shutting down and abandoning module UMGEditor (203)
[2019.05.01-09.06.06:024][ 32]LogModuleManager: Shutting down and abandoning module Sequencer (202)
[2019.05.01-09.06.06:054][ 32]LogModuleManager: Shutting down and abandoning module MessageLog (199)
[2019.05.01-09.06.06:054][ 32]LogModuleManager: Shutting down and abandoning module SlateReflector (194)
[2019.05.01-09.06.06:078][ 32]LogModuleManager: Shutting down and abandoning module Slate (192)
[2019.05.01-09.06.06:078][ 32]LogModuleManager: Shutting down and abandoning module EditorStyle (190)
[2019.05.01-09.06.06:079][ 32]LogModuleManager: Shutting down and abandoning module MRMesh (188)
[2019.05.01-09.06.06:079][ 32]LogModuleManager: Shutting down and abandoning module SourceCodeAccess (186)
[2019.05.01-09.06.06:079][ 32]LogModuleManager: Shutting down and abandoning module HeadMountedDisplay (184)
[2019.05.01-09.06.06:079][ 32]LogModuleManager: Shutting down and abandoning module XAudio2 (182)
[2019.05.01-09.06.06:079][ 32]LogModuleManager: Shutting down and abandoning module Networking (180)
[2019.05.01-09.06.06:079][ 32]LogModuleManager: Shutting down and abandoning module Core (178)
[2019.05.01-09.06.06:079][ 32]LogModuleManager: Shutting down and abandoning module LevelSequence (176)
[2019.05.01-09.06.06:079][ 32]LogModuleManager: Shutting down and abandoning module KismetCompiler (174)
[2019.05.01-09.06.06:079][ 32]LogModuleManager: Shutting down and abandoning module MeshUtilities (172)
[2019.05.01-09.06.06:091][ 32]LogModuleManager: Shutting down and abandoning module MeshMergeUtilities (171)
[2019.05.01-09.06.06:098][ 32]LogModuleManager: Shutting down and abandoning module MeshReductionInterface (170)
[2019.05.01-09.06.06:098][ 32]LogModuleManager: Shutting down and abandoning module SimplygonSwarm (169)
[2019.05.01-09.06.06:098][ 32]LogModuleManager: Shutting down and abandoning module SimplygonMeshReduction (167)
[2019.05.01-09.06.06:098][ 32]LogModuleManager: Shutting down and abandoning module QuadricMeshReduction (165)
[2019.05.01-09.06.06:098][ 32]LogModuleManager: Shutting down and abandoning module MaterialBaking (161)
[2019.05.01-09.06.06:098][ 32]LogModuleManager: Shutting down and abandoning module DirectoryWatcher (157)
[2019.05.01-09.06.06:098][ 32]LogModuleManager: Shutting down and abandoning module DerivedDataCache (154)
[2019.05.01-09.06.06:223][ 32]LogDerivedDataCache: Shutdown
[2019.05.01-09.06.06:223][ 32]LogModuleManager: Shutting down and abandoning module XGEController (152)
[2019.05.01-09.06.06:223][ 32]LogXGEController: Cleaning working directory: C:/Users/James/AppData/Local/Temp/UnrealXGEWorkingDir/
[2019.05.01-09.06.06:223][ 32]LogModuleManager: Shutting down and abandoning module TargetPlatform (150)
[2019.05.01-09.06.06:223][ 32]LogModuleManager: Shutting down and abandoning module VulkanShaderFormat (149)
[2019.05.01-09.06.06:223][ 32]LogModuleManager: Shutting down and abandoning module ShaderFormatVectorVM (147)
[2019.05.01-09.06.06:234][ 32]LogModuleManager: Shutting down and abandoning module ShaderFormatOpenGL (145)
[2019.05.01-09.06.06:243][ 32]LogModuleManager: Shutting down and abandoning module ShaderFormatD3D (143)
[2019.05.01-09.06.06:243][ 32]LogModuleManager: Shutting down and abandoning module MetalShaderFormat (141)
[2019.05.01-09.06.06:243][ 32]LogModuleManager: Shutting down and abandoning module TextureFormatUncompressed (139)
[2019.05.01-09.06.06:243][ 32]LogModuleManager: Shutting down and abandoning module TextureFormatPVR (137)
[2019.05.01-09.06.06:243][ 32]LogModuleManager: Shutting down and abandoning module TextureFormatDXT (135)
[2019.05.01-09.06.06:243][ 32]LogModuleManager: Shutting down and abandoning module TextureFormatIntelISPCTexComp (133)
[2019.05.01-09.06.06:243][ 32]LogModuleManager: Shutting down and abandoning module TextureFormatASTC (131)
[2019.05.01-09.06.06:243][ 32]LogModuleManager: Shutting down and abandoning module ImageWrapper (130)
[2019.05.01-09.06.06:243][ 32]LogModuleManager: Shutting down and abandoning module TextureFormatAndroid (127)
[2019.05.01-09.06.06:243][ 32]LogModuleManager: Shutting down and abandoning module AudioFormatOpus (125)
[2019.05.01-09.06.06:243][ 32]LogModuleManager: Shutting down and abandoning module AudioFormatOgg (123)
[2019.05.01-09.06.06:243][ 32]LogModuleManager: Shutting down and abandoning module AudioFormatADPCM (121)
[2019.05.01-09.06.06:243][ 32]LogModuleManager: Shutting down and abandoning module LinuxTargetPlatform (119)
[2019.05.01-09.06.06:243][ 32]LogModuleManager: Shutting down and abandoning module LinuxServerTargetPlatform (117)
[2019.05.01-09.06.06:243][ 32]LogModuleManager: Shutting down and abandoning module LinuxNoEditorTargetPlatform (115)
[2019.05.01-09.06.06:243][ 32]LogModuleManager: Shutting down and abandoning module LinuxClientTargetPlatform (113)
[2019.05.01-09.06.06:243][ 32]LogModuleManager: Shutting down and abandoning module TVOSTargetPlatform (111)
[2019.05.01-09.06.06:243][ 32]LogModuleManager: Shutting down and abandoning module Messaging (109)
[2019.05.01-09.06.06:243][ 32]LogModuleManager: Shutting down and abandoning module IOSTargetPlatform (107)
[2019.05.01-09.06.06:243][ 32]LogModuleManager: Shutting down and abandoning module HTML5TargetPlatform (105)
[2019.05.01-09.06.06:243][ 32]LogModuleManager: Shutting down and abandoning module AndroidTargetPlatform (103)
[2019.05.01-09.06.06:243][ 32]LogModuleManager: Shutting down and abandoning module Android_PVRTCTargetPlatform (101)
[2019.05.01-09.06.06:243][ 32]LogModuleManager: Shutting down and abandoning module Android_MultiTargetPlatform (99)
[2019.05.01-09.06.06:243][ 32]LogModuleManager: Shutting down and abandoning module Android_ETC2TargetPlatform (97)
[2019.05.01-09.06.06:243][ 32]LogModuleManager: Shutting down and abandoning module Android_ETC1TargetPlatform (95)
[2019.05.01-09.06.06:243][ 32]LogModuleManager: Shutting down and abandoning module Android_ETC1aTargetPlatform (93)
[2019.05.01-09.06.06:243][ 32]LogModuleManager: Shutting down and abandoning module Android_DXTTargetPlatform (91)
[2019.05.01-09.06.06:243][ 32]LogModuleManager: Shutting down and abandoning module Android_ATCTargetPlatform (89)
[2019.05.01-09.06.06:243][ 32]LogModuleManager: Shutting down and abandoning module Android_ASTCTargetPlatform (87)
[2019.05.01-09.06.06:243][ 32]LogModuleManager: Shutting down and abandoning module WindowsTargetPlatform (85)
[2019.05.01-09.06.06:243][ 32]LogModuleManager: Shutting down and abandoning module WindowsServerTargetPlatform (83)
[2019.05.01-09.06.06:243][ 32]LogModuleManager: Shutting down and abandoning module WindowsNoEditorTargetPlatform (81)
[2019.05.01-09.06.06:243][ 32]LogModuleManager: Shutting down and abandoning module WindowsClientTargetPlatform (79)
[2019.05.01-09.06.06:243][ 32]LogModuleManager: Shutting down and abandoning module MacTargetPlatform (77)
[2019.05.01-09.06.06:243][ 32]LogModuleManager: Shutting down and abandoning module MacServerTargetPlatform (75)
[2019.05.01-09.06.06:244][ 32]LogModuleManager: Shutting down and abandoning module MacNoEditorTargetPlatform (73)
[2019.05.01-09.06.06:244][ 32]LogModuleManager: Shutting down and abandoning module MacClientTargetPlatform (71)
[2019.05.01-09.06.06:244][ 32]LogModuleManager: Shutting down and abandoning module AllDesktopTargetPlatform (69)
[2019.05.01-09.06.06:244][ 32]LogModuleManager: Shutting down and abandoning module InputCore (66)
[2019.05.01-09.06.06:244][ 32]LogModuleManager: Shutting down and abandoning module Settings (64)
[2019.05.01-09.06.06:244][ 32]LogModuleManager: Shutting down and abandoning module PhysXCooking (62)
[2019.05.01-09.06.06:244][ 32]LogModuleManager: Shutting down and abandoning module SteamVR (60)
[2019.05.01-09.06.06:244][ 32]LogModuleManager: Shutting down and abandoning module OculusHMD (58)
[2019.05.01-09.06.06:244][ 32]LogModuleManager: Shutting down and abandoning module ExampleDeviceProfileSelector (56)
[2019.05.01-09.06.06:244][ 32]LogModuleManager: Shutting down and abandoning module AppleARKit (54)
[2019.05.01-09.06.06:244][ 32]LogModuleManager: Shutting down and abandoning module AugmentedReality (51)
[2019.05.01-09.06.06:244][ 32]LogModuleManager: Shutting down and abandoning module OnlineBlueprintSupport (48)
[2019.05.01-09.06.06:244][ 32]LogModuleManager: Shutting down and abandoning module OnlineSubsystem (44)
[2019.05.01-09.06.06:244][ 32]LogModuleManager: Shutting down and abandoning module XMPP (43)
[2019.05.01-09.06.06:251][ 32]LogModuleManager: Shutting down and abandoning module HTTP (41)
[2019.05.01-09.06.06:251][ 32]LogHttp: Display: Http module shutting down, but needs to wait on 1 outstanding Http requests:
[2019.05.01-09.06.06:251][ 32]LogHttp: Display: 	verb=[POST] url=[https://datarouter.ol.epicgames.com/datarouter/api/v1/public/data?SessionID=%7B5AF99FCF-45BB-E872-3F3E-5DAAE559D0BB%7D&AppID=UEEditor.Rocket.Release&AppVersion=4.19.2-4033788%2B%2B%2BUE4%2BRelease-4.19&UserID=b0614bba4446d6dd654a83bf73c3b879%7Cad51de5736204b87bbacb381d77489b5%7C47d915b6-06d7-43c2-ae29-bf402b2d1df1&AppEnvironment=datacollector-binary&UploadType=eteventstream] status=Processing
[2019.05.01-09.06.06:278][ 32]LogModuleManager: Shutting down and abandoning module SSL (40)
[2019.05.01-09.06.06:278][ 32]LogModuleManager: Shutting down and abandoning module AnimationModifiers (36)
[2019.05.01-09.06.06:285][ 32]LogModuleManager: Shutting down and abandoning module PropertyEditor (35)
[2019.05.01-09.06.06:298][ 32]LogModuleManager: Shutting down and abandoning module AudioEditor (32)
[2019.05.01-09.06.06:302][ 32]LogModuleManager: Shutting down and abandoning module TextureCompressor (30)
[2019.05.01-09.06.06:302][ 32]LogModuleManager: Shutting down and abandoning module ShaderCore (28)
[2019.05.01-09.06.06:302][ 32]LogModuleManager: Shutting down and abandoning module Landscape (26)
[2019.05.01-09.06.06:302][ 32]LogModuleManager: Shutting down and abandoning module SlateRHIRenderer (24)
[2019.05.01-09.06.06:307][ 32]LogModuleManager: Shutting down and abandoning module OpenGLDrv (22)
[2019.05.01-09.06.06:313][ 32]LogModuleManager: Shutting down and abandoning module D3D11RHI (20)
[2019.05.01-09.06.06:313][ 32]LogModuleManager: Shutting down and abandoning module AnimGraphRuntime (18)
[2019.05.01-09.06.06:313][ 32]LogModuleManager: Shutting down and abandoning module Renderer (16)
[2019.05.01-09.06.06:314][ 32]LogModuleManager: Shutting down and abandoning module Engine (14)
[2019.05.01-09.06.06:314][ 32]LogModuleManager: Shutting down and abandoning module CoreUObject (12)
[2019.05.01-09.06.06:314][ 32]LogModuleManager: Shutting down and abandoning module NetworkFile (10)
[2019.05.01-09.06.06:314][ 32]LogModuleManager: Shutting down and abandoning module CookedIterativeFile (8)
[2019.05.01-09.06.06:314][ 32]LogModuleManager: Shutting down and abandoning module StreamingFile (6)
[2019.05.01-09.06.06:314][ 32]LogModuleManager: Shutting down and abandoning module SandboxFile (4)
[2019.05.01-09.06.06:314][ 32]LogModuleManager: Shutting down and abandoning module PakFile (2)
[2019.05.01-09.06.06:330][ 32]LogExit: Exiting.
[2019.05.01-09.06.06:354][ 32]Log file closed, 05/01/19 10:06:06
